---------------------------------------------------------------
[ 2018-08-31T14:59:50+08:00 ] 127.0.0.1 GET /
[ info ] www.nyhr.com/ [运行时间：0.213149s][吞吐率：4.69req/s] [内存消耗：1,402.45kb] [文件加载：35]
[ info ] [ LANG ] F:\site\fw\thinkphp_5.0.20\thinkphp\lang\zh-cn.php
[ info ] [ ROUTE ] array (
  'type' => 'module',
  'module' => 
  array (
    0 => '',
    1 => NULL,
    2 => NULL,
  ),
)
[ info ] [ HEADER ] array (
  'host' => 'www.nyhr.com',
  'connection' => 'keep-alive',
  'upgrade-insecure-requests' => '1',
  'user-agent' => 'Mozilla/5.0 (Windows NT 10.0; WOW64) AppleWebKit/537.36 (KHTML, like Gecko) Chrome/63.0.3239.132 Safari/537.36',
  'accept' => 'text/html,application/xhtml+xml,application/xml;q=0.9,image/webp,image/apng,*/*;q=0.8',
  'accept-encoding' => 'gzip, deflate',
  'accept-language' => 'zh-CN,zh;q=0.9',
  'cookie' => 'pgv_pvi=6680044544',
)
[ info ] [ PARAM ] array (
)
[ info ] [ RUN ] app\index\controller\Index->index[ F:\site\nouya_rs\nyinside\index\controller\Index.php ]
[ info ] [ SESSION ] INIT array (
  'id' => '',
  'var_session_id' => '',
  'prefix' => 'think',
  'type' => '',
  'auto_start' => true,
)
[ info ] [ LOG ] INIT File
---------------------------------------------------------------
[ 2018-08-31T14:59:51+08:00 ] 127.0.0.1 GET /index/index/login_form/login_id/1535698790.html
[ info ] www.nyhr.com/index/index/login_form/login_id/1535698790.html [运行时间：0.113663s][吞吐率：8.80req/s] [内存消耗：1,384.36kb] [文件加载：34]
[ info ] [ LANG ] F:\site\fw\thinkphp_5.0.20\thinkphp\lang\zh-cn.php
[ info ] [ ROUTE ] array (
  'type' => 'module',
  'module' => 
  array (
    0 => 'index',
    1 => 'index',
    2 => 'login_form',
  ),
)
[ info ] [ HEADER ] array (
  'host' => 'www.nyhr.com',
  'connection' => 'keep-alive',
  'upgrade-insecure-requests' => '1',
  'user-agent' => 'Mozilla/5.0 (Windows NT 10.0; WOW64) AppleWebKit/537.36 (KHTML, like Gecko) Chrome/63.0.3239.132 Safari/537.36',
  'accept' => 'text/html,application/xhtml+xml,application/xml;q=0.9,image/webp,image/apng,*/*;q=0.8',
  'accept-encoding' => 'gzip, deflate',
  'accept-language' => 'zh-CN,zh;q=0.9',
  'cookie' => 'pgv_pvi=6680044544; PHPSESSID=bcvv1bcs6hepidi360d4m0ffa3',
)
[ info ] [ PARAM ] array (
  'login_id' => '1535698790',
)
[ info ] [ RUN ] app\index\controller\Index->login_form[ F:\site\nouya_rs\nyinside\index\controller\Index.php ]
[ info ] [ VIEW ] F:\site\nouya_rs\public/../nyinside/index\view\index\login.html [ array (
) ]
[ info ] [ LOG ] INIT File
---------------------------------------------------------------
[ 2018-08-31T14:59:54+08:00 ] 127.0.0.1 GET /index/index/logindo.html?mail=&password=
[ info ] www.nyhr.com/index/index/logindo.html?mail=&password= [运行时间：0.121223s][吞吐率：8.25req/s] [内存消耗：1,403.28kb] [文件加载：34]
[ info ] [ LANG ] F:\site\fw\thinkphp_5.0.20\thinkphp\lang\zh-cn.php
[ info ] [ ROUTE ] array (
  'type' => 'module',
  'module' => 
  array (
    0 => 'index',
    1 => 'index',
    2 => 'logindo',
  ),
)
[ info ] [ HEADER ] array (
  'host' => 'www.nyhr.com',
  'connection' => 'keep-alive',
  'accept' => 'application/json, text/javascript, */*; q=0.01',
  'x-requested-with' => 'XMLHttpRequest',
  'user-agent' => 'Mozilla/5.0 (Windows NT 10.0; WOW64) AppleWebKit/537.36 (KHTML, like Gecko) Chrome/63.0.3239.132 Safari/537.36',
  'referer' => 'http://www.nyhr.com/index/index/login_form/login_id/1535698790.html',
  'accept-encoding' => 'gzip, deflate',
  'accept-language' => 'zh-CN,zh;q=0.9',
  'cookie' => 'pgv_pvi=6680044544; PHPSESSID=bcvv1bcs6hepidi360d4m0ffa3',
)
[ info ] [ PARAM ] array (
  'mail' => '',
  'password' => '',
)
[ info ] [ RUN ] app\index\controller\Index->logindo[ F:\site\nouya_rs\nyinside\index\controller\Index.php ]
[ info ] [ SESSION ] INIT array (
  'id' => '',
  'var_session_id' => '',
  'prefix' => 'think',
  'type' => '',
  'auto_start' => true,
)
[ info ] [ LOG ] INIT File
---------------------------------------------------------------
[ 2018-08-31T14:59:54+08:00 ] 127.0.0.1 GET /index/index/index.html
[ info ] www.nyhr.com/index/index/index.html [运行时间：0.129624s][吞吐率：7.71req/s] [内存消耗：1,414.80kb] [文件加载：35]
[ info ] [ LANG ] F:\site\fw\thinkphp_5.0.20\thinkphp\lang\zh-cn.php
[ info ] [ ROUTE ] array (
  'type' => 'module',
  'module' => 
  array (
    0 => 'index',
    1 => 'index',
    2 => 'index',
  ),
)
[ info ] [ HEADER ] array (
  'host' => 'www.nyhr.com',
  'connection' => 'keep-alive',
  'upgrade-insecure-requests' => '1',
  'user-agent' => 'Mozilla/5.0 (Windows NT 10.0; WOW64) AppleWebKit/537.36 (KHTML, like Gecko) Chrome/63.0.3239.132 Safari/537.36',
  'accept' => 'text/html,application/xhtml+xml,application/xml;q=0.9,image/webp,image/apng,*/*;q=0.8',
  'referer' => 'http://www.nyhr.com/index/index/login_form/login_id/1535698790.html',
  'accept-encoding' => 'gzip, deflate',
  'accept-language' => 'zh-CN,zh;q=0.9',
  'cookie' => 'pgv_pvi=6680044544; PHPSESSID=bcvv1bcs6hepidi360d4m0ffa3',
)
[ info ] [ PARAM ] array (
)
[ info ] [ RUN ] app\index\controller\Index->index[ F:\site\nouya_rs\nyinside\index\controller\Index.php ]
[ info ] [ SESSION ] INIT array (
  'id' => '',
  'var_session_id' => '',
  'prefix' => 'think',
  'type' => '',
  'auto_start' => true,
)
[ info ] [ LOG ] INIT File
---------------------------------------------------------------
[ 2018-08-31T14:59:54+08:00 ] 127.0.0.1 GET /index/center/index.html
[ info ] www.nyhr.com/index/center/index.html [运行时间：0.133643s][吞吐率：7.48req/s] [内存消耗：1,397.78kb] [文件加载：35]
[ info ] [ LANG ] F:\site\fw\thinkphp_5.0.20\thinkphp\lang\zh-cn.php
[ info ] [ ROUTE ] array (
  'type' => 'module',
  'module' => 
  array (
    0 => 'index',
    1 => 'center',
    2 => 'index',
  ),
)
[ info ] [ HEADER ] array (
  'host' => 'www.nyhr.com',
  'connection' => 'keep-alive',
  'upgrade-insecure-requests' => '1',
  'user-agent' => 'Mozilla/5.0 (Windows NT 10.0; WOW64) AppleWebKit/537.36 (KHTML, like Gecko) Chrome/63.0.3239.132 Safari/537.36',
  'accept' => 'text/html,application/xhtml+xml,application/xml;q=0.9,image/webp,image/apng,*/*;q=0.8',
  'referer' => 'http://www.nyhr.com/index/index/login_form/login_id/1535698790.html',
  'accept-encoding' => 'gzip, deflate',
  'accept-language' => 'zh-CN,zh;q=0.9',
  'cookie' => 'pgv_pvi=6680044544; PHPSESSID=bcvv1bcs6hepidi360d4m0ffa3',
)
[ info ] [ PARAM ] array (
)
[ info ] [ SESSION ] INIT array (
  'id' => '',
  'var_session_id' => '',
  'prefix' => 'think',
  'type' => '',
  'auto_start' => true,
)
[ info ] [ RUN ] app\index\controller\Center->index[ F:\site\nouya_rs\nyinside\index\controller\Center.php ]
[ info ] [ VIEW ] F:\site\nouya_rs\public/../nyinside/index\view\Page\first.html [ array (
  0 => 'pagegroup',
  1 => 'base_info',
  2 => 'base_user',
  3 => 'base_reqest',
) ]
[ info ] [ LOG ] INIT File
---------------------------------------------------------------
[ 2018-08-31T14:59:57+08:00 ] 127.0.0.1 GET /index/roster/lists.html
[ info ] www.nyhr.com/index/roster/lists.html [运行时间：0.193622s][吞吐率：5.16req/s] [内存消耗：1,442.41kb] [文件加载：39]
[ info ] [ LANG ] F:\site\fw\thinkphp_5.0.20\thinkphp\lang\zh-cn.php
[ info ] [ ROUTE ] array (
  'type' => 'module',
  'module' => 
  array (
    0 => 'index',
    1 => 'roster',
    2 => 'lists',
  ),
)
[ info ] [ HEADER ] array (
  'host' => 'www.nyhr.com',
  'connection' => 'keep-alive',
  'upgrade-insecure-requests' => '1',
  'user-agent' => 'Mozilla/5.0 (Windows NT 10.0; WOW64) AppleWebKit/537.36 (KHTML, like Gecko) Chrome/63.0.3239.132 Safari/537.36',
  'accept' => 'text/html,application/xhtml+xml,application/xml;q=0.9,image/webp,image/apng,*/*;q=0.8',
  'referer' => 'http://www.nyhr.com/index/center/index.html',
  'accept-encoding' => 'gzip, deflate',
  'accept-language' => 'zh-CN,zh;q=0.9',
  'cookie' => 'pgv_pvi=6680044544; PHPSESSID=bcvv1bcs6hepidi360d4m0ffa3',
)
[ info ] [ PARAM ] array (
)
[ info ] [ SESSION ] INIT array (
  'id' => '',
  'var_session_id' => '',
  'prefix' => 'think',
  'type' => '',
  'auto_start' => true,
)
[ info ] [ RUN ] app\index\controller\Roster->lists[ F:\site\nouya_rs\nyinside\index\controller\Roster.php ]
[ info ] [ VIEW ] F:\site\nouya_rs\public/../nyinside/index\view\Page\main.html [ array (
  0 => 'pagegroup',
  1 => 'base_info',
  2 => 'base_user',
  3 => 'base_reqest',
) ]
[ info ] [ LOG ] INIT File
[ error ] [8]未定义数组索引: name[F:\site\nouya_rs\runtime\temp\ab30b1b8b7a9659a02ea6fa237653a2e.php:161]
---------------------------------------------------------------
[ 2018-08-31T15:00:00+08:00 ] 127.0.0.1 GET /index/center/index.html
[ info ] www.nyhr.com/index/center/index.html [运行时间：0.166007s][吞吐率：6.02req/s] [内存消耗：1,397.78kb] [文件加载：35]
[ info ] [ LANG ] F:\site\fw\thinkphp_5.0.20\thinkphp\lang\zh-cn.php
[ info ] [ ROUTE ] array (
  'type' => 'module',
  'module' => 
  array (
    0 => 'index',
    1 => 'center',
    2 => 'index',
  ),
)
[ info ] [ HEADER ] array (
  'host' => 'www.nyhr.com',
  'connection' => 'keep-alive',
  'upgrade-insecure-requests' => '1',
  'user-agent' => 'Mozilla/5.0 (Windows NT 10.0; WOW64) AppleWebKit/537.36 (KHTML, like Gecko) Chrome/63.0.3239.132 Safari/537.36',
  'accept' => 'text/html,application/xhtml+xml,application/xml;q=0.9,image/webp,image/apng,*/*;q=0.8',
  'referer' => 'http://www.nyhr.com/index/index/login_form/login_id/1535698790.html',
  'accept-encoding' => 'gzip, deflate',
  'accept-language' => 'zh-CN,zh;q=0.9',
  'cookie' => 'pgv_pvi=6680044544; PHPSESSID=bcvv1bcs6hepidi360d4m0ffa3',
)
[ info ] [ PARAM ] array (
)
[ info ] [ SESSION ] INIT array (
  'id' => '',
  'var_session_id' => '',
  'prefix' => 'think',
  'type' => '',
  'auto_start' => true,
)
[ info ] [ RUN ] app\index\controller\Center->index[ F:\site\nouya_rs\nyinside\index\controller\Center.php ]
[ info ] [ VIEW ] F:\site\nouya_rs\public/../nyinside/index\view\Page\first.html [ array (
  0 => 'pagegroup',
  1 => 'base_info',
  2 => 'base_user',
  3 => 'base_reqest',
) ]
[ info ] [ LOG ] INIT File
---------------------------------------------------------------
[ 2018-08-31T15:00:05+08:00 ] 127.0.0.1 GET /index/roster/lists.html
[ info ] www.nyhr.com/index/roster/lists.html [运行时间：0.208768s][吞吐率：4.79req/s] [内存消耗：1,442.41kb] [文件加载：39]
[ info ] [ LANG ] F:\site\fw\thinkphp_5.0.20\thinkphp\lang\zh-cn.php
[ info ] [ ROUTE ] array (
  'type' => 'module',
  'module' => 
  array (
    0 => 'index',
    1 => 'roster',
    2 => 'lists',
  ),
)
[ info ] [ HEADER ] array (
  'host' => 'www.nyhr.com',
  'connection' => 'keep-alive',
  'upgrade-insecure-requests' => '1',
  'user-agent' => 'Mozilla/5.0 (Windows NT 10.0; WOW64) AppleWebKit/537.36 (KHTML, like Gecko) Chrome/63.0.3239.132 Safari/537.36',
  'accept' => 'text/html,application/xhtml+xml,application/xml;q=0.9,image/webp,image/apng,*/*;q=0.8',
  'referer' => 'http://www.nyhr.com/index/center/index.html',
  'accept-encoding' => 'gzip, deflate',
  'accept-language' => 'zh-CN,zh;q=0.9',
  'cookie' => 'pgv_pvi=6680044544; PHPSESSID=bcvv1bcs6hepidi360d4m0ffa3',
)
[ info ] [ PARAM ] array (
)
[ info ] [ SESSION ] INIT array (
  'id' => '',
  'var_session_id' => '',
  'prefix' => 'think',
  'type' => '',
  'auto_start' => true,
)
[ info ] [ RUN ] app\index\controller\Roster->lists[ F:\site\nouya_rs\nyinside\index\controller\Roster.php ]
[ info ] [ VIEW ] F:\site\nouya_rs\public/../nyinside/index\view\Page\main.html [ array (
  0 => 'pagegroup',
  1 => 'base_info',
  2 => 'base_user',
  3 => 'base_reqest',
) ]
[ info ] [ LOG ] INIT File
[ error ] [8]未定义数组索引: name[F:\site\nouya_rs\runtime\temp\ab30b1b8b7a9659a02ea6fa237653a2e.php:161]
---------------------------------------------------------------
[ 2018-08-31T15:46:32+08:00 ] 127.0.0.1 GET /index/roster/lists.html
[ info ] www.nyhr.com/index/roster/lists.html [运行时间：0.151388s][吞吐率：6.61req/s] [内存消耗：1,329.56kb] [文件加载：33]
[ info ] [ LANG ] F:\site\fw\thinkphp_5.0.20\thinkphp\lang\zh-cn.php
[ info ] [ ROUTE ] array (
  'type' => 'module',
  'module' => 
  array (
    0 => 'index',
    1 => 'roster',
    2 => 'lists',
  ),
)
[ info ] [ HEADER ] array (
  'host' => 'www.nyhr.com',
  'connection' => 'keep-alive',
  'cache-control' => 'max-age=0',
  'upgrade-insecure-requests' => '1',
  'user-agent' => 'Mozilla/5.0 (Windows NT 10.0; WOW64) AppleWebKit/537.36 (KHTML, like Gecko) Chrome/63.0.3239.132 Safari/537.36',
  'accept' => 'text/html,application/xhtml+xml,application/xml;q=0.9,image/webp,image/apng,*/*;q=0.8',
  'referer' => 'http://www.nyhr.com/index/center/index.html',
  'accept-encoding' => 'gzip, deflate',
  'accept-language' => 'zh-CN,zh;q=0.9',
  'cookie' => 'pgv_pvi=6680044544; PHPSESSID=bcvv1bcs6hepidi360d4m0ffa3',
)
[ info ] [ PARAM ] array (
)
[ info ] [ SESSION ] INIT array (
  'id' => '',
  'var_session_id' => '',
  'prefix' => 'think',
  'type' => '',
  'auto_start' => true,
)
[ info ] [ LOG ] INIT File
---------------------------------------------------------------
[ 2018-08-31T15:48:49+08:00 ] 127.0.0.1 GET /index/roster/lists.html
[ info ] www.nyhr.com/index/roster/lists.html [运行时间：0.140361s][吞吐率：7.12req/s] [内存消耗：1,442.45kb] [文件加载：39]
[ info ] [ LANG ] F:\site\fw\thinkphp_5.0.20\thinkphp\lang\zh-cn.php
[ info ] [ ROUTE ] array (
  'type' => 'module',
  'module' => 
  array (
    0 => 'index',
    1 => 'roster',
    2 => 'lists',
  ),
)
[ info ] [ HEADER ] array (
  'host' => 'www.nyhr.com',
  'connection' => 'keep-alive',
  'cache-control' => 'max-age=0',
  'upgrade-insecure-requests' => '1',
  'user-agent' => 'Mozilla/5.0 (Windows NT 10.0; WOW64) AppleWebKit/537.36 (KHTML, like Gecko) Chrome/63.0.3239.132 Safari/537.36',
  'accept' => 'text/html,application/xhtml+xml,application/xml;q=0.9,image/webp,image/apng,*/*;q=0.8',
  'referer' => 'http://www.nyhr.com/index/center/index.html',
  'accept-encoding' => 'gzip, deflate',
  'accept-language' => 'zh-CN,zh;q=0.9',
  'cookie' => 'pgv_pvi=6680044544; PHPSESSID=bcvv1bcs6hepidi360d4m0ffa3',
)
[ info ] [ PARAM ] array (
)
[ info ] [ SESSION ] INIT array (
  'id' => '',
  'var_session_id' => '',
  'prefix' => 'think',
  'type' => '',
  'auto_start' => true,
)
[ info ] [ RUN ] app\index\controller\Roster->lists[ F:\site\nouya_rs\nyinside\index\controller\Roster.php ]
[ info ] [ VIEW ] F:\site\nouya_rs\public/../nyinside/index\view\Page\main.html [ array (
  0 => 'pagegroup',
  1 => 'base_info',
  2 => 'base_user',
  3 => 'base_reqest',
) ]
[ info ] [ LOG ] INIT File
[ error ] [8]未定义数组索引: name[F:\site\nouya_rs\runtime\temp\ab30b1b8b7a9659a02ea6fa237653a2e.php:161]
---------------------------------------------------------------
[ 2018-08-31T15:49:47+08:00 ] 127.0.0.1 GET /index/roster/lists.html
[ info ] www.nyhr.com/index/roster/lists.html [运行时间：0.153094s][吞吐率：6.53req/s] [内存消耗：1,442.49kb] [文件加载：39]
[ info ] [ LANG ] F:\site\fw\thinkphp_5.0.20\thinkphp\lang\zh-cn.php
[ info ] [ ROUTE ] array (
  'type' => 'module',
  'module' => 
  array (
    0 => 'index',
    1 => 'roster',
    2 => 'lists',
  ),
)
[ info ] [ HEADER ] array (
  'host' => 'www.nyhr.com',
  'connection' => 'keep-alive',
  'cache-control' => 'max-age=0',
  'upgrade-insecure-requests' => '1',
  'user-agent' => 'Mozilla/5.0 (Windows NT 10.0; WOW64) AppleWebKit/537.36 (KHTML, like Gecko) Chrome/63.0.3239.132 Safari/537.36',
  'accept' => 'text/html,application/xhtml+xml,application/xml;q=0.9,image/webp,image/apng,*/*;q=0.8',
  'referer' => 'http://www.nyhr.com/index/center/index.html',
  'accept-encoding' => 'gzip, deflate',
  'accept-language' => 'zh-CN,zh;q=0.9',
  'cookie' => 'pgv_pvi=6680044544; PHPSESSID=bcvv1bcs6hepidi360d4m0ffa3',
)
[ info ] [ PARAM ] array (
)
[ info ] [ SESSION ] INIT array (
  'id' => '',
  'var_session_id' => '',
  'prefix' => 'think',
  'type' => '',
  'auto_start' => true,
)
[ info ] [ RUN ] app\index\controller\Roster->lists[ F:\site\nouya_rs\nyinside\index\controller\Roster.php ]
[ info ] [ VIEW ] F:\site\nouya_rs\public/../nyinside/index\view\Page\main.html [ array (
  0 => 'pagegroup',
  1 => 'base_info',
  2 => 'base_user',
  3 => 'base_reqest',
) ]
[ info ] [ LOG ] INIT File
[ error ] [8]未定义数组索引: name[F:\site\nouya_rs\runtime\temp\ab30b1b8b7a9659a02ea6fa237653a2e.php:161]
---------------------------------------------------------------
[ 2018-08-31T15:49:48+08:00 ] 127.0.0.1 GET /index/roster/lists.html
[ info ] www.nyhr.com/index/roster/lists.html [运行时间：0.090668s][吞吐率：11.03req/s] [内存消耗：1,442.49kb] [文件加载：39]
[ info ] [ LANG ] F:\site\fw\thinkphp_5.0.20\thinkphp\lang\zh-cn.php
[ info ] [ ROUTE ] array (
  'type' => 'module',
  'module' => 
  array (
    0 => 'index',
    1 => 'roster',
    2 => 'lists',
  ),
)
[ info ] [ HEADER ] array (
  'host' => 'www.nyhr.com',
  'connection' => 'keep-alive',
  'cache-control' => 'max-age=0',
  'upgrade-insecure-requests' => '1',
  'user-agent' => 'Mozilla/5.0 (Windows NT 10.0; WOW64) AppleWebKit/537.36 (KHTML, like Gecko) Chrome/63.0.3239.132 Safari/537.36',
  'accept' => 'text/html,application/xhtml+xml,application/xml;q=0.9,image/webp,image/apng,*/*;q=0.8',
  'referer' => 'http://www.nyhr.com/index/center/index.html',
  'accept-encoding' => 'gzip, deflate',
  'accept-language' => 'zh-CN,zh;q=0.9',
  'cookie' => 'pgv_pvi=6680044544; PHPSESSID=bcvv1bcs6hepidi360d4m0ffa3',
)
[ info ] [ PARAM ] array (
)
[ info ] [ SESSION ] INIT array (
  'id' => '',
  'var_session_id' => '',
  'prefix' => 'think',
  'type' => '',
  'auto_start' => true,
)
[ info ] [ RUN ] app\index\controller\Roster->lists[ F:\site\nouya_rs\nyinside\index\controller\Roster.php ]
[ info ] [ VIEW ] F:\site\nouya_rs\public/../nyinside/index\view\Page\main.html [ array (
  0 => 'pagegroup',
  1 => 'base_info',
  2 => 'base_user',
  3 => 'base_reqest',
) ]
[ info ] [ LOG ] INIT File
[ error ] [8]未定义数组索引: name[F:\site\nouya_rs\runtime\temp\ab30b1b8b7a9659a02ea6fa237653a2e.php:161]
---------------------------------------------------------------
[ 2018-08-31T15:49:54+08:00 ] 127.0.0.1 GET /index/roster/lists.html
[ info ] www.nyhr.com/index/roster/lists.html [运行时间：0.148908s][吞吐率：6.72req/s] [内存消耗：1,442.45kb] [文件加载：39]
[ info ] [ LANG ] F:\site\fw\thinkphp_5.0.20\thinkphp\lang\zh-cn.php
[ info ] [ ROUTE ] array (
  'type' => 'module',
  'module' => 
  array (
    0 => 'index',
    1 => 'roster',
    2 => 'lists',
  ),
)
[ info ] [ HEADER ] array (
  'host' => 'www.nyhr.com',
  'connection' => 'keep-alive',
  'cache-control' => 'max-age=0',
  'upgrade-insecure-requests' => '1',
  'user-agent' => 'Mozilla/5.0 (Windows NT 10.0; WOW64) AppleWebKit/537.36 (KHTML, like Gecko) Chrome/63.0.3239.132 Safari/537.36',
  'accept' => 'text/html,application/xhtml+xml,application/xml;q=0.9,image/webp,image/apng,*/*;q=0.8',
  'referer' => 'http://www.nyhr.com/index/center/index.html',
  'accept-encoding' => 'gzip, deflate',
  'accept-language' => 'zh-CN,zh;q=0.9',
  'cookie' => 'pgv_pvi=6680044544; PHPSESSID=bcvv1bcs6hepidi360d4m0ffa3',
)
[ info ] [ PARAM ] array (
)
[ info ] [ SESSION ] INIT array (
  'id' => '',
  'var_session_id' => '',
  'prefix' => 'think',
  'type' => '',
  'auto_start' => true,
)
[ info ] [ RUN ] app\index\controller\Roster->lists[ F:\site\nouya_rs\nyinside\index\controller\Roster.php ]
[ info ] [ VIEW ] F:\site\nouya_rs\public/../nyinside/index\view\Page\main.html [ array (
  0 => 'pagegroup',
  1 => 'base_info',
  2 => 'base_user',
  3 => 'base_reqest',
) ]
[ info ] [ LOG ] INIT File
[ error ] [8]未定义数组索引: name[F:\site\nouya_rs\runtime\temp\ab30b1b8b7a9659a02ea6fa237653a2e.php:161]
---------------------------------------------------------------
[ 2018-08-31T15:50:03+08:00 ] 127.0.0.1 GET /index/roster/lists.html
[ info ] www.nyhr.com/index/roster/lists.html [运行时间：0.089012s][吞吐率：11.23req/s] [内存消耗：1,473.22kb] [文件加载：36]
[ info ] [ LANG ] F:\site\fw\thinkphp_5.0.20\thinkphp\lang\zh-cn.php
[ info ] [ ROUTE ] array (
  'type' => 'module',
  'module' => 
  array (
    0 => 'index',
    1 => 'roster',
    2 => 'lists',
  ),
)
[ info ] [ HEADER ] array (
  'host' => 'www.nyhr.com',
  'connection' => 'keep-alive',
  'cache-control' => 'max-age=0',
  'upgrade-insecure-requests' => '1',
  'user-agent' => 'Mozilla/5.0 (Windows NT 10.0; WOW64) AppleWebKit/537.36 (KHTML, like Gecko) Chrome/63.0.3239.132 Safari/537.36',
  'accept' => 'text/html,application/xhtml+xml,application/xml;q=0.9,image/webp,image/apng,*/*;q=0.8',
  'referer' => 'http://www.nyhr.com/index/center/index.html',
  'accept-encoding' => 'gzip, deflate',
  'accept-language' => 'zh-CN,zh;q=0.9',
  'cookie' => 'pgv_pvi=6680044544; PHPSESSID=bcvv1bcs6hepidi360d4m0ffa3',
)
[ info ] [ PARAM ] array (
)
[ info ] [ SESSION ] INIT array (
  'id' => '',
  'var_session_id' => '',
  'prefix' => 'think',
  'type' => '',
  'auto_start' => true,
)
[ info ] [ RUN ] app\index\controller\Roster->lists[ F:\site\nouya_rs\nyinside\index\controller\Roster.php ]
[ info ] [ VIEW ] F:\site\nouya_rs\public/../nyinside/index\view\Page\main.html [ array (
  0 => 'pagegroup',
  1 => 'base_info',
  2 => 'base_user',
  3 => 'base_reqest',
) ]
[ info ] [ LOG ] INIT File
---------------------------------------------------------------
[ 2018-08-31T15:51:13+08:00 ] 127.0.0.1 GET /index/roster/lists.html
[ info ] www.nyhr.com/index/roster/lists.html [运行时间：0.115093s][吞吐率：8.69req/s] [内存消耗：1,596.56kb] [文件加载：41]
[ info ] [ LANG ] F:\site\fw\thinkphp_5.0.20\thinkphp\lang\zh-cn.php
[ info ] [ ROUTE ] array (
  'type' => 'module',
  'module' => 
  array (
    0 => 'index',
    1 => 'roster',
    2 => 'lists',
  ),
)
[ info ] [ HEADER ] array (
  'host' => 'www.nyhr.com',
  'connection' => 'keep-alive',
  'cache-control' => 'max-age=0',
  'upgrade-insecure-requests' => '1',
  'user-agent' => 'Mozilla/5.0 (Windows NT 10.0; WOW64) AppleWebKit/537.36 (KHTML, like Gecko) Chrome/63.0.3239.132 Safari/537.36',
  'accept' => 'text/html,application/xhtml+xml,application/xml;q=0.9,image/webp,image/apng,*/*;q=0.8',
  'referer' => 'http://www.nyhr.com/index/center/index.html',
  'accept-encoding' => 'gzip, deflate',
  'accept-language' => 'zh-CN,zh;q=0.9',
  'cookie' => 'pgv_pvi=6680044544; PHPSESSID=bcvv1bcs6hepidi360d4m0ffa3',
)
[ info ] [ PARAM ] array (
)
[ info ] [ SESSION ] INIT array (
  'id' => '',
  'var_session_id' => '',
  'prefix' => 'think',
  'type' => '',
  'auto_start' => true,
)
[ info ] [ RUN ] app\index\controller\Roster->lists[ F:\site\nouya_rs\nyinside\index\controller\Roster.php ]
[ info ] [ VIEW ] F:\site\nouya_rs\public/../nyinside/index\view\Page\main.html [ array (
  0 => 'pagegroup',
  1 => 'base_info',
  2 => 'base_user',
  3 => 'base_reqest',
) ]
[ info ] [ LOG ] INIT File
[ error ] [8]未定义数组索引: name[F:\site\nouya_rs\runtime\temp\ab30b1b8b7a9659a02ea6fa237653a2e.php:151]
---------------------------------------------------------------
[ 2018-08-31T15:52:36+08:00 ] 127.0.0.1 GET /index/roster/lists.html
[ info ] www.nyhr.com/index/roster/lists.html [运行时间：0.126618s][吞吐率：7.90req/s] [内存消耗：1,597.38kb] [文件加载：41]
[ info ] [ LANG ] F:\site\fw\thinkphp_5.0.20\thinkphp\lang\zh-cn.php
[ info ] [ ROUTE ] array (
  'type' => 'module',
  'module' => 
  array (
    0 => 'index',
    1 => 'roster',
    2 => 'lists',
  ),
)
[ info ] [ HEADER ] array (
  'host' => 'www.nyhr.com',
  'connection' => 'keep-alive',
  'cache-control' => 'max-age=0',
  'upgrade-insecure-requests' => '1',
  'user-agent' => 'Mozilla/5.0 (Windows NT 10.0; WOW64) AppleWebKit/537.36 (KHTML, like Gecko) Chrome/63.0.3239.132 Safari/537.36',
  'accept' => 'text/html,application/xhtml+xml,application/xml;q=0.9,image/webp,image/apng,*/*;q=0.8',
  'referer' => 'http://www.nyhr.com/index/center/index.html',
  'accept-encoding' => 'gzip, deflate',
  'accept-language' => 'zh-CN,zh;q=0.9',
  'cookie' => 'pgv_pvi=6680044544; PHPSESSID=bcvv1bcs6hepidi360d4m0ffa3',
)
[ info ] [ PARAM ] array (
)
[ info ] [ SESSION ] INIT array (
  'id' => '',
  'var_session_id' => '',
  'prefix' => 'think',
  'type' => '',
  'auto_start' => true,
)
[ info ] [ RUN ] app\index\controller\Roster->lists[ F:\site\nouya_rs\nyinside\index\controller\Roster.php ]
[ info ] [ VIEW ] F:\site\nouya_rs\public/../nyinside/index\view\Page\main.html [ array (
  0 => 'pagegroup',
  1 => 'base_info',
  2 => 'base_user',
  3 => 'base_reqest',
) ]
[ info ] [ LOG ] INIT File
[ error ] [8]未定义数组索引: name[F:\site\nouya_rs\runtime\temp\ab30b1b8b7a9659a02ea6fa237653a2e.php:161]
---------------------------------------------------------------
[ 2018-08-31T15:52:37+08:00 ] 127.0.0.1 GET /index/roster/lists.html
[ info ] www.nyhr.com/index/roster/lists.html [运行时间：0.071796s][吞吐率：13.93req/s] [内存消耗：1,442.57kb] [文件加载：39]
[ info ] [ LANG ] F:\site\fw\thinkphp_5.0.20\thinkphp\lang\zh-cn.php
[ info ] [ ROUTE ] array (
  'type' => 'module',
  'module' => 
  array (
    0 => 'index',
    1 => 'roster',
    2 => 'lists',
  ),
)
[ info ] [ HEADER ] array (
  'host' => 'www.nyhr.com',
  'connection' => 'keep-alive',
  'cache-control' => 'max-age=0',
  'upgrade-insecure-requests' => '1',
  'user-agent' => 'Mozilla/5.0 (Windows NT 10.0; WOW64) AppleWebKit/537.36 (KHTML, like Gecko) Chrome/63.0.3239.132 Safari/537.36',
  'accept' => 'text/html,application/xhtml+xml,application/xml;q=0.9,image/webp,image/apng,*/*;q=0.8',
  'referer' => 'http://www.nyhr.com/index/center/index.html',
  'accept-encoding' => 'gzip, deflate',
  'accept-language' => 'zh-CN,zh;q=0.9',
  'cookie' => 'pgv_pvi=6680044544; PHPSESSID=bcvv1bcs6hepidi360d4m0ffa3',
)
[ info ] [ PARAM ] array (
)
[ info ] [ SESSION ] INIT array (
  'id' => '',
  'var_session_id' => '',
  'prefix' => 'think',
  'type' => '',
  'auto_start' => true,
)
[ info ] [ RUN ] app\index\controller\Roster->lists[ F:\site\nouya_rs\nyinside\index\controller\Roster.php ]
[ info ] [ VIEW ] F:\site\nouya_rs\public/../nyinside/index\view\Page\main.html [ array (
  0 => 'pagegroup',
  1 => 'base_info',
  2 => 'base_user',
  3 => 'base_reqest',
) ]
[ info ] [ LOG ] INIT File
[ error ] [8]未定义数组索引: name[F:\site\nouya_rs\runtime\temp\ab30b1b8b7a9659a02ea6fa237653a2e.php:161]
---------------------------------------------------------------
[ 2018-08-31T15:53:46+08:00 ] 127.0.0.1 GET /index/roster/lists.html
[ info ] www.nyhr.com/index/roster/lists.html [运行时间：0.092305s][吞吐率：10.83req/s] [内存消耗：1,548.97kb] [文件加载：37]
[ info ] [ LANG ] F:\site\fw\thinkphp_5.0.20\thinkphp\lang\zh-cn.php
[ info ] [ ROUTE ] array (
  'type' => 'module',
  'module' => 
  array (
    0 => 'index',
    1 => 'roster',
    2 => 'lists',
  ),
)
[ info ] [ HEADER ] array (
  'host' => 'www.nyhr.com',
  'connection' => 'keep-alive',
  'cache-control' => 'max-age=0',
  'upgrade-insecure-requests' => '1',
  'user-agent' => 'Mozilla/5.0 (Windows NT 10.0; WOW64) AppleWebKit/537.36 (KHTML, like Gecko) Chrome/63.0.3239.132 Safari/537.36',
  'accept' => 'text/html,application/xhtml+xml,application/xml;q=0.9,image/webp,image/apng,*/*;q=0.8',
  'referer' => 'http://www.nyhr.com/index/center/index.html',
  'accept-encoding' => 'gzip, deflate',
  'accept-language' => 'zh-CN,zh;q=0.9',
  'cookie' => 'pgv_pvi=6680044544; PHPSESSID=bcvv1bcs6hepidi360d4m0ffa3',
)
[ info ] [ PARAM ] array (
)
[ info ] [ SESSION ] INIT array (
  'id' => '',
  'var_session_id' => '',
  'prefix' => 'think',
  'type' => '',
  'auto_start' => true,
)
[ info ] [ RUN ] app\index\controller\Roster->lists[ F:\site\nouya_rs\nyinside\index\controller\Roster.php ]
[ info ] [ VIEW ] F:\site\nouya_rs\public/../nyinside/index\view\Page\main.html [ array (
  0 => 'pagegroup',
  1 => 'base_info',
  2 => 'base_user',
  3 => 'base_reqest',
) ]
[ info ] [ LOG ] INIT File
---------------------------------------------------------------
[ 2018-08-31T15:53:47+08:00 ] 127.0.0.1 GET /index/roster/lists.html
[ info ] www.nyhr.com/index/roster/lists.html [运行时间：0.059850s][吞吐率：16.71req/s] [内存消耗：1,397.82kb] [文件加载：35]
[ info ] [ LANG ] F:\site\fw\thinkphp_5.0.20\thinkphp\lang\zh-cn.php
[ info ] [ ROUTE ] array (
  'type' => 'module',
  'module' => 
  array (
    0 => 'index',
    1 => 'roster',
    2 => 'lists',
  ),
)
[ info ] [ HEADER ] array (
  'host' => 'www.nyhr.com',
  'connection' => 'keep-alive',
  'cache-control' => 'max-age=0',
  'upgrade-insecure-requests' => '1',
  'user-agent' => 'Mozilla/5.0 (Windows NT 10.0; WOW64) AppleWebKit/537.36 (KHTML, like Gecko) Chrome/63.0.3239.132 Safari/537.36',
  'accept' => 'text/html,application/xhtml+xml,application/xml;q=0.9,image/webp,image/apng,*/*;q=0.8',
  'referer' => 'http://www.nyhr.com/index/center/index.html',
  'accept-encoding' => 'gzip, deflate',
  'accept-language' => 'zh-CN,zh;q=0.9',
  'cookie' => 'pgv_pvi=6680044544; PHPSESSID=bcvv1bcs6hepidi360d4m0ffa3',
)
[ info ] [ PARAM ] array (
)
[ info ] [ SESSION ] INIT array (
  'id' => '',
  'var_session_id' => '',
  'prefix' => 'think',
  'type' => '',
  'auto_start' => true,
)
[ info ] [ RUN ] app\index\controller\Roster->lists[ F:\site\nouya_rs\nyinside\index\controller\Roster.php ]
[ info ] [ VIEW ] F:\site\nouya_rs\public/../nyinside/index\view\Page\main.html [ array (
  0 => 'pagegroup',
  1 => 'base_info',
  2 => 'base_user',
  3 => 'base_reqest',
) ]
[ info ] [ LOG ] INIT File
---------------------------------------------------------------
[ 2018-08-31T15:53:59+08:00 ] 127.0.0.1 GET /index/roster/lists.html
[ info ] www.nyhr.com/index/roster/lists.html [运行时间：0.087324s][吞吐率：11.45req/s] [内存消耗：1,594.21kb] [文件加载：41]
[ info ] [ LANG ] F:\site\fw\thinkphp_5.0.20\thinkphp\lang\zh-cn.php
[ info ] [ ROUTE ] array (
  'type' => 'module',
  'module' => 
  array (
    0 => 'index',
    1 => 'roster',
    2 => 'lists',
  ),
)
[ info ] [ HEADER ] array (
  'host' => 'www.nyhr.com',
  'connection' => 'keep-alive',
  'cache-control' => 'max-age=0',
  'upgrade-insecure-requests' => '1',
  'user-agent' => 'Mozilla/5.0 (Windows NT 10.0; WOW64) AppleWebKit/537.36 (KHTML, like Gecko) Chrome/63.0.3239.132 Safari/537.36',
  'accept' => 'text/html,application/xhtml+xml,application/xml;q=0.9,image/webp,image/apng,*/*;q=0.8',
  'referer' => 'http://www.nyhr.com/index/center/index.html',
  'accept-encoding' => 'gzip, deflate',
  'accept-language' => 'zh-CN,zh;q=0.9',
  'cookie' => 'pgv_pvi=6680044544; PHPSESSID=bcvv1bcs6hepidi360d4m0ffa3',
)
[ info ] [ PARAM ] array (
)
[ info ] [ SESSION ] INIT array (
  'id' => '',
  'var_session_id' => '',
  'prefix' => 'think',
  'type' => '',
  'auto_start' => true,
)
[ info ] [ RUN ] app\index\controller\Roster->lists[ F:\site\nouya_rs\nyinside\index\controller\Roster.php ]
[ info ] [ VIEW ] F:\site\nouya_rs\public/../nyinside/index\view\Page\main.html [ array (
  0 => 'pagegroup',
  1 => 'base_info',
  2 => 'base_user',
  3 => 'base_reqest',
) ]
[ info ] [ LOG ] INIT File
[ error ] [8]未定义数组索引: name[F:\site\nouya_rs\runtime\temp\ab30b1b8b7a9659a02ea6fa237653a2e.php:161]
---------------------------------------------------------------
[ 2018-08-31T15:57:56+08:00 ] 127.0.0.1 GET /index/roster/lists.html
[ info ] www.nyhr.com/index/roster/lists.html [运行时间：0.106700s][吞吐率：9.37req/s] [内存消耗：1,597.42kb] [文件加载：41]
[ info ] [ LANG ] F:\site\fw\thinkphp_5.0.20\thinkphp\lang\zh-cn.php
[ info ] [ ROUTE ] array (
  'type' => 'module',
  'module' => 
  array (
    0 => 'index',
    1 => 'roster',
    2 => 'lists',
  ),
)
[ info ] [ HEADER ] array (
  'host' => 'www.nyhr.com',
  'connection' => 'keep-alive',
  'cache-control' => 'max-age=0',
  'upgrade-insecure-requests' => '1',
  'user-agent' => 'Mozilla/5.0 (Windows NT 10.0; WOW64) AppleWebKit/537.36 (KHTML, like Gecko) Chrome/63.0.3239.132 Safari/537.36',
  'accept' => 'text/html,application/xhtml+xml,application/xml;q=0.9,image/webp,image/apng,*/*;q=0.8',
  'referer' => 'http://www.nyhr.com/index/center/index.html',
  'accept-encoding' => 'gzip, deflate',
  'accept-language' => 'zh-CN,zh;q=0.9',
  'cookie' => 'pgv_pvi=6680044544; PHPSESSID=bcvv1bcs6hepidi360d4m0ffa3',
)
[ info ] [ PARAM ] array (
)
[ info ] [ SESSION ] INIT array (
  'id' => '',
  'var_session_id' => '',
  'prefix' => 'think',
  'type' => '',
  'auto_start' => true,
)
[ info ] [ RUN ] app\index\controller\Roster->lists[ F:\site\nouya_rs\nyinside\index\controller\Roster.php ]
[ info ] [ VIEW ] F:\site\nouya_rs\public/../nyinside/index\view\Page\main.html [ array (
  0 => 'pagegroup',
  1 => 'base_info',
  2 => 'base_user',
  3 => 'base_reqest',
) ]
[ info ] [ LOG ] INIT File
[ error ] [8]未定义数组索引: name[F:\site\nouya_rs\runtime\temp\ab30b1b8b7a9659a02ea6fa237653a2e.php:161]
---------------------------------------------------------------
[ 2018-08-31T15:58:04+08:00 ] 127.0.0.1 GET /index/roster/lists.html
[ info ] www.nyhr.com/index/roster/lists.html [运行时间：0.099723s][吞吐率：10.03req/s] [内存消耗：1,594.19kb] [文件加载：41]
[ info ] [ LANG ] F:\site\fw\thinkphp_5.0.20\thinkphp\lang\zh-cn.php
[ info ] [ ROUTE ] array (
  'type' => 'module',
  'module' => 
  array (
    0 => 'index',
    1 => 'roster',
    2 => 'lists',
  ),
)
[ info ] [ HEADER ] array (
  'host' => 'www.nyhr.com',
  'connection' => 'keep-alive',
  'cache-control' => 'max-age=0',
  'upgrade-insecure-requests' => '1',
  'user-agent' => 'Mozilla/5.0 (Windows NT 10.0; WOW64) AppleWebKit/537.36 (KHTML, like Gecko) Chrome/63.0.3239.132 Safari/537.36',
  'accept' => 'text/html,application/xhtml+xml,application/xml;q=0.9,image/webp,image/apng,*/*;q=0.8',
  'referer' => 'http://www.nyhr.com/index/center/index.html',
  'accept-encoding' => 'gzip, deflate',
  'accept-language' => 'zh-CN,zh;q=0.9',
  'cookie' => 'pgv_pvi=6680044544; PHPSESSID=bcvv1bcs6hepidi360d4m0ffa3',
)
[ info ] [ PARAM ] array (
)
[ info ] [ SESSION ] INIT array (
  'id' => '',
  'var_session_id' => '',
  'prefix' => 'think',
  'type' => '',
  'auto_start' => true,
)
[ info ] [ RUN ] app\index\controller\Roster->lists[ F:\site\nouya_rs\nyinside\index\controller\Roster.php ]
[ info ] [ VIEW ] F:\site\nouya_rs\public/../nyinside/index\view\Page\main.html [ array (
  0 => 'pagegroup',
  1 => 'base_info',
  2 => 'base_user',
  3 => 'base_reqest',
) ]
[ info ] [ LOG ] INIT File
[ error ] [8]未定义数组索引: name[F:\site\nouya_rs\runtime\temp\ab30b1b8b7a9659a02ea6fa237653a2e.php:161]
---------------------------------------------------------------
[ 2018-08-31T15:58:05+08:00 ] 127.0.0.1 GET /index/roster/lists.html
[ info ] www.nyhr.com/index/roster/lists.html [运行时间：0.140947s][吞吐率：7.09req/s] [内存消耗：1,442.59kb] [文件加载：39]
[ info ] [ LANG ] F:\site\fw\thinkphp_5.0.20\thinkphp\lang\zh-cn.php
[ info ] [ ROUTE ] array (
  'type' => 'module',
  'module' => 
  array (
    0 => 'index',
    1 => 'roster',
    2 => 'lists',
  ),
)
[ info ] [ HEADER ] array (
  'host' => 'www.nyhr.com',
  'connection' => 'keep-alive',
  'cache-control' => 'max-age=0',
  'upgrade-insecure-requests' => '1',
  'user-agent' => 'Mozilla/5.0 (Windows NT 10.0; WOW64) AppleWebKit/537.36 (KHTML, like Gecko) Chrome/63.0.3239.132 Safari/537.36',
  'accept' => 'text/html,application/xhtml+xml,application/xml;q=0.9,image/webp,image/apng,*/*;q=0.8',
  'referer' => 'http://www.nyhr.com/index/center/index.html',
  'accept-encoding' => 'gzip, deflate',
  'accept-language' => 'zh-CN,zh;q=0.9',
  'cookie' => 'pgv_pvi=6680044544; PHPSESSID=bcvv1bcs6hepidi360d4m0ffa3',
)
[ info ] [ PARAM ] array (
)
[ info ] [ SESSION ] INIT array (
  'id' => '',
  'var_session_id' => '',
  'prefix' => 'think',
  'type' => '',
  'auto_start' => true,
)
[ info ] [ RUN ] app\index\controller\Roster->lists[ F:\site\nouya_rs\nyinside\index\controller\Roster.php ]
[ info ] [ VIEW ] F:\site\nouya_rs\public/../nyinside/index\view\Page\main.html [ array (
  0 => 'pagegroup',
  1 => 'base_info',
  2 => 'base_user',
  3 => 'base_reqest',
) ]
[ info ] [ LOG ] INIT File
[ error ] [8]未定义数组索引: name[F:\site\nouya_rs\runtime\temp\ab30b1b8b7a9659a02ea6fa237653a2e.php:161]
---------------------------------------------------------------
[ 2018-08-31T15:58:17+08:00 ] 127.0.0.1 GET /index/roster/lists.html
[ info ] www.nyhr.com/index/roster/lists.html [运行时间：0.147980s][吞吐率：6.76req/s] [内存消耗：1,597.47kb] [文件加载：41]
[ info ] [ LANG ] F:\site\fw\thinkphp_5.0.20\thinkphp\lang\zh-cn.php
[ info ] [ ROUTE ] array (
  'type' => 'module',
  'module' => 
  array (
    0 => 'index',
    1 => 'roster',
    2 => 'lists',
  ),
)
[ info ] [ HEADER ] array (
  'host' => 'www.nyhr.com',
  'connection' => 'keep-alive',
  'cache-control' => 'max-age=0',
  'upgrade-insecure-requests' => '1',
  'user-agent' => 'Mozilla/5.0 (Windows NT 10.0; WOW64) AppleWebKit/537.36 (KHTML, like Gecko) Chrome/63.0.3239.132 Safari/537.36',
  'accept' => 'text/html,application/xhtml+xml,application/xml;q=0.9,image/webp,image/apng,*/*;q=0.8',
  'referer' => 'http://www.nyhr.com/index/center/index.html',
  'accept-encoding' => 'gzip, deflate',
  'accept-language' => 'zh-CN,zh;q=0.9',
  'cookie' => 'pgv_pvi=6680044544; PHPSESSID=bcvv1bcs6hepidi360d4m0ffa3',
)
[ info ] [ PARAM ] array (
)
[ info ] [ SESSION ] INIT array (
  'id' => '',
  'var_session_id' => '',
  'prefix' => 'think',
  'type' => '',
  'auto_start' => true,
)
[ info ] [ RUN ] app\index\controller\Roster->lists[ F:\site\nouya_rs\nyinside\index\controller\Roster.php ]
[ info ] [ VIEW ] F:\site\nouya_rs\public/../nyinside/index\view\Page\main.html [ array (
  0 => 'pagegroup',
  1 => 'base_info',
  2 => 'base_user',
  3 => 'base_reqest',
) ]
[ info ] [ LOG ] INIT File
[ error ] [8]未定义数组索引: name[F:\site\nouya_rs\runtime\temp\ab30b1b8b7a9659a02ea6fa237653a2e.php:161]
---------------------------------------------------------------
[ 2018-08-31T16:03:25+08:00 ] 127.0.0.1 GET /index/roster/lists.html
[ info ] www.nyhr.com/index/roster/lists.html [运行时间：0.101162s][吞吐率：9.89req/s] [内存消耗：1,331.80kb] [文件加载：33]
[ info ] [ LANG ] F:\site\fw\thinkphp_5.0.20\thinkphp\lang\zh-cn.php
[ info ] [ ROUTE ] array (
  'type' => 'module',
  'module' => 
  array (
    0 => 'index',
    1 => 'roster',
    2 => 'lists',
  ),
)
[ info ] [ HEADER ] array (
  'host' => 'www.nyhr.com',
  'connection' => 'keep-alive',
  'cache-control' => 'max-age=0',
  'upgrade-insecure-requests' => '1',
  'user-agent' => 'Mozilla/5.0 (Windows NT 10.0; WOW64) AppleWebKit/537.36 (KHTML, like Gecko) Chrome/63.0.3239.132 Safari/537.36',
  'accept' => 'text/html,application/xhtml+xml,application/xml;q=0.9,image/webp,image/apng,*/*;q=0.8',
  'referer' => 'http://www.nyhr.com/index/center/index.html',
  'accept-encoding' => 'gzip, deflate',
  'accept-language' => 'zh-CN,zh;q=0.9',
  'cookie' => 'pgv_pvi=6680044544; PHPSESSID=bcvv1bcs6hepidi360d4m0ffa3',
)
[ info ] [ PARAM ] array (
)
[ info ] [ SESSION ] INIT array (
  'id' => '',
  'var_session_id' => '',
  'prefix' => 'think',
  'type' => '',
  'auto_start' => true,
)
[ info ] [ LOG ] INIT File
---------------------------------------------------------------
[ 2018-08-31T16:17:57+08:00 ] 127.0.0.1 GET /index/roster/lists.html
[ info ] www.nyhr.com/index/roster/lists.html [运行时间：0.078751s][吞吐率：12.70req/s] [内存消耗：1,382.05kb] [文件加载：37]
[ info ] [ LANG ] F:\site\fw\thinkphp_5.0.20\thinkphp\lang\zh-cn.php
[ info ] [ ROUTE ] array (
  'type' => 'module',
  'module' => 
  array (
    0 => 'index',
    1 => 'roster',
    2 => 'lists',
  ),
)
[ info ] [ HEADER ] array (
  'host' => 'www.nyhr.com',
  'connection' => 'keep-alive',
  'cache-control' => 'max-age=0',
  'upgrade-insecure-requests' => '1',
  'user-agent' => 'Mozilla/5.0 (Windows NT 10.0; WOW64) AppleWebKit/537.36 (KHTML, like Gecko) Chrome/63.0.3239.132 Safari/537.36',
  'accept' => 'text/html,application/xhtml+xml,application/xml;q=0.9,image/webp,image/apng,*/*;q=0.8',
  'referer' => 'http://www.nyhr.com/index/center/index.html',
  'accept-encoding' => 'gzip, deflate',
  'accept-language' => 'zh-CN,zh;q=0.9',
  'cookie' => 'pgv_pvi=6680044544; PHPSESSID=bcvv1bcs6hepidi360d4m0ffa3',
)
[ info ] [ PARAM ] array (
)
[ info ] [ SESSION ] INIT array (
  'id' => '',
  'var_session_id' => '',
  'prefix' => 'think',
  'type' => '',
  'auto_start' => true,
)
[ info ] [ LOG ] INIT File
[ error ] [1]Call to undefined method app\index\controller\Roster::page_name()[F:\site\nouya_rs\nyinside\index\controller\Base.php:65]
---------------------------------------------------------------
[ 2018-08-31T16:18:35+08:00 ] 127.0.0.1 GET /index/roster/lists.html
[ info ] www.nyhr.com/index/roster/lists.html [运行时间：0.114419s][吞吐率：8.74req/s] [内存消耗：1,382.05kb] [文件加载：37]
[ info ] [ LANG ] F:\site\fw\thinkphp_5.0.20\thinkphp\lang\zh-cn.php
[ info ] [ ROUTE ] array (
  'type' => 'module',
  'module' => 
  array (
    0 => 'index',
    1 => 'roster',
    2 => 'lists',
  ),
)
[ info ] [ HEADER ] array (
  'host' => 'www.nyhr.com',
  'connection' => 'keep-alive',
  'cache-control' => 'max-age=0',
  'upgrade-insecure-requests' => '1',
  'user-agent' => 'Mozilla/5.0 (Windows NT 10.0; WOW64) AppleWebKit/537.36 (KHTML, like Gecko) Chrome/63.0.3239.132 Safari/537.36',
  'accept' => 'text/html,application/xhtml+xml,application/xml;q=0.9,image/webp,image/apng,*/*;q=0.8',
  'referer' => 'http://www.nyhr.com/index/center/index.html',
  'accept-encoding' => 'gzip, deflate',
  'accept-language' => 'zh-CN,zh;q=0.9',
  'cookie' => 'pgv_pvi=6680044544; PHPSESSID=bcvv1bcs6hepidi360d4m0ffa3',
)
[ info ] [ PARAM ] array (
)
[ info ] [ SESSION ] INIT array (
  'id' => '',
  'var_session_id' => '',
  'prefix' => 'think',
  'type' => '',
  'auto_start' => true,
)
[ info ] [ LOG ] INIT File
[ error ] [1]Call to undefined method app\index\controller\Roster::page_name()[F:\site\nouya_rs\nyinside\index\controller\Base.php:65]
---------------------------------------------------------------
[ 2018-08-31T16:18:35+08:00 ] 127.0.0.1 GET /index/roster/lists.html
[ info ] www.nyhr.com/index/roster/lists.html [运行时间：0.099624s][吞吐率：10.04req/s] [内存消耗：1,382.05kb] [文件加载：37]
[ info ] [ LANG ] F:\site\fw\thinkphp_5.0.20\thinkphp\lang\zh-cn.php
[ info ] [ ROUTE ] array (
  'type' => 'module',
  'module' => 
  array (
    0 => 'index',
    1 => 'roster',
    2 => 'lists',
  ),
)
[ info ] [ HEADER ] array (
  'host' => 'www.nyhr.com',
  'connection' => 'keep-alive',
  'cache-control' => 'max-age=0',
  'upgrade-insecure-requests' => '1',
  'user-agent' => 'Mozilla/5.0 (Windows NT 10.0; WOW64) AppleWebKit/537.36 (KHTML, like Gecko) Chrome/63.0.3239.132 Safari/537.36',
  'accept' => 'text/html,application/xhtml+xml,application/xml;q=0.9,image/webp,image/apng,*/*;q=0.8',
  'referer' => 'http://www.nyhr.com/index/center/index.html',
  'accept-encoding' => 'gzip, deflate',
  'accept-language' => 'zh-CN,zh;q=0.9',
  'cookie' => 'pgv_pvi=6680044544; PHPSESSID=bcvv1bcs6hepidi360d4m0ffa3',
)
[ info ] [ PARAM ] array (
)
[ info ] [ SESSION ] INIT array (
  'id' => '',
  'var_session_id' => '',
  'prefix' => 'think',
  'type' => '',
  'auto_start' => true,
)
[ info ] [ LOG ] INIT File
[ error ] [1]Call to undefined method app\index\controller\Roster::page_name()[F:\site\nouya_rs\nyinside\index\controller\Base.php:65]
---------------------------------------------------------------
[ 2018-08-31T16:19:22+08:00 ] 127.0.0.1 GET /index/roster/lists.html
[ info ] www.nyhr.com/index/roster/lists.html [运行时间：0.127660s][吞吐率：7.83req/s] [内存消耗：1,550.77kb] [文件加载：37]
[ info ] [ LANG ] F:\site\fw\thinkphp_5.0.20\thinkphp\lang\zh-cn.php
[ info ] [ ROUTE ] array (
  'type' => 'module',
  'module' => 
  array (
    0 => 'index',
    1 => 'roster',
    2 => 'lists',
  ),
)
[ info ] [ HEADER ] array (
  'host' => 'www.nyhr.com',
  'connection' => 'keep-alive',
  'cache-control' => 'max-age=0',
  'upgrade-insecure-requests' => '1',
  'user-agent' => 'Mozilla/5.0 (Windows NT 10.0; WOW64) AppleWebKit/537.36 (KHTML, like Gecko) Chrome/63.0.3239.132 Safari/537.36',
  'accept' => 'text/html,application/xhtml+xml,application/xml;q=0.9,image/webp,image/apng,*/*;q=0.8',
  'referer' => 'http://www.nyhr.com/index/center/index.html',
  'accept-encoding' => 'gzip, deflate',
  'accept-language' => 'zh-CN,zh;q=0.9',
  'cookie' => 'pgv_pvi=6680044544; PHPSESSID=bcvv1bcs6hepidi360d4m0ffa3',
)
[ info ] [ PARAM ] array (
)
[ info ] [ SESSION ] INIT array (
  'id' => '',
  'var_session_id' => '',
  'prefix' => 'think',
  'type' => '',
  'auto_start' => true,
)
[ info ] [ RUN ] app\index\controller\Roster->lists[ F:\site\nouya_rs\nyinside\index\controller\Roster.php ]
[ info ] [ VIEW ] F:\site\nouya_rs\public/../nyinside/index\view\Page\main.html [ array (
  0 => 'pagegroup',
  1 => 'page_name',
  2 => 'base_info',
  3 => 'base_user',
  4 => 'base_reqest',
) ]
[ info ] [ LOG ] INIT File
---------------------------------------------------------------
[ 2018-08-31T16:22:19+08:00 ] 127.0.0.1 GET /index/roster/lists.html
[ info ] www.nyhr.com/index/roster/lists.html [运行时间：0.099303s][吞吐率：10.07req/s] [内存消耗：1,375.80kb] [文件加载：37]
[ info ] [ LANG ] F:\site\fw\thinkphp_5.0.20\thinkphp\lang\zh-cn.php
[ info ] [ ROUTE ] array (
  'type' => 'module',
  'module' => 
  array (
    0 => 'index',
    1 => 'roster',
    2 => 'lists',
  ),
)
[ info ] [ HEADER ] array (
  'host' => 'www.nyhr.com',
  'connection' => 'keep-alive',
  'cache-control' => 'max-age=0',
  'upgrade-insecure-requests' => '1',
  'user-agent' => 'Mozilla/5.0 (Windows NT 10.0; WOW64) AppleWebKit/537.36 (KHTML, like Gecko) Chrome/63.0.3239.132 Safari/537.36',
  'accept' => 'text/html,application/xhtml+xml,application/xml;q=0.9,image/webp,image/apng,*/*;q=0.8',
  'referer' => 'http://www.nyhr.com/index/center/index.html',
  'accept-encoding' => 'gzip, deflate',
  'accept-language' => 'zh-CN,zh;q=0.9',
  'cookie' => 'pgv_pvi=6680044544; PHPSESSID=bcvv1bcs6hepidi360d4m0ffa3',
)
[ info ] [ PARAM ] array (
)
[ info ] [ SESSION ] INIT array (
  'id' => '',
  'var_session_id' => '',
  'prefix' => 'think',
  'type' => '',
  'auto_start' => true,
)
[ info ] [ LOG ] INIT File
[ error ] [8]未定义数组索引: [F:\site\nouya_rs\nyinside\index\controller\Base.php:66]
---------------------------------------------------------------
[ 2018-08-31T16:23:16+08:00 ] 127.0.0.1 GET /index/roster/lists.html
[ info ] www.nyhr.com/index/roster/lists.html [运行时间：0.139922s][吞吐率：7.15req/s] [内存消耗：1,397.57kb] [文件加载：35]
[ info ] [ LANG ] F:\site\fw\thinkphp_5.0.20\thinkphp\lang\zh-cn.php
[ info ] [ ROUTE ] array (
  'type' => 'module',
  'module' => 
  array (
    0 => 'index',
    1 => 'roster',
    2 => 'lists',
  ),
)
[ info ] [ HEADER ] array (
  'host' => 'www.nyhr.com',
  'connection' => 'keep-alive',
  'cache-control' => 'max-age=0',
  'upgrade-insecure-requests' => '1',
  'user-agent' => 'Mozilla/5.0 (Windows NT 10.0; WOW64) AppleWebKit/537.36 (KHTML, like Gecko) Chrome/63.0.3239.132 Safari/537.36',
  'accept' => 'text/html,application/xhtml+xml,application/xml;q=0.9,image/webp,image/apng,*/*;q=0.8',
  'referer' => 'http://www.nyhr.com/index/center/index.html',
  'accept-encoding' => 'gzip, deflate',
  'accept-language' => 'zh-CN,zh;q=0.9',
  'cookie' => 'pgv_pvi=6680044544; PHPSESSID=bcvv1bcs6hepidi360d4m0ffa3',
)
[ info ] [ PARAM ] array (
)
[ info ] [ SESSION ] INIT array (
  'id' => '',
  'var_session_id' => '',
  'prefix' => 'think',
  'type' => '',
  'auto_start' => true,
)
[ info ] [ RUN ] app\index\controller\Roster->lists[ F:\site\nouya_rs\nyinside\index\controller\Roster.php ]
[ info ] [ VIEW ] F:\site\nouya_rs\public/../nyinside/index\view\Page\main.html [ array (
  0 => 'pagegroup',
  1 => 'page_name',
  2 => 'base_info',
  3 => 'base_user',
  4 => 'base_reqest',
) ]
[ info ] [ LOG ] INIT File
---------------------------------------------------------------
[ 2018-08-31T16:23:53+08:00 ] 127.0.0.1 GET /index/roster/lists.html
[ info ] www.nyhr.com/index/roster/lists.html [运行时间：0.065480s][吞吐率：15.27req/s] [内存消耗：1,333.23kb] [文件加载：33]
[ info ] [ LANG ] F:\site\fw\thinkphp_5.0.20\thinkphp\lang\zh-cn.php
[ info ] [ ROUTE ] array (
  'type' => 'module',
  'module' => 
  array (
    0 => 'index',
    1 => 'roster',
    2 => 'lists',
  ),
)
[ info ] [ HEADER ] array (
  'host' => 'www.nyhr.com',
  'connection' => 'keep-alive',
  'cache-control' => 'max-age=0',
  'upgrade-insecure-requests' => '1',
  'user-agent' => 'Mozilla/5.0 (Windows NT 10.0; WOW64) AppleWebKit/537.36 (KHTML, like Gecko) Chrome/63.0.3239.132 Safari/537.36',
  'accept' => 'text/html,application/xhtml+xml,application/xml;q=0.9,image/webp,image/apng,*/*;q=0.8',
  'referer' => 'http://www.nyhr.com/index/center/index.html',
  'accept-encoding' => 'gzip, deflate',
  'accept-language' => 'zh-CN,zh;q=0.9',
  'cookie' => 'pgv_pvi=6680044544; PHPSESSID=bcvv1bcs6hepidi360d4m0ffa3',
)
[ info ] [ PARAM ] array (
)
[ info ] [ SESSION ] INIT array (
  'id' => '',
  'var_session_id' => '',
  'prefix' => 'think',
  'type' => '',
  'auto_start' => true,
)
[ info ] [ LOG ] INIT File
---------------------------------------------------------------
[ 2018-08-31T16:25:55+08:00 ] 127.0.0.1 GET /index/roster/lists.html
[ info ] www.nyhr.com/index/roster/lists.html [运行时间：0.095644s][吞吐率：10.46req/s] [内存消耗：1,333.23kb] [文件加载：33]
[ info ] [ LANG ] F:\site\fw\thinkphp_5.0.20\thinkphp\lang\zh-cn.php
[ info ] [ ROUTE ] array (
  'type' => 'module',
  'module' => 
  array (
    0 => 'index',
    1 => 'roster',
    2 => 'lists',
  ),
)
[ info ] [ HEADER ] array (
  'host' => 'www.nyhr.com',
  'connection' => 'keep-alive',
  'cache-control' => 'max-age=0',
  'upgrade-insecure-requests' => '1',
  'user-agent' => 'Mozilla/5.0 (Windows NT 10.0; WOW64) AppleWebKit/537.36 (KHTML, like Gecko) Chrome/63.0.3239.132 Safari/537.36',
  'accept' => 'text/html,application/xhtml+xml,application/xml;q=0.9,image/webp,image/apng,*/*;q=0.8',
  'referer' => 'http://www.nyhr.com/index/center/index.html',
  'accept-encoding' => 'gzip, deflate',
  'accept-language' => 'zh-CN,zh;q=0.9',
  'cookie' => 'pgv_pvi=6680044544; PHPSESSID=bcvv1bcs6hepidi360d4m0ffa3',
)
[ info ] [ PARAM ] array (
)
[ info ] [ SESSION ] INIT array (
  'id' => '',
  'var_session_id' => '',
  'prefix' => 'think',
  'type' => '',
  'auto_start' => true,
)
[ info ] [ LOG ] INIT File
---------------------------------------------------------------
[ 2018-08-31T16:25:58+08:00 ] 127.0.0.1 GET /index/roster/lists.html
[ info ] www.nyhr.com/index/roster/lists.html [运行时间：0.086504s][吞吐率：11.56req/s] [内存消耗：1,333.23kb] [文件加载：33]
[ info ] [ LANG ] F:\site\fw\thinkphp_5.0.20\thinkphp\lang\zh-cn.php
[ info ] [ ROUTE ] array (
  'type' => 'module',
  'module' => 
  array (
    0 => 'index',
    1 => 'roster',
    2 => 'lists',
  ),
)
[ info ] [ HEADER ] array (
  'host' => 'www.nyhr.com',
  'connection' => 'keep-alive',
  'cache-control' => 'max-age=0',
  'upgrade-insecure-requests' => '1',
  'user-agent' => 'Mozilla/5.0 (Windows NT 10.0; WOW64) AppleWebKit/537.36 (KHTML, like Gecko) Chrome/63.0.3239.132 Safari/537.36',
  'accept' => 'text/html,application/xhtml+xml,application/xml;q=0.9,image/webp,image/apng,*/*;q=0.8',
  'referer' => 'http://www.nyhr.com/index/center/index.html',
  'accept-encoding' => 'gzip, deflate',
  'accept-language' => 'zh-CN,zh;q=0.9',
  'cookie' => 'pgv_pvi=6680044544; PHPSESSID=bcvv1bcs6hepidi360d4m0ffa3',
)
[ info ] [ PARAM ] array (
)
[ info ] [ SESSION ] INIT array (
  'id' => '',
  'var_session_id' => '',
  'prefix' => 'think',
  'type' => '',
  'auto_start' => true,
)
[ info ] [ LOG ] INIT File
---------------------------------------------------------------
[ 2018-08-31T16:26:06+08:00 ] 127.0.0.1 GET /index/roster/lists.html
[ info ] www.nyhr.com/index/roster/lists.html [运行时间：0.130623s][吞吐率：7.66req/s] [内存消耗：1,550.24kb] [文件加载：37]
[ info ] [ LANG ] F:\site\fw\thinkphp_5.0.20\thinkphp\lang\zh-cn.php
[ info ] [ ROUTE ] array (
  'type' => 'module',
  'module' => 
  array (
    0 => 'index',
    1 => 'roster',
    2 => 'lists',
  ),
)
[ info ] [ HEADER ] array (
  'host' => 'www.nyhr.com',
  'connection' => 'keep-alive',
  'cache-control' => 'max-age=0',
  'upgrade-insecure-requests' => '1',
  'user-agent' => 'Mozilla/5.0 (Windows NT 10.0; WOW64) AppleWebKit/537.36 (KHTML, like Gecko) Chrome/63.0.3239.132 Safari/537.36',
  'accept' => 'text/html,application/xhtml+xml,application/xml;q=0.9,image/webp,image/apng,*/*;q=0.8',
  'referer' => 'http://www.nyhr.com/index/center/index.html',
  'accept-encoding' => 'gzip, deflate',
  'accept-language' => 'zh-CN,zh;q=0.9',
  'cookie' => 'pgv_pvi=6680044544; PHPSESSID=bcvv1bcs6hepidi360d4m0ffa3',
)
[ info ] [ PARAM ] array (
)
[ info ] [ SESSION ] INIT array (
  'id' => '',
  'var_session_id' => '',
  'prefix' => 'think',
  'type' => '',
  'auto_start' => true,
)
[ info ] [ RUN ] app\index\controller\Roster->lists[ F:\site\nouya_rs\nyinside\index\controller\Roster.php ]
[ info ] [ VIEW ] F:\site\nouya_rs\public/../nyinside/index\view\Page\main.html [ array (
  0 => 'pagegroup',
  1 => 'page_name',
  2 => 'base_info',
  3 => 'base_user',
  4 => 'base_reqest',
) ]
[ info ] [ LOG ] INIT File
---------------------------------------------------------------
[ 2018-08-31T16:32:20+08:00 ] 127.0.0.1 GET /index/roster/lists.html
[ info ] www.nyhr.com/index/roster/lists.html [运行时间：0.121415s][吞吐率：8.24req/s] [内存消耗：1,550.18kb] [文件加载：37]
[ info ] [ LANG ] F:\site\fw\thinkphp_5.0.20\thinkphp\lang\zh-cn.php
[ info ] [ ROUTE ] array (
  'type' => 'module',
  'module' => 
  array (
    0 => 'index',
    1 => 'roster',
    2 => 'lists',
  ),
)
[ info ] [ HEADER ] array (
  'host' => 'www.nyhr.com',
  'connection' => 'keep-alive',
  'cache-control' => 'max-age=0',
  'upgrade-insecure-requests' => '1',
  'user-agent' => 'Mozilla/5.0 (Windows NT 10.0; WOW64) AppleWebKit/537.36 (KHTML, like Gecko) Chrome/63.0.3239.132 Safari/537.36',
  'accept' => 'text/html,application/xhtml+xml,application/xml;q=0.9,image/webp,image/apng,*/*;q=0.8',
  'referer' => 'http://www.nyhr.com/index/center/index.html',
  'accept-encoding' => 'gzip, deflate',
  'accept-language' => 'zh-CN,zh;q=0.9',
  'cookie' => 'pgv_pvi=6680044544; PHPSESSID=bcvv1bcs6hepidi360d4m0ffa3',
)
[ info ] [ PARAM ] array (
)
[ info ] [ SESSION ] INIT array (
  'id' => '',
  'var_session_id' => '',
  'prefix' => 'think',
  'type' => '',
  'auto_start' => true,
)
[ info ] [ RUN ] app\index\controller\Roster->lists[ F:\site\nouya_rs\nyinside\index\controller\Roster.php ]
[ info ] [ VIEW ] F:\site\nouya_rs\public/../nyinside/index\view\Page\main.html [ array (
  0 => 'pagegroup',
  1 => 'page_name',
  2 => 'base_info',
  3 => 'base_user',
  4 => 'base_reqest',
) ]
[ info ] [ LOG ] INIT File
---------------------------------------------------------------
[ 2018-08-31T16:32:21+08:00 ] 127.0.0.1 GET /index/roster/lists.html
[ info ] www.nyhr.com/index/roster/lists.html [运行时间：0.085943s][吞吐率：11.64req/s] [内存消耗：1,398.23kb] [文件加载：35]
[ info ] [ LANG ] F:\site\fw\thinkphp_5.0.20\thinkphp\lang\zh-cn.php
[ info ] [ ROUTE ] array (
  'type' => 'module',
  'module' => 
  array (
    0 => 'index',
    1 => 'roster',
    2 => 'lists',
  ),
)
[ info ] [ HEADER ] array (
  'host' => 'www.nyhr.com',
  'connection' => 'keep-alive',
  'cache-control' => 'max-age=0',
  'upgrade-insecure-requests' => '1',
  'user-agent' => 'Mozilla/5.0 (Windows NT 10.0; WOW64) AppleWebKit/537.36 (KHTML, like Gecko) Chrome/63.0.3239.132 Safari/537.36',
  'accept' => 'text/html,application/xhtml+xml,application/xml;q=0.9,image/webp,image/apng,*/*;q=0.8',
  'referer' => 'http://www.nyhr.com/index/center/index.html',
  'accept-encoding' => 'gzip, deflate',
  'accept-language' => 'zh-CN,zh;q=0.9',
  'cookie' => 'pgv_pvi=6680044544; PHPSESSID=bcvv1bcs6hepidi360d4m0ffa3',
)
[ info ] [ PARAM ] array (
)
[ info ] [ SESSION ] INIT array (
  'id' => '',
  'var_session_id' => '',
  'prefix' => 'think',
  'type' => '',
  'auto_start' => true,
)
[ info ] [ RUN ] app\index\controller\Roster->lists[ F:\site\nouya_rs\nyinside\index\controller\Roster.php ]
[ info ] [ VIEW ] F:\site\nouya_rs\public/../nyinside/index\view\Page\main.html [ array (
  0 => 'pagegroup',
  1 => 'page_name',
  2 => 'base_info',
  3 => 'base_user',
  4 => 'base_reqest',
) ]
[ info ] [ LOG ] INIT File
---------------------------------------------------------------
[ 2018-08-31T16:32:58+08:00 ] 127.0.0.1 GET /index/roster/lists.html
[ info ] www.nyhr.com/index/roster/lists.html [运行时间：0.135352s][吞吐率：7.39req/s] [内存消耗：1,550.23kb] [文件加载：37]
[ info ] [ LANG ] F:\site\fw\thinkphp_5.0.20\thinkphp\lang\zh-cn.php
[ info ] [ ROUTE ] array (
  'type' => 'module',
  'module' => 
  array (
    0 => 'index',
    1 => 'roster',
    2 => 'lists',
  ),
)
[ info ] [ HEADER ] array (
  'host' => 'www.nyhr.com',
  'connection' => 'keep-alive',
  'cache-control' => 'max-age=0',
  'upgrade-insecure-requests' => '1',
  'user-agent' => 'Mozilla/5.0 (Windows NT 10.0; WOW64) AppleWebKit/537.36 (KHTML, like Gecko) Chrome/63.0.3239.132 Safari/537.36',
  'accept' => 'text/html,application/xhtml+xml,application/xml;q=0.9,image/webp,image/apng,*/*;q=0.8',
  'referer' => 'http://www.nyhr.com/index/center/index.html',
  'accept-encoding' => 'gzip, deflate',
  'accept-language' => 'zh-CN,zh;q=0.9',
  'cookie' => 'pgv_pvi=6680044544; PHPSESSID=bcvv1bcs6hepidi360d4m0ffa3',
)
[ info ] [ PARAM ] array (
)
[ info ] [ SESSION ] INIT array (
  'id' => '',
  'var_session_id' => '',
  'prefix' => 'think',
  'type' => '',
  'auto_start' => true,
)
[ info ] [ RUN ] app\index\controller\Roster->lists[ F:\site\nouya_rs\nyinside\index\controller\Roster.php ]
[ info ] [ VIEW ] F:\site\nouya_rs\public/../nyinside/index\view\Page\main.html [ array (
  0 => 'pagegroup',
  1 => 'page_name',
  2 => 'base_info',
  3 => 'base_user',
  4 => 'base_reqest',
) ]
[ info ] [ LOG ] INIT File
---------------------------------------------------------------
[ 2018-08-31T16:32:59+08:00 ] 127.0.0.1 GET /index/roster/lists.html
[ info ] www.nyhr.com/index/roster/lists.html [运行时间：0.082433s][吞吐率：12.13req/s] [内存消耗：1,398.23kb] [文件加载：35]
[ info ] [ LANG ] F:\site\fw\thinkphp_5.0.20\thinkphp\lang\zh-cn.php
[ info ] [ ROUTE ] array (
  'type' => 'module',
  'module' => 
  array (
    0 => 'index',
    1 => 'roster',
    2 => 'lists',
  ),
)
[ info ] [ HEADER ] array (
  'host' => 'www.nyhr.com',
  'connection' => 'keep-alive',
  'cache-control' => 'max-age=0',
  'upgrade-insecure-requests' => '1',
  'user-agent' => 'Mozilla/5.0 (Windows NT 10.0; WOW64) AppleWebKit/537.36 (KHTML, like Gecko) Chrome/63.0.3239.132 Safari/537.36',
  'accept' => 'text/html,application/xhtml+xml,application/xml;q=0.9,image/webp,image/apng,*/*;q=0.8',
  'referer' => 'http://www.nyhr.com/index/center/index.html',
  'accept-encoding' => 'gzip, deflate',
  'accept-language' => 'zh-CN,zh;q=0.9',
  'cookie' => 'pgv_pvi=6680044544; PHPSESSID=bcvv1bcs6hepidi360d4m0ffa3',
)
[ info ] [ PARAM ] array (
)
[ info ] [ SESSION ] INIT array (
  'id' => '',
  'var_session_id' => '',
  'prefix' => 'think',
  'type' => '',
  'auto_start' => true,
)
[ info ] [ RUN ] app\index\controller\Roster->lists[ F:\site\nouya_rs\nyinside\index\controller\Roster.php ]
[ info ] [ VIEW ] F:\site\nouya_rs\public/../nyinside/index\view\Page\main.html [ array (
  0 => 'pagegroup',
  1 => 'page_name',
  2 => 'base_info',
  3 => 'base_user',
  4 => 'base_reqest',
) ]
[ info ] [ LOG ] INIT File
---------------------------------------------------------------
[ 2018-08-31T16:35:33+08:00 ] 127.0.0.1 GET /index/roster/lists.html
[ info ] www.nyhr.com/index/roster/lists.html [运行时间：0.115094s][吞吐率：8.69req/s] [内存消耗：1,550.12kb] [文件加载：37]
[ info ] [ LANG ] F:\site\fw\thinkphp_5.0.20\thinkphp\lang\zh-cn.php
[ info ] [ ROUTE ] array (
  'type' => 'module',
  'module' => 
  array (
    0 => 'index',
    1 => 'roster',
    2 => 'lists',
  ),
)
[ info ] [ HEADER ] array (
  'host' => 'www.nyhr.com',
  'connection' => 'keep-alive',
  'cache-control' => 'max-age=0',
  'upgrade-insecure-requests' => '1',
  'user-agent' => 'Mozilla/5.0 (Windows NT 10.0; WOW64) AppleWebKit/537.36 (KHTML, like Gecko) Chrome/63.0.3239.132 Safari/537.36',
  'accept' => 'text/html,application/xhtml+xml,application/xml;q=0.9,image/webp,image/apng,*/*;q=0.8',
  'referer' => 'http://www.nyhr.com/index/center/index.html',
  'accept-encoding' => 'gzip, deflate',
  'accept-language' => 'zh-CN,zh;q=0.9',
  'cookie' => 'pgv_pvi=6680044544; PHPSESSID=bcvv1bcs6hepidi360d4m0ffa3',
)
[ info ] [ PARAM ] array (
)
[ info ] [ SESSION ] INIT array (
  'id' => '',
  'var_session_id' => '',
  'prefix' => 'think',
  'type' => '',
  'auto_start' => true,
)
[ info ] [ RUN ] app\index\controller\Roster->lists[ F:\site\nouya_rs\nyinside\index\controller\Roster.php ]
[ info ] [ VIEW ] F:\site\nouya_rs\public/../nyinside/index\view\Page\main.html [ array (
  0 => 'pagegroup',
  1 => 'page_name',
  2 => 'base_info',
  3 => 'base_user',
  4 => 'base_reqest',
) ]
[ info ] [ LOG ] INIT File
