---------------------------------------------------------------
[ 2018-09-05T13:20:29+08:00 ] 127.0.0.1 GET /index/index/logout.html
[ info ] www.nyhr.com/index/index/logout.html [运行时间：0.092736s][吞吐率：10.78req/s] [内存消耗：1,351.11kb] [文件加载：34]
[ info ] [ LANG ] F:\site\fw\thinkphp_5.0.20\thinkphp\lang\zh-cn.php
[ info ] [ ROUTE ] array (
  'type' => 'module',
  'module' => 
  array (
    0 => 'index',
    1 => 'index',
    2 => 'logout',
  ),
)
[ info ] [ HEADER ] array (
  'host' => 'www.nyhr.com',
  'connection' => 'keep-alive',
  'upgrade-insecure-requests' => '1',
  'user-agent' => 'Mozilla/5.0 (Windows NT 10.0; Win64; x64) AppleWebKit/537.36 (KHTML, like Gecko) Chrome/67.0.3396.99 Safari/537.36',
  'accept' => 'text/html,application/xhtml+xml,application/xml;q=0.9,image/webp,image/apng,*/*;q=0.8',
  'accept-encoding' => 'gzip, deflate',
  'accept-language' => 'zh-CN,zh;q=0.9',
)
[ info ] [ PARAM ] array (
)
[ info ] [ RUN ] app\index\controller\Index->logout[ F:\site\nouya_rs\nyinside\index\controller\Index.php ]
[ info ] [ LOG ] INIT File
---------------------------------------------------------------
[ 2018-09-05T13:20:29+08:00 ] 127.0.0.1 GET /index/index/login_form/login_id/2.html
[ info ] www.nyhr.com/index/index/login_form/login_id/2.html [运行时间：0.060326s][吞吐率：16.58req/s] [内存消耗：1,383.88kb] [文件加载：34]
[ info ] [ LANG ] F:\site\fw\thinkphp_5.0.20\thinkphp\lang\zh-cn.php
[ info ] [ ROUTE ] array (
  'type' => 'module',
  'module' => 
  array (
    0 => 'index',
    1 => 'index',
    2 => 'login_form',
  ),
)
[ info ] [ HEADER ] array (
  'host' => 'www.nyhr.com',
  'connection' => 'keep-alive',
  'upgrade-insecure-requests' => '1',
  'user-agent' => 'Mozilla/5.0 (Windows NT 10.0; Win64; x64) AppleWebKit/537.36 (KHTML, like Gecko) Chrome/67.0.3396.99 Safari/537.36',
  'accept' => 'text/html,application/xhtml+xml,application/xml;q=0.9,image/webp,image/apng,*/*;q=0.8',
  'accept-encoding' => 'gzip, deflate',
  'accept-language' => 'zh-CN,zh;q=0.9',
)
[ info ] [ PARAM ] array (
  'login_id' => '2',
)
[ info ] [ RUN ] app\index\controller\Index->login_form[ F:\site\nouya_rs\nyinside\index\controller\Index.php ]
[ info ] [ VIEW ] F:\site\nouya_rs\public/../nyinside/index\view\index\login.html [ array (
) ]
[ info ] [ LOG ] INIT File
---------------------------------------------------------------
[ 2018-09-05T13:20:33+08:00 ] 127.0.0.1 GET /index/index/login_form/login_id/2.html
[ info ] www.nyhr.com/index/index/login_form/login_id/2.html [运行时间：0.066719s][吞吐率：14.99req/s] [内存消耗：1,384.15kb] [文件加载：34]
[ info ] [ LANG ] F:\site\fw\thinkphp_5.0.20\thinkphp\lang\zh-cn.php
[ info ] [ ROUTE ] array (
  'type' => 'module',
  'module' => 
  array (
    0 => 'index',
    1 => 'index',
    2 => 'login_form',
  ),
)
[ info ] [ HEADER ] array (
  'host' => 'www.nyhr.com',
  'connection' => 'keep-alive',
  'cache-control' => 'max-age=0',
  'upgrade-insecure-requests' => '1',
  'user-agent' => 'Mozilla/5.0 (Windows NT 10.0; Win64; x64) AppleWebKit/537.36 (KHTML, like Gecko) Chrome/67.0.3396.99 Safari/537.36',
  'accept' => 'text/html,application/xhtml+xml,application/xml;q=0.9,image/webp,image/apng,*/*;q=0.8',
  'accept-encoding' => 'gzip, deflate',
  'accept-language' => 'zh-CN,zh;q=0.9',
)
[ info ] [ PARAM ] array (
  'login_id' => '2',
)
[ info ] [ RUN ] app\index\controller\Index->login_form[ F:\site\nouya_rs\nyinside\index\controller\Index.php ]
[ info ] [ VIEW ] F:\site\nouya_rs\public/../nyinside/index\view\index\login.html [ array (
) ]
[ info ] [ LOG ] INIT File
---------------------------------------------------------------
[ 2018-09-05T13:20:35+08:00 ] 127.0.0.1 GET /index/index/logindo.html?mail=&password=
[ info ] www.nyhr.com/index/index/logindo.html?mail=&password= [运行时间：0.058353s][吞吐率：17.14req/s] [内存消耗：1,402.99kb] [文件加载：34]
[ info ] [ LANG ] F:\site\fw\thinkphp_5.0.20\thinkphp\lang\zh-cn.php
[ info ] [ ROUTE ] array (
  'type' => 'module',
  'module' => 
  array (
    0 => 'index',
    1 => 'index',
    2 => 'logindo',
  ),
)
[ info ] [ HEADER ] array (
  'host' => 'www.nyhr.com',
  'connection' => 'keep-alive',
  'accept' => 'application/json, text/javascript, */*; q=0.01',
  'x-requested-with' => 'XMLHttpRequest',
  'user-agent' => 'Mozilla/5.0 (Windows NT 10.0; Win64; x64) AppleWebKit/537.36 (KHTML, like Gecko) Chrome/67.0.3396.99 Safari/537.36',
  'referer' => 'http://www.nyhr.com/index/index/login_form/login_id/2.html',
  'accept-encoding' => 'gzip, deflate',
  'accept-language' => 'zh-CN,zh;q=0.9',
)
[ info ] [ PARAM ] array (
  'mail' => '',
  'password' => '',
)
[ info ] [ RUN ] app\index\controller\Index->logindo[ F:\site\nouya_rs\nyinside\index\controller\Index.php ]
[ info ] [ SESSION ] INIT array (
  'id' => '',
  'var_session_id' => '',
  'prefix' => 'think',
  'type' => '',
  'auto_start' => true,
)
[ info ] [ LOG ] INIT File
---------------------------------------------------------------
[ 2018-09-05T13:20:35+08:00 ] 127.0.0.1 GET /index/index/index.html
[ info ] www.nyhr.com/index/index/index.html [运行时间：0.065319s][吞吐率：15.31req/s] [内存消耗：1,414.64kb] [文件加载：35]
[ info ] [ LANG ] F:\site\fw\thinkphp_5.0.20\thinkphp\lang\zh-cn.php
[ info ] [ ROUTE ] array (
  'type' => 'module',
  'module' => 
  array (
    0 => 'index',
    1 => 'index',
    2 => 'index',
  ),
)
[ info ] [ HEADER ] array (
  'host' => 'www.nyhr.com',
  'connection' => 'keep-alive',
  'upgrade-insecure-requests' => '1',
  'user-agent' => 'Mozilla/5.0 (Windows NT 10.0; Win64; x64) AppleWebKit/537.36 (KHTML, like Gecko) Chrome/67.0.3396.99 Safari/537.36',
  'accept' => 'text/html,application/xhtml+xml,application/xml;q=0.9,image/webp,image/apng,*/*;q=0.8',
  'referer' => 'http://www.nyhr.com/index/index/login_form/login_id/2.html',
  'accept-encoding' => 'gzip, deflate',
  'accept-language' => 'zh-CN,zh;q=0.9',
  'cookie' => 'PHPSESSID=c864skj2ake8tk4p10i6v1hfj6',
)
[ info ] [ PARAM ] array (
)
[ info ] [ RUN ] app\index\controller\Index->index[ F:\site\nouya_rs\nyinside\index\controller\Index.php ]
[ info ] [ SESSION ] INIT array (
  'id' => '',
  'var_session_id' => '',
  'prefix' => 'think',
  'type' => '',
  'auto_start' => true,
)
[ info ] [ LOG ] INIT File
---------------------------------------------------------------
[ 2018-09-05T13:20:35+08:00 ] 127.0.0.1 GET /index/center/index.html
[ info ] www.nyhr.com/index/center/index.html [运行时间：0.064178s][吞吐率：15.58req/s] [内存消耗：1,399.87kb] [文件加载：35]
[ info ] [ LANG ] F:\site\fw\thinkphp_5.0.20\thinkphp\lang\zh-cn.php
[ info ] [ ROUTE ] array (
  'type' => 'module',
  'module' => 
  array (
    0 => 'index',
    1 => 'center',
    2 => 'index',
  ),
)
[ info ] [ HEADER ] array (
  'host' => 'www.nyhr.com',
  'connection' => 'keep-alive',
  'upgrade-insecure-requests' => '1',
  'user-agent' => 'Mozilla/5.0 (Windows NT 10.0; Win64; x64) AppleWebKit/537.36 (KHTML, like Gecko) Chrome/67.0.3396.99 Safari/537.36',
  'accept' => 'text/html,application/xhtml+xml,application/xml;q=0.9,image/webp,image/apng,*/*;q=0.8',
  'referer' => 'http://www.nyhr.com/index/index/login_form/login_id/2.html',
  'accept-encoding' => 'gzip, deflate',
  'accept-language' => 'zh-CN,zh;q=0.9',
  'cookie' => 'PHPSESSID=c864skj2ake8tk4p10i6v1hfj6',
)
[ info ] [ PARAM ] array (
)
[ info ] [ SESSION ] INIT array (
  'id' => '',
  'var_session_id' => '',
  'prefix' => 'think',
  'type' => '',
  'auto_start' => true,
)
[ info ] [ RUN ] app\index\controller\Center->index[ F:\site\nouya_rs\nyinside\index\controller\Center.php ]
[ info ] [ VIEW ] F:\site\nouya_rs\public/../nyinside/index\view\Page\first.html [ array (
  0 => 'pagegroup',
  1 => 'page_name',
  2 => 'base_info',
  3 => 'base_user',
  4 => 'base_reqest',
) ]
[ info ] [ LOG ] INIT File
---------------------------------------------------------------
[ 2018-09-05T13:20:37+08:00 ] 127.0.0.1 GET /index/roster/lists.html
[ info ] www.nyhr.com/index/roster/lists.html [运行时间：0.078170s][吞吐率：12.79req/s] [内存消耗：1,416.31kb] [文件加载：35]
[ info ] [ LANG ] F:\site\fw\thinkphp_5.0.20\thinkphp\lang\zh-cn.php
[ info ] [ ROUTE ] array (
  'type' => 'module',
  'module' => 
  array (
    0 => 'index',
    1 => 'roster',
    2 => 'lists',
  ),
)
[ info ] [ HEADER ] array (
  'host' => 'www.nyhr.com',
  'connection' => 'keep-alive',
  'upgrade-insecure-requests' => '1',
  'user-agent' => 'Mozilla/5.0 (Windows NT 10.0; Win64; x64) AppleWebKit/537.36 (KHTML, like Gecko) Chrome/67.0.3396.99 Safari/537.36',
  'accept' => 'text/html,application/xhtml+xml,application/xml;q=0.9,image/webp,image/apng,*/*;q=0.8',
  'referer' => 'http://www.nyhr.com/index/center/index.html',
  'accept-encoding' => 'gzip, deflate',
  'accept-language' => 'zh-CN,zh;q=0.9',
  'cookie' => 'PHPSESSID=c864skj2ake8tk4p10i6v1hfj6',
)
[ info ] [ PARAM ] array (
)
[ info ] [ SESSION ] INIT array (
  'id' => '',
  'var_session_id' => '',
  'prefix' => 'think',
  'type' => '',
  'auto_start' => true,
)
[ info ] [ RUN ] app\index\controller\Roster->lists[ F:\site\nouya_rs\nyinside\index\controller\Roster.php ]
[ info ] [ VIEW ] F:\site\nouya_rs\public/../nyinside/index\view\Page\main.html [ array (
  0 => 'pagegroup',
  1 => 'page_name',
  2 => 'base_info',
  3 => 'base_user',
  4 => 'base_reqest',
) ]
[ info ] [ LOG ] INIT File
---------------------------------------------------------------
[ 2018-09-05T13:20:40+08:00 ] 127.0.0.1 GET /index/roster/add_form.html
[ info ] www.nyhr.com/index/roster/add_form.html [运行时间：0.070805s][吞吐率：14.12req/s] [内存消耗：1,400.09kb] [文件加载：35]
[ info ] [ LANG ] F:\site\fw\thinkphp_5.0.20\thinkphp\lang\zh-cn.php
[ info ] [ ROUTE ] array (
  'type' => 'module',
  'module' => 
  array (
    0 => 'index',
    1 => 'roster',
    2 => 'add_form',
  ),
)
[ info ] [ HEADER ] array (
  'host' => 'www.nyhr.com',
  'connection' => 'keep-alive',
  'upgrade-insecure-requests' => '1',
  'user-agent' => 'Mozilla/5.0 (Windows NT 10.0; Win64; x64) AppleWebKit/537.36 (KHTML, like Gecko) Chrome/67.0.3396.99 Safari/537.36',
  'accept' => 'text/html,application/xhtml+xml,application/xml;q=0.9,image/webp,image/apng,*/*;q=0.8',
  'referer' => 'http://www.nyhr.com/index/roster/lists.html',
  'accept-encoding' => 'gzip, deflate',
  'accept-language' => 'zh-CN,zh;q=0.9',
  'cookie' => 'PHPSESSID=c864skj2ake8tk4p10i6v1hfj6',
)
[ info ] [ PARAM ] array (
)
[ info ] [ SESSION ] INIT array (
  'id' => '',
  'var_session_id' => '',
  'prefix' => 'think',
  'type' => '',
  'auto_start' => true,
)
[ info ] [ RUN ] app\index\controller\Base->add_form[ F:\site\nouya_rs\nyinside\index\controller\Base.php ]
[ info ] [ VIEW ] F:\site\nouya_rs\public/../nyinside/index\view\Page\main.html [ array (
  0 => 'pagegroup',
  1 => 'page_name',
  2 => 'base_info',
  3 => 'base_user',
  4 => 'base_reqest',
) ]
[ info ] [ LOG ] INIT File
---------------------------------------------------------------
[ 2018-09-05T13:20:43+08:00 ] 127.0.0.1 GET /index/roster/lists.html
[ info ] www.nyhr.com/index/roster/lists.html [运行时间：0.060469s][吞吐率：16.54req/s] [内存消耗：1,416.33kb] [文件加载：35]
[ info ] [ LANG ] F:\site\fw\thinkphp_5.0.20\thinkphp\lang\zh-cn.php
[ info ] [ ROUTE ] array (
  'type' => 'module',
  'module' => 
  array (
    0 => 'index',
    1 => 'roster',
    2 => 'lists',
  ),
)
[ info ] [ HEADER ] array (
  'host' => 'www.nyhr.com',
  'connection' => 'keep-alive',
  'upgrade-insecure-requests' => '1',
  'user-agent' => 'Mozilla/5.0 (Windows NT 10.0; Win64; x64) AppleWebKit/537.36 (KHTML, like Gecko) Chrome/67.0.3396.99 Safari/537.36',
  'accept' => 'text/html,application/xhtml+xml,application/xml;q=0.9,image/webp,image/apng,*/*;q=0.8',
  'referer' => 'http://www.nyhr.com/index/roster/add_form.html',
  'accept-encoding' => 'gzip, deflate',
  'accept-language' => 'zh-CN,zh;q=0.9',
  'cookie' => 'PHPSESSID=c864skj2ake8tk4p10i6v1hfj6',
)
[ info ] [ PARAM ] array (
)
[ info ] [ SESSION ] INIT array (
  'id' => '',
  'var_session_id' => '',
  'prefix' => 'think',
  'type' => '',
  'auto_start' => true,
)
[ info ] [ RUN ] app\index\controller\Roster->lists[ F:\site\nouya_rs\nyinside\index\controller\Roster.php ]
[ info ] [ VIEW ] F:\site\nouya_rs\public/../nyinside/index\view\Page\main.html [ array (
  0 => 'pagegroup',
  1 => 'page_name',
  2 => 'base_info',
  3 => 'base_user',
  4 => 'base_reqest',
) ]
[ info ] [ LOG ] INIT File
---------------------------------------------------------------
[ 2018-09-05T13:20:47+08:00 ] 127.0.0.1 GET /index/roster/add_form.html
[ info ] www.nyhr.com/index/roster/add_form.html [运行时间：0.069569s][吞吐率：14.37req/s] [内存消耗：1,400.09kb] [文件加载：35]
[ info ] [ LANG ] F:\site\fw\thinkphp_5.0.20\thinkphp\lang\zh-cn.php
[ info ] [ ROUTE ] array (
  'type' => 'module',
  'module' => 
  array (
    0 => 'index',
    1 => 'roster',
    2 => 'add_form',
  ),
)
[ info ] [ HEADER ] array (
  'host' => 'www.nyhr.com',
  'connection' => 'keep-alive',
  'upgrade-insecure-requests' => '1',
  'user-agent' => 'Mozilla/5.0 (Windows NT 10.0; Win64; x64) AppleWebKit/537.36 (KHTML, like Gecko) Chrome/67.0.3396.99 Safari/537.36',
  'accept' => 'text/html,application/xhtml+xml,application/xml;q=0.9,image/webp,image/apng,*/*;q=0.8',
  'referer' => 'http://www.nyhr.com/index/roster/lists.html',
  'accept-encoding' => 'gzip, deflate',
  'accept-language' => 'zh-CN,zh;q=0.9',
  'cookie' => 'PHPSESSID=c864skj2ake8tk4p10i6v1hfj6',
)
[ info ] [ PARAM ] array (
)
[ info ] [ SESSION ] INIT array (
  'id' => '',
  'var_session_id' => '',
  'prefix' => 'think',
  'type' => '',
  'auto_start' => true,
)
[ info ] [ RUN ] app\index\controller\Base->add_form[ F:\site\nouya_rs\nyinside\index\controller\Base.php ]
[ info ] [ VIEW ] F:\site\nouya_rs\public/../nyinside/index\view\Page\main.html [ array (
  0 => 'pagegroup',
  1 => 'page_name',
  2 => 'base_info',
  3 => 'base_user',
  4 => 'base_reqest',
) ]
[ info ] [ LOG ] INIT File
---------------------------------------------------------------
[ 2018-09-05T13:20:50+08:00 ] 127.0.0.1 GET /index/roster/lists.html
[ info ] www.nyhr.com/index/roster/lists.html [运行时间：0.070431s][吞吐率：14.20req/s] [内存消耗：1,416.33kb] [文件加载：35]
[ info ] [ LANG ] F:\site\fw\thinkphp_5.0.20\thinkphp\lang\zh-cn.php
[ info ] [ ROUTE ] array (
  'type' => 'module',
  'module' => 
  array (
    0 => 'index',
    1 => 'roster',
    2 => 'lists',
  ),
)
[ info ] [ HEADER ] array (
  'host' => 'www.nyhr.com',
  'connection' => 'keep-alive',
  'upgrade-insecure-requests' => '1',
  'user-agent' => 'Mozilla/5.0 (Windows NT 10.0; Win64; x64) AppleWebKit/537.36 (KHTML, like Gecko) Chrome/67.0.3396.99 Safari/537.36',
  'accept' => 'text/html,application/xhtml+xml,application/xml;q=0.9,image/webp,image/apng,*/*;q=0.8',
  'referer' => 'http://www.nyhr.com/index/roster/add_form.html',
  'accept-encoding' => 'gzip, deflate',
  'accept-language' => 'zh-CN,zh;q=0.9',
  'cookie' => 'PHPSESSID=c864skj2ake8tk4p10i6v1hfj6',
)
[ info ] [ PARAM ] array (
)
[ info ] [ SESSION ] INIT array (
  'id' => '',
  'var_session_id' => '',
  'prefix' => 'think',
  'type' => '',
  'auto_start' => true,
)
[ info ] [ RUN ] app\index\controller\Roster->lists[ F:\site\nouya_rs\nyinside\index\controller\Roster.php ]
[ info ] [ VIEW ] F:\site\nouya_rs\public/../nyinside/index\view\Page\main.html [ array (
  0 => 'pagegroup',
  1 => 'page_name',
  2 => 'base_info',
  3 => 'base_user',
  4 => 'base_reqest',
) ]
[ info ] [ LOG ] INIT File
---------------------------------------------------------------
[ 2018-09-05T13:20:52+08:00 ] 127.0.0.1 GET /index/roster/add_form.html
[ info ] www.nyhr.com/index/roster/add_form.html [运行时间：0.062050s][吞吐率：16.12req/s] [内存消耗：1,400.09kb] [文件加载：35]
[ info ] [ LANG ] F:\site\fw\thinkphp_5.0.20\thinkphp\lang\zh-cn.php
[ info ] [ ROUTE ] array (
  'type' => 'module',
  'module' => 
  array (
    0 => 'index',
    1 => 'roster',
    2 => 'add_form',
  ),
)
[ info ] [ HEADER ] array (
  'host' => 'www.nyhr.com',
  'connection' => 'keep-alive',
  'upgrade-insecure-requests' => '1',
  'user-agent' => 'Mozilla/5.0 (Windows NT 10.0; Win64; x64) AppleWebKit/537.36 (KHTML, like Gecko) Chrome/67.0.3396.99 Safari/537.36',
  'accept' => 'text/html,application/xhtml+xml,application/xml;q=0.9,image/webp,image/apng,*/*;q=0.8',
  'referer' => 'http://www.nyhr.com/index/roster/lists.html',
  'accept-encoding' => 'gzip, deflate',
  'accept-language' => 'zh-CN,zh;q=0.9',
  'cookie' => 'PHPSESSID=c864skj2ake8tk4p10i6v1hfj6',
)
[ info ] [ PARAM ] array (
)
[ info ] [ SESSION ] INIT array (
  'id' => '',
  'var_session_id' => '',
  'prefix' => 'think',
  'type' => '',
  'auto_start' => true,
)
[ info ] [ RUN ] app\index\controller\Base->add_form[ F:\site\nouya_rs\nyinside\index\controller\Base.php ]
[ info ] [ VIEW ] F:\site\nouya_rs\public/../nyinside/index\view\Page\main.html [ array (
  0 => 'pagegroup',
  1 => 'page_name',
  2 => 'base_info',
  3 => 'base_user',
  4 => 'base_reqest',
) ]
[ info ] [ LOG ] INIT File
---------------------------------------------------------------
[ 2018-09-05T13:20:54+08:00 ] 127.0.0.1 GET /index/roster/lists.html
[ info ] www.nyhr.com/index/roster/lists.html [运行时间：0.062459s][吞吐率：16.01req/s] [内存消耗：1,416.33kb] [文件加载：35]
[ info ] [ LANG ] F:\site\fw\thinkphp_5.0.20\thinkphp\lang\zh-cn.php
[ info ] [ ROUTE ] array (
  'type' => 'module',
  'module' => 
  array (
    0 => 'index',
    1 => 'roster',
    2 => 'lists',
  ),
)
[ info ] [ HEADER ] array (
  'host' => 'www.nyhr.com',
  'connection' => 'keep-alive',
  'upgrade-insecure-requests' => '1',
  'user-agent' => 'Mozilla/5.0 (Windows NT 10.0; Win64; x64) AppleWebKit/537.36 (KHTML, like Gecko) Chrome/67.0.3396.99 Safari/537.36',
  'accept' => 'text/html,application/xhtml+xml,application/xml;q=0.9,image/webp,image/apng,*/*;q=0.8',
  'referer' => 'http://www.nyhr.com/index/roster/add_form.html',
  'accept-encoding' => 'gzip, deflate',
  'accept-language' => 'zh-CN,zh;q=0.9',
  'cookie' => 'PHPSESSID=c864skj2ake8tk4p10i6v1hfj6',
)
[ info ] [ PARAM ] array (
)
[ info ] [ SESSION ] INIT array (
  'id' => '',
  'var_session_id' => '',
  'prefix' => 'think',
  'type' => '',
  'auto_start' => true,
)
[ info ] [ RUN ] app\index\controller\Roster->lists[ F:\site\nouya_rs\nyinside\index\controller\Roster.php ]
[ info ] [ VIEW ] F:\site\nouya_rs\public/../nyinside/index\view\Page\main.html [ array (
  0 => 'pagegroup',
  1 => 'page_name',
  2 => 'base_info',
  3 => 'base_user',
  4 => 'base_reqest',
) ]
[ info ] [ LOG ] INIT File
---------------------------------------------------------------
[ 2018-09-05T13:44:07+08:00 ] 127.0.0.1 GET /index/roster/add_form.html
[ info ] www.nyhr.com/index/roster/add_form.html [运行时间：0.078109s][吞吐率：12.80req/s] [内存消耗：1,400.09kb] [文件加载：35]
[ info ] [ LANG ] F:\site\fw\thinkphp_5.0.20\thinkphp\lang\zh-cn.php
[ info ] [ ROUTE ] array (
  'type' => 'module',
  'module' => 
  array (
    0 => 'index',
    1 => 'roster',
    2 => 'add_form',
  ),
)
[ info ] [ HEADER ] array (
  'host' => 'www.nyhr.com',
  'connection' => 'keep-alive',
  'upgrade-insecure-requests' => '1',
  'user-agent' => 'Mozilla/5.0 (Windows NT 10.0; Win64; x64) AppleWebKit/537.36 (KHTML, like Gecko) Chrome/67.0.3396.99 Safari/537.36',
  'accept' => 'text/html,application/xhtml+xml,application/xml;q=0.9,image/webp,image/apng,*/*;q=0.8',
  'referer' => 'http://www.nyhr.com/index/roster/lists.html',
  'accept-encoding' => 'gzip, deflate',
  'accept-language' => 'zh-CN,zh;q=0.9',
  'cookie' => 'PHPSESSID=c864skj2ake8tk4p10i6v1hfj6',
)
[ info ] [ PARAM ] array (
)
[ info ] [ SESSION ] INIT array (
  'id' => '',
  'var_session_id' => '',
  'prefix' => 'think',
  'type' => '',
  'auto_start' => true,
)
[ info ] [ RUN ] app\index\controller\Base->add_form[ F:\site\nouya_rs\nyinside\index\controller\Base.php ]
[ info ] [ VIEW ] F:\site\nouya_rs\public/../nyinside/index\view\Page\main.html [ array (
  0 => 'pagegroup',
  1 => 'page_name',
  2 => 'base_info',
  3 => 'base_user',
  4 => 'base_reqest',
) ]
[ info ] [ LOG ] INIT File
---------------------------------------------------------------
[ 2018-09-05T13:44:26+08:00 ] 127.0.0.1 GET /index/roster/lists.html
[ info ] www.nyhr.com/index/roster/lists.html [运行时间：0.062186s][吞吐率：16.08req/s] [内存消耗：1,416.33kb] [文件加载：35]
[ info ] [ LANG ] F:\site\fw\thinkphp_5.0.20\thinkphp\lang\zh-cn.php
[ info ] [ ROUTE ] array (
  'type' => 'module',
  'module' => 
  array (
    0 => 'index',
    1 => 'roster',
    2 => 'lists',
  ),
)
[ info ] [ HEADER ] array (
  'host' => 'www.nyhr.com',
  'connection' => 'keep-alive',
  'upgrade-insecure-requests' => '1',
  'user-agent' => 'Mozilla/5.0 (Windows NT 10.0; Win64; x64) AppleWebKit/537.36 (KHTML, like Gecko) Chrome/67.0.3396.99 Safari/537.36',
  'accept' => 'text/html,application/xhtml+xml,application/xml;q=0.9,image/webp,image/apng,*/*;q=0.8',
  'referer' => 'http://www.nyhr.com/index/roster/add_form.html',
  'accept-encoding' => 'gzip, deflate',
  'accept-language' => 'zh-CN,zh;q=0.9',
  'cookie' => 'PHPSESSID=c864skj2ake8tk4p10i6v1hfj6',
)
[ info ] [ PARAM ] array (
)
[ info ] [ SESSION ] INIT array (
  'id' => '',
  'var_session_id' => '',
  'prefix' => 'think',
  'type' => '',
  'auto_start' => true,
)
[ info ] [ RUN ] app\index\controller\Roster->lists[ F:\site\nouya_rs\nyinside\index\controller\Roster.php ]
[ info ] [ VIEW ] F:\site\nouya_rs\public/../nyinside/index\view\Page\main.html [ array (
  0 => 'pagegroup',
  1 => 'page_name',
  2 => 'base_info',
  3 => 'base_user',
  4 => 'base_reqest',
) ]
[ info ] [ LOG ] INIT File
---------------------------------------------------------------
[ 2018-09-05T13:44:28+08:00 ] 127.0.0.1 GET /index/roster/lists.html
[ info ] www.nyhr.com/index/roster/lists.html [运行时间：0.081264s][吞吐率：12.31req/s] [内存消耗：1,416.31kb] [文件加载：35]
[ info ] [ LANG ] F:\site\fw\thinkphp_5.0.20\thinkphp\lang\zh-cn.php
[ info ] [ ROUTE ] array (
  'type' => 'module',
  'module' => 
  array (
    0 => 'index',
    1 => 'roster',
    2 => 'lists',
  ),
)
[ info ] [ HEADER ] array (
  'host' => 'www.nyhr.com',
  'connection' => 'keep-alive',
  'upgrade-insecure-requests' => '1',
  'user-agent' => 'Mozilla/5.0 (Windows NT 10.0; Win64; x64) AppleWebKit/537.36 (KHTML, like Gecko) Chrome/67.0.3396.99 Safari/537.36',
  'accept' => 'text/html,application/xhtml+xml,application/xml;q=0.9,image/webp,image/apng,*/*;q=0.8',
  'referer' => 'http://www.nyhr.com/index/roster/lists.html',
  'accept-encoding' => 'gzip, deflate',
  'accept-language' => 'zh-CN,zh;q=0.9',
  'cookie' => 'PHPSESSID=c864skj2ake8tk4p10i6v1hfj6',
)
[ info ] [ PARAM ] array (
)
[ info ] [ SESSION ] INIT array (
  'id' => '',
  'var_session_id' => '',
  'prefix' => 'think',
  'type' => '',
  'auto_start' => true,
)
[ info ] [ RUN ] app\index\controller\Roster->lists[ F:\site\nouya_rs\nyinside\index\controller\Roster.php ]
[ info ] [ VIEW ] F:\site\nouya_rs\public/../nyinside/index\view\Page\main.html [ array (
  0 => 'pagegroup',
  1 => 'page_name',
  2 => 'base_info',
  3 => 'base_user',
  4 => 'base_reqest',
) ]
[ info ] [ LOG ] INIT File
---------------------------------------------------------------
[ 2018-09-05T13:46:07+08:00 ] 127.0.0.1 GET /index/roster/add_form.html
[ info ] www.nyhr.com/index/roster/add_form.html [运行时间：0.076718s][吞吐率：13.03req/s] [内存消耗：1,400.09kb] [文件加载：35]
[ info ] [ LANG ] F:\site\fw\thinkphp_5.0.20\thinkphp\lang\zh-cn.php
[ info ] [ ROUTE ] array (
  'type' => 'module',
  'module' => 
  array (
    0 => 'index',
    1 => 'roster',
    2 => 'add_form',
  ),
)
[ info ] [ HEADER ] array (
  'host' => 'www.nyhr.com',
  'connection' => 'keep-alive',
  'upgrade-insecure-requests' => '1',
  'user-agent' => 'Mozilla/5.0 (Windows NT 10.0; Win64; x64) AppleWebKit/537.36 (KHTML, like Gecko) Chrome/67.0.3396.99 Safari/537.36',
  'accept' => 'text/html,application/xhtml+xml,application/xml;q=0.9,image/webp,image/apng,*/*;q=0.8',
  'referer' => 'http://www.nyhr.com/index/roster/lists.html',
  'accept-encoding' => 'gzip, deflate',
  'accept-language' => 'zh-CN,zh;q=0.9',
  'cookie' => 'PHPSESSID=c864skj2ake8tk4p10i6v1hfj6',
)
[ info ] [ PARAM ] array (
)
[ info ] [ SESSION ] INIT array (
  'id' => '',
  'var_session_id' => '',
  'prefix' => 'think',
  'type' => '',
  'auto_start' => true,
)
[ info ] [ RUN ] app\index\controller\Base->add_form[ F:\site\nouya_rs\nyinside\index\controller\Base.php ]
[ info ] [ VIEW ] F:\site\nouya_rs\public/../nyinside/index\view\Page\main.html [ array (
  0 => 'pagegroup',
  1 => 'page_name',
  2 => 'base_info',
  3 => 'base_user',
  4 => 'base_reqest',
) ]
[ info ] [ LOG ] INIT File
---------------------------------------------------------------
[ 2018-09-05T14:23:21+08:00 ] 127.0.0.1 GET /index/index/logout.html
[ info ] www.nyhr.com/index/index/logout.html [运行时间：0.104224s][吞吐率：9.59req/s] [内存消耗：1,351.12kb] [文件加载：34]
[ info ] [ LANG ] F:\site\fw\thinkphp_5.0.20\thinkphp\lang\zh-cn.php
[ info ] [ ROUTE ] array (
  'type' => 'module',
  'module' => 
  array (
    0 => 'index',
    1 => 'index',
    2 => 'logout',
  ),
)
[ info ] [ HEADER ] array (
  'host' => 'www.nyhr.com',
  'connection' => 'keep-alive',
  'upgrade-insecure-requests' => '1',
  'user-agent' => 'Mozilla/5.0 (Windows NT 10.0; Win64; x64) AppleWebKit/537.36 (KHTML, like Gecko) Chrome/67.0.3396.99 Safari/537.36',
  'accept' => 'text/html,application/xhtml+xml,application/xml;q=0.9,image/webp,image/apng,*/*;q=0.8',
  'accept-encoding' => 'gzip, deflate',
  'accept-language' => 'zh-CN,zh;q=0.9',
)
[ info ] [ PARAM ] array (
)
[ info ] [ RUN ] app\index\controller\Index->logout[ F:\site\nouya_rs\nyinside\index\controller\Index.php ]
[ info ] [ LOG ] INIT File
---------------------------------------------------------------
[ 2018-09-05T14:23:21+08:00 ] 127.0.0.1 GET /index/index/login_form/login_id/2.html
[ info ] www.nyhr.com/index/index/login_form/login_id/2.html [运行时间：0.066863s][吞吐率：14.96req/s] [内存消耗：1,383.88kb] [文件加载：34]
[ info ] [ LANG ] F:\site\fw\thinkphp_5.0.20\thinkphp\lang\zh-cn.php
[ info ] [ ROUTE ] array (
  'type' => 'module',
  'module' => 
  array (
    0 => 'index',
    1 => 'index',
    2 => 'login_form',
  ),
)
[ info ] [ HEADER ] array (
  'host' => 'www.nyhr.com',
  'connection' => 'keep-alive',
  'upgrade-insecure-requests' => '1',
  'user-agent' => 'Mozilla/5.0 (Windows NT 10.0; Win64; x64) AppleWebKit/537.36 (KHTML, like Gecko) Chrome/67.0.3396.99 Safari/537.36',
  'accept' => 'text/html,application/xhtml+xml,application/xml;q=0.9,image/webp,image/apng,*/*;q=0.8',
  'accept-encoding' => 'gzip, deflate',
  'accept-language' => 'zh-CN,zh;q=0.9',
)
[ info ] [ PARAM ] array (
  'login_id' => '2',
)
[ info ] [ RUN ] app\index\controller\Index->login_form[ F:\site\nouya_rs\nyinside\index\controller\Index.php ]
[ info ] [ VIEW ] F:\site\nouya_rs\public/../nyinside/index\view\index\login.html [ array (
) ]
[ info ] [ LOG ] INIT File
---------------------------------------------------------------
[ 2018-09-05T14:23:24+08:00 ] 127.0.0.1 GET /index/index/logindo.html?mail=&password=
[ info ] www.nyhr.com/index/index/logindo.html?mail=&password= [运行时间：0.064806s][吞吐率：15.43req/s] [内存消耗：1,402.99kb] [文件加载：34]
[ info ] [ LANG ] F:\site\fw\thinkphp_5.0.20\thinkphp\lang\zh-cn.php
[ info ] [ ROUTE ] array (
  'type' => 'module',
  'module' => 
  array (
    0 => 'index',
    1 => 'index',
    2 => 'logindo',
  ),
)
[ info ] [ HEADER ] array (
  'host' => 'www.nyhr.com',
  'connection' => 'keep-alive',
  'accept' => 'application/json, text/javascript, */*; q=0.01',
  'x-requested-with' => 'XMLHttpRequest',
  'user-agent' => 'Mozilla/5.0 (Windows NT 10.0; Win64; x64) AppleWebKit/537.36 (KHTML, like Gecko) Chrome/67.0.3396.99 Safari/537.36',
  'referer' => 'http://www.nyhr.com/index/index/login_form/login_id/2.html',
  'accept-encoding' => 'gzip, deflate',
  'accept-language' => 'zh-CN,zh;q=0.9',
)
[ info ] [ PARAM ] array (
  'mail' => '',
  'password' => '',
)
[ info ] [ RUN ] app\index\controller\Index->logindo[ F:\site\nouya_rs\nyinside\index\controller\Index.php ]
[ info ] [ SESSION ] INIT array (
  'id' => '',
  'var_session_id' => '',
  'prefix' => 'think',
  'type' => '',
  'auto_start' => true,
)
[ info ] [ LOG ] INIT File
---------------------------------------------------------------
[ 2018-09-05T14:23:24+08:00 ] 127.0.0.1 GET /index/index/index.html
[ info ] www.nyhr.com/index/index/index.html [运行时间：0.073088s][吞吐率：13.68req/s] [内存消耗：1,414.64kb] [文件加载：35]
[ info ] [ LANG ] F:\site\fw\thinkphp_5.0.20\thinkphp\lang\zh-cn.php
[ info ] [ ROUTE ] array (
  'type' => 'module',
  'module' => 
  array (
    0 => 'index',
    1 => 'index',
    2 => 'index',
  ),
)
[ info ] [ HEADER ] array (
  'host' => 'www.nyhr.com',
  'connection' => 'keep-alive',
  'upgrade-insecure-requests' => '1',
  'user-agent' => 'Mozilla/5.0 (Windows NT 10.0; Win64; x64) AppleWebKit/537.36 (KHTML, like Gecko) Chrome/67.0.3396.99 Safari/537.36',
  'accept' => 'text/html,application/xhtml+xml,application/xml;q=0.9,image/webp,image/apng,*/*;q=0.8',
  'referer' => 'http://www.nyhr.com/index/index/login_form/login_id/2.html',
  'accept-encoding' => 'gzip, deflate',
  'accept-language' => 'zh-CN,zh;q=0.9',
  'cookie' => 'PHPSESSID=n47cer2fsi38mr5747m0t1v0a5',
)
[ info ] [ PARAM ] array (
)
[ info ] [ RUN ] app\index\controller\Index->index[ F:\site\nouya_rs\nyinside\index\controller\Index.php ]
[ info ] [ SESSION ] INIT array (
  'id' => '',
  'var_session_id' => '',
  'prefix' => 'think',
  'type' => '',
  'auto_start' => true,
)
[ info ] [ LOG ] INIT File
---------------------------------------------------------------
[ 2018-09-05T14:23:24+08:00 ] 127.0.0.1 GET /index/center/index.html
[ info ] www.nyhr.com/index/center/index.html [运行时间：0.068756s][吞吐率：14.54req/s] [内存消耗：1,399.87kb] [文件加载：35]
[ info ] [ LANG ] F:\site\fw\thinkphp_5.0.20\thinkphp\lang\zh-cn.php
[ info ] [ ROUTE ] array (
  'type' => 'module',
  'module' => 
  array (
    0 => 'index',
    1 => 'center',
    2 => 'index',
  ),
)
[ info ] [ HEADER ] array (
  'host' => 'www.nyhr.com',
  'connection' => 'keep-alive',
  'upgrade-insecure-requests' => '1',
  'user-agent' => 'Mozilla/5.0 (Windows NT 10.0; Win64; x64) AppleWebKit/537.36 (KHTML, like Gecko) Chrome/67.0.3396.99 Safari/537.36',
  'accept' => 'text/html,application/xhtml+xml,application/xml;q=0.9,image/webp,image/apng,*/*;q=0.8',
  'referer' => 'http://www.nyhr.com/index/index/login_form/login_id/2.html',
  'accept-encoding' => 'gzip, deflate',
  'accept-language' => 'zh-CN,zh;q=0.9',
  'cookie' => 'PHPSESSID=n47cer2fsi38mr5747m0t1v0a5',
)
[ info ] [ PARAM ] array (
)
[ info ] [ SESSION ] INIT array (
  'id' => '',
  'var_session_id' => '',
  'prefix' => 'think',
  'type' => '',
  'auto_start' => true,
)
[ info ] [ RUN ] app\index\controller\Center->index[ F:\site\nouya_rs\nyinside\index\controller\Center.php ]
[ info ] [ VIEW ] F:\site\nouya_rs\public/../nyinside/index\view\Page\first.html [ array (
  0 => 'pagegroup',
  1 => 'page_name',
  2 => 'base_info',
  3 => 'base_user',
  4 => 'base_reqest',
) ]
[ info ] [ LOG ] INIT File
---------------------------------------------------------------
[ 2018-09-05T14:23:26+08:00 ] 127.0.0.1 GET /index/roster/lists.html
[ info ] www.nyhr.com/index/roster/lists.html [运行时间：0.076569s][吞吐率：13.06req/s] [内存消耗：1,416.31kb] [文件加载：35]
[ info ] [ LANG ] F:\site\fw\thinkphp_5.0.20\thinkphp\lang\zh-cn.php
[ info ] [ ROUTE ] array (
  'type' => 'module',
  'module' => 
  array (
    0 => 'index',
    1 => 'roster',
    2 => 'lists',
  ),
)
[ info ] [ HEADER ] array (
  'host' => 'www.nyhr.com',
  'connection' => 'keep-alive',
  'upgrade-insecure-requests' => '1',
  'user-agent' => 'Mozilla/5.0 (Windows NT 10.0; Win64; x64) AppleWebKit/537.36 (KHTML, like Gecko) Chrome/67.0.3396.99 Safari/537.36',
  'accept' => 'text/html,application/xhtml+xml,application/xml;q=0.9,image/webp,image/apng,*/*;q=0.8',
  'referer' => 'http://www.nyhr.com/index/center/index.html',
  'accept-encoding' => 'gzip, deflate',
  'accept-language' => 'zh-CN,zh;q=0.9',
  'cookie' => 'PHPSESSID=n47cer2fsi38mr5747m0t1v0a5',
)
[ info ] [ PARAM ] array (
)
[ info ] [ SESSION ] INIT array (
  'id' => '',
  'var_session_id' => '',
  'prefix' => 'think',
  'type' => '',
  'auto_start' => true,
)
[ info ] [ RUN ] app\index\controller\Roster->lists[ F:\site\nouya_rs\nyinside\index\controller\Roster.php ]
[ info ] [ VIEW ] F:\site\nouya_rs\public/../nyinside/index\view\Page\main.html [ array (
  0 => 'pagegroup',
  1 => 'page_name',
  2 => 'base_info',
  3 => 'base_user',
  4 => 'base_reqest',
) ]
[ info ] [ LOG ] INIT File
---------------------------------------------------------------
[ 2018-09-05T14:34:17+08:00 ] 127.0.0.1 GET /index/roster/add_form.html
[ info ] www.nyhr.com/index/roster/add_form.html [运行时间：0.072623s][吞吐率：13.77req/s] [内存消耗：1,400.09kb] [文件加载：35]
[ info ] [ LANG ] F:\site\fw\thinkphp_5.0.20\thinkphp\lang\zh-cn.php
[ info ] [ ROUTE ] array (
  'type' => 'module',
  'module' => 
  array (
    0 => 'index',
    1 => 'roster',
    2 => 'add_form',
  ),
)
[ info ] [ HEADER ] array (
  'host' => 'www.nyhr.com',
  'connection' => 'keep-alive',
  'upgrade-insecure-requests' => '1',
  'user-agent' => 'Mozilla/5.0 (Windows NT 10.0; Win64; x64) AppleWebKit/537.36 (KHTML, like Gecko) Chrome/67.0.3396.99 Safari/537.36',
  'accept' => 'text/html,application/xhtml+xml,application/xml;q=0.9,image/webp,image/apng,*/*;q=0.8',
  'referer' => 'http://www.nyhr.com/index/roster/lists.html',
  'accept-encoding' => 'gzip, deflate',
  'accept-language' => 'zh-CN,zh;q=0.9',
  'cookie' => 'PHPSESSID=n47cer2fsi38mr5747m0t1v0a5',
)
[ info ] [ PARAM ] array (
)
[ info ] [ SESSION ] INIT array (
  'id' => '',
  'var_session_id' => '',
  'prefix' => 'think',
  'type' => '',
  'auto_start' => true,
)
[ info ] [ RUN ] app\index\controller\Base->add_form[ F:\site\nouya_rs\nyinside\index\controller\Base.php ]
[ info ] [ VIEW ] F:\site\nouya_rs\public/../nyinside/index\view\Page\main.html [ array (
  0 => 'pagegroup',
  1 => 'page_name',
  2 => 'base_info',
  3 => 'base_user',
  4 => 'base_reqest',
) ]
[ info ] [ LOG ] INIT File
---------------------------------------------------------------
[ 2018-09-05T15:59:44+08:00 ] 127.0.0.1 GET /index/roster/add_form.html
[ info ] www.nyhr.com/index/roster/add_form.html [运行时间：0.103020s][吞吐率：9.71req/s] [内存消耗：1,554.02kb] [文件加载：37]
[ info ] [ LANG ] F:\site\fw\thinkphp_5.0.20\thinkphp\lang\zh-cn.php
[ info ] [ ROUTE ] array (
  'type' => 'module',
  'module' => 
  array (
    0 => 'index',
    1 => 'roster',
    2 => 'add_form',
  ),
)
[ info ] [ HEADER ] array (
  'host' => 'www.nyhr.com',
  'connection' => 'keep-alive',
  'cache-control' => 'max-age=0',
  'upgrade-insecure-requests' => '1',
  'user-agent' => 'Mozilla/5.0 (Windows NT 10.0; Win64; x64) AppleWebKit/537.36 (KHTML, like Gecko) Chrome/67.0.3396.99 Safari/537.36',
  'accept' => 'text/html,application/xhtml+xml,application/xml;q=0.9,image/webp,image/apng,*/*;q=0.8',
  'referer' => 'http://www.nyhr.com/index/roster/lists.html',
  'accept-encoding' => 'gzip, deflate',
  'accept-language' => 'zh-CN,zh;q=0.9',
  'cookie' => 'PHPSESSID=n47cer2fsi38mr5747m0t1v0a5',
)
[ info ] [ PARAM ] array (
)
[ info ] [ SESSION ] INIT array (
  'id' => '',
  'var_session_id' => '',
  'prefix' => 'think',
  'type' => '',
  'auto_start' => true,
)
[ info ] [ RUN ] app\index\controller\Base->add_form[ F:\site\nouya_rs\nyinside\index\controller\Base.php ]
[ info ] [ VIEW ] F:\site\nouya_rs\public/../nyinside/index\view\Page\main.html [ array (
  0 => 'pagegroup',
  1 => 'page_name',
  2 => 'base_info',
  3 => 'base_user',
  4 => 'base_reqest',
) ]
[ info ] [ LOG ] INIT File
---------------------------------------------------------------
[ 2018-09-05T15:59:48+08:00 ] 127.0.0.1 GET /index/roster/add_form.html
[ info ] www.nyhr.com/index/roster/add_form.html [运行时间：0.062839s][吞吐率：15.91req/s] [内存消耗：1,400.30kb] [文件加载：35]
[ info ] [ LANG ] F:\site\fw\thinkphp_5.0.20\thinkphp\lang\zh-cn.php
[ info ] [ ROUTE ] array (
  'type' => 'module',
  'module' => 
  array (
    0 => 'index',
    1 => 'roster',
    2 => 'add_form',
  ),
)
[ info ] [ HEADER ] array (
  'host' => 'www.nyhr.com',
  'connection' => 'keep-alive',
  'cache-control' => 'max-age=0',
  'upgrade-insecure-requests' => '1',
  'user-agent' => 'Mozilla/5.0 (Windows NT 10.0; Win64; x64) AppleWebKit/537.36 (KHTML, like Gecko) Chrome/67.0.3396.99 Safari/537.36',
  'accept' => 'text/html,application/xhtml+xml,application/xml;q=0.9,image/webp,image/apng,*/*;q=0.8',
  'referer' => 'http://www.nyhr.com/index/roster/lists.html',
  'accept-encoding' => 'gzip, deflate',
  'accept-language' => 'zh-CN,zh;q=0.9',
  'cookie' => 'PHPSESSID=n47cer2fsi38mr5747m0t1v0a5',
)
[ info ] [ PARAM ] array (
)
[ info ] [ SESSION ] INIT array (
  'id' => '',
  'var_session_id' => '',
  'prefix' => 'think',
  'type' => '',
  'auto_start' => true,
)
[ info ] [ RUN ] app\index\controller\Base->add_form[ F:\site\nouya_rs\nyinside\index\controller\Base.php ]
[ info ] [ VIEW ] F:\site\nouya_rs\public/../nyinside/index\view\Page\main.html [ array (
  0 => 'pagegroup',
  1 => 'page_name',
  2 => 'base_info',
  3 => 'base_user',
  4 => 'base_reqest',
) ]
[ info ] [ LOG ] INIT File
---------------------------------------------------------------
[ 2018-09-05T16:04:06+08:00 ] 127.0.0.1 GET /index/roster/add_form.html
[ info ] www.nyhr.com/index/roster/add_form.html [运行时间：0.105092s][吞吐率：9.52req/s] [内存消耗：1,554.30kb] [文件加载：37]
[ info ] [ LANG ] F:\site\fw\thinkphp_5.0.20\thinkphp\lang\zh-cn.php
[ info ] [ ROUTE ] array (
  'type' => 'module',
  'module' => 
  array (
    0 => 'index',
    1 => 'roster',
    2 => 'add_form',
  ),
)
[ info ] [ HEADER ] array (
  'host' => 'www.nyhr.com',
  'connection' => 'keep-alive',
  'cache-control' => 'max-age=0',
  'upgrade-insecure-requests' => '1',
  'user-agent' => 'Mozilla/5.0 (Windows NT 10.0; Win64; x64) AppleWebKit/537.36 (KHTML, like Gecko) Chrome/67.0.3396.99 Safari/537.36',
  'accept' => 'text/html,application/xhtml+xml,application/xml;q=0.9,image/webp,image/apng,*/*;q=0.8',
  'referer' => 'http://www.nyhr.com/index/roster/lists.html',
  'accept-encoding' => 'gzip, deflate',
  'accept-language' => 'zh-CN,zh;q=0.9',
  'cookie' => 'PHPSESSID=n47cer2fsi38mr5747m0t1v0a5',
)
[ info ] [ PARAM ] array (
)
[ info ] [ SESSION ] INIT array (
  'id' => '',
  'var_session_id' => '',
  'prefix' => 'think',
  'type' => '',
  'auto_start' => true,
)
[ info ] [ RUN ] app\index\controller\Base->add_form[ F:\site\nouya_rs\nyinside\index\controller\Base.php ]
[ info ] [ VIEW ] F:\site\nouya_rs\public/../nyinside/index\view\Page\main.html [ array (
  0 => 'pagegroup',
  1 => 'page_name',
  2 => 'base_info',
  3 => 'base_user',
  4 => 'base_reqest',
) ]
[ info ] [ LOG ] INIT File
---------------------------------------------------------------
[ 2018-09-05T16:04:08+08:00 ] 127.0.0.1 GET /index/roster/lists.html
[ info ] www.nyhr.com/index/roster/lists.html [运行时间：0.067133s][吞吐率：14.90req/s] [内存消耗：1,416.45kb] [文件加载：35]
[ info ] [ LANG ] F:\site\fw\thinkphp_5.0.20\thinkphp\lang\zh-cn.php
[ info ] [ ROUTE ] array (
  'type' => 'module',
  'module' => 
  array (
    0 => 'index',
    1 => 'roster',
    2 => 'lists',
  ),
)
[ info ] [ HEADER ] array (
  'host' => 'www.nyhr.com',
  'connection' => 'keep-alive',
  'upgrade-insecure-requests' => '1',
  'user-agent' => 'Mozilla/5.0 (Windows NT 10.0; Win64; x64) AppleWebKit/537.36 (KHTML, like Gecko) Chrome/67.0.3396.99 Safari/537.36',
  'accept' => 'text/html,application/xhtml+xml,application/xml;q=0.9,image/webp,image/apng,*/*;q=0.8',
  'referer' => 'http://www.nyhr.com/index/roster/add_form.html',
  'accept-encoding' => 'gzip, deflate',
  'accept-language' => 'zh-CN,zh;q=0.9',
  'cookie' => 'PHPSESSID=n47cer2fsi38mr5747m0t1v0a5',
)
[ info ] [ PARAM ] array (
)
[ info ] [ SESSION ] INIT array (
  'id' => '',
  'var_session_id' => '',
  'prefix' => 'think',
  'type' => '',
  'auto_start' => true,
)
[ info ] [ RUN ] app\index\controller\Roster->lists[ F:\site\nouya_rs\nyinside\index\controller\Roster.php ]
[ info ] [ VIEW ] F:\site\nouya_rs\public/../nyinside/index\view\Page\main.html [ array (
  0 => 'pagegroup',
  1 => 'page_name',
  2 => 'base_info',
  3 => 'base_user',
  4 => 'base_reqest',
) ]
[ info ] [ LOG ] INIT File
---------------------------------------------------------------
[ 2018-09-05T16:04:12+08:00 ] 127.0.0.1 GET /index/roster/lists.html
[ info ] www.nyhr.com/index/roster/lists.html [运行时间：0.065084s][吞吐率：15.36req/s] [内存消耗：1,416.35kb] [文件加载：35]
[ info ] [ LANG ] F:\site\fw\thinkphp_5.0.20\thinkphp\lang\zh-cn.php
[ info ] [ ROUTE ] array (
  'type' => 'module',
  'module' => 
  array (
    0 => 'index',
    1 => 'roster',
    2 => 'lists',
  ),
)
[ info ] [ HEADER ] array (
  'host' => 'www.nyhr.com',
  'connection' => 'keep-alive',
  'upgrade-insecure-requests' => '1',
  'user-agent' => 'Mozilla/5.0 (Windows NT 10.0; Win64; x64) AppleWebKit/537.36 (KHTML, like Gecko) Chrome/67.0.3396.99 Safari/537.36',
  'accept' => 'text/html,application/xhtml+xml,application/xml;q=0.9,image/webp,image/apng,*/*;q=0.8',
  'referer' => 'http://www.nyhr.com/index/roster/lists.html',
  'accept-encoding' => 'gzip, deflate',
  'accept-language' => 'zh-CN,zh;q=0.9',
  'cookie' => 'PHPSESSID=n47cer2fsi38mr5747m0t1v0a5',
)
[ info ] [ PARAM ] array (
)
[ info ] [ SESSION ] INIT array (
  'id' => '',
  'var_session_id' => '',
  'prefix' => 'think',
  'type' => '',
  'auto_start' => true,
)
[ info ] [ RUN ] app\index\controller\Roster->lists[ F:\site\nouya_rs\nyinside\index\controller\Roster.php ]
[ info ] [ VIEW ] F:\site\nouya_rs\public/../nyinside/index\view\Page\main.html [ array (
  0 => 'pagegroup',
  1 => 'page_name',
  2 => 'base_info',
  3 => 'base_user',
  4 => 'base_reqest',
) ]
[ info ] [ LOG ] INIT File
---------------------------------------------------------------
[ 2018-09-05T16:06:42+08:00 ] 127.0.0.1 GET /index/roster/lists.html
[ info ] www.nyhr.com/index/roster/lists.html [运行时间：0.092002s][吞吐率：10.87req/s] [内存消耗：1,583.32kb] [文件加载：37]
[ info ] [ LANG ] F:\site\fw\thinkphp_5.0.20\thinkphp\lang\zh-cn.php
[ info ] [ ROUTE ] array (
  'type' => 'module',
  'module' => 
  array (
    0 => 'index',
    1 => 'roster',
    2 => 'lists',
  ),
)
[ info ] [ HEADER ] array (
  'host' => 'www.nyhr.com',
  'connection' => 'keep-alive',
  'cache-control' => 'max-age=0',
  'upgrade-insecure-requests' => '1',
  'user-agent' => 'Mozilla/5.0 (Windows NT 10.0; Win64; x64) AppleWebKit/537.36 (KHTML, like Gecko) Chrome/67.0.3396.99 Safari/537.36',
  'accept' => 'text/html,application/xhtml+xml,application/xml;q=0.9,image/webp,image/apng,*/*;q=0.8',
  'referer' => 'http://www.nyhr.com/index/roster/lists.html',
  'accept-encoding' => 'gzip, deflate',
  'accept-language' => 'zh-CN,zh;q=0.9',
  'cookie' => 'PHPSESSID=n47cer2fsi38mr5747m0t1v0a5',
)
[ info ] [ PARAM ] array (
)
[ info ] [ SESSION ] INIT array (
  'id' => '',
  'var_session_id' => '',
  'prefix' => 'think',
  'type' => '',
  'auto_start' => true,
)
[ info ] [ RUN ] app\index\controller\Roster->lists[ F:\site\nouya_rs\nyinside\index\controller\Roster.php ]
[ info ] [ VIEW ] F:\site\nouya_rs\public/../nyinside/index\view\Page\main.html [ array (
  0 => 'pagegroup',
  1 => 'page_name',
  2 => 'base_info',
  3 => 'base_user',
  4 => 'base_reqest',
) ]
[ info ] [ LOG ] INIT File
---------------------------------------------------------------
[ 2018-09-05T16:07:59+08:00 ] 127.0.0.1 GET /index/roster/lists.html
[ info ] www.nyhr.com/index/roster/lists.html [运行时间：0.081095s][吞吐率：12.33req/s] [内存消耗：1,583.31kb] [文件加载：37]
[ info ] [ LANG ] F:\site\fw\thinkphp_5.0.20\thinkphp\lang\zh-cn.php
[ info ] [ ROUTE ] array (
  'type' => 'module',
  'module' => 
  array (
    0 => 'index',
    1 => 'roster',
    2 => 'lists',
  ),
)
[ info ] [ HEADER ] array (
  'host' => 'www.nyhr.com',
  'connection' => 'keep-alive',
  'cache-control' => 'max-age=0',
  'upgrade-insecure-requests' => '1',
  'user-agent' => 'Mozilla/5.0 (Windows NT 10.0; Win64; x64) AppleWebKit/537.36 (KHTML, like Gecko) Chrome/67.0.3396.99 Safari/537.36',
  'accept' => 'text/html,application/xhtml+xml,application/xml;q=0.9,image/webp,image/apng,*/*;q=0.8',
  'referer' => 'http://www.nyhr.com/index/roster/lists.html',
  'accept-encoding' => 'gzip, deflate',
  'accept-language' => 'zh-CN,zh;q=0.9',
  'cookie' => 'PHPSESSID=n47cer2fsi38mr5747m0t1v0a5',
)
[ info ] [ PARAM ] array (
)
[ info ] [ SESSION ] INIT array (
  'id' => '',
  'var_session_id' => '',
  'prefix' => 'think',
  'type' => '',
  'auto_start' => true,
)
[ info ] [ RUN ] app\index\controller\Roster->lists[ F:\site\nouya_rs\nyinside\index\controller\Roster.php ]
[ info ] [ VIEW ] F:\site\nouya_rs\public/../nyinside/index\view\Page\main.html [ array (
  0 => 'pagegroup',
  1 => 'page_name',
  2 => 'base_info',
  3 => 'base_user',
  4 => 'base_reqest',
) ]
[ info ] [ LOG ] INIT File
---------------------------------------------------------------
[ 2018-09-05T16:15:16+08:00 ] 127.0.0.1 GET /index/roster/lists.html
[ info ] www.nyhr.com/index/roster/lists.html [运行时间：0.069531s][吞吐率：14.38req/s] [内存消耗：1,333.81kb] [文件加载：33]
[ info ] [ LANG ] F:\site\fw\thinkphp_5.0.20\thinkphp\lang\zh-cn.php
[ info ] [ ROUTE ] array (
  'type' => 'module',
  'module' => 
  array (
    0 => 'index',
    1 => 'roster',
    2 => 'lists',
  ),
)
[ info ] [ HEADER ] array (
  'host' => 'www.nyhr.com',
  'connection' => 'keep-alive',
  'cache-control' => 'max-age=0',
  'upgrade-insecure-requests' => '1',
  'user-agent' => 'Mozilla/5.0 (Windows NT 10.0; Win64; x64) AppleWebKit/537.36 (KHTML, like Gecko) Chrome/67.0.3396.99 Safari/537.36',
  'accept' => 'text/html,application/xhtml+xml,application/xml;q=0.9,image/webp,image/apng,*/*;q=0.8',
  'referer' => 'http://www.nyhr.com/index/roster/lists.html',
  'accept-encoding' => 'gzip, deflate',
  'accept-language' => 'zh-CN,zh;q=0.9',
  'cookie' => 'PHPSESSID=n47cer2fsi38mr5747m0t1v0a5',
)
[ info ] [ PARAM ] array (
)
[ info ] [ SESSION ] INIT array (
  'id' => '',
  'var_session_id' => '',
  'prefix' => 'think',
  'type' => '',
  'auto_start' => true,
)
[ info ] [ LOG ] INIT File
---------------------------------------------------------------
[ 2018-09-05T16:20:13+08:00 ] 127.0.0.1 GET /index/roster/lists.html
[ info ] www.nyhr.com/index/roster/lists.html [运行时间：0.100067s][吞吐率：9.99req/s] [内存消耗：1,583.73kb] [文件加载：37]
[ info ] [ LANG ] F:\site\fw\thinkphp_5.0.20\thinkphp\lang\zh-cn.php
[ info ] [ ROUTE ] array (
  'type' => 'module',
  'module' => 
  array (
    0 => 'index',
    1 => 'roster',
    2 => 'lists',
  ),
)
[ info ] [ HEADER ] array (
  'host' => 'www.nyhr.com',
  'connection' => 'keep-alive',
  'cache-control' => 'max-age=0',
  'upgrade-insecure-requests' => '1',
  'user-agent' => 'Mozilla/5.0 (Windows NT 10.0; Win64; x64) AppleWebKit/537.36 (KHTML, like Gecko) Chrome/67.0.3396.99 Safari/537.36',
  'accept' => 'text/html,application/xhtml+xml,application/xml;q=0.9,image/webp,image/apng,*/*;q=0.8',
  'referer' => 'http://www.nyhr.com/index/roster/lists.html',
  'accept-encoding' => 'gzip, deflate',
  'accept-language' => 'zh-CN,zh;q=0.9',
  'cookie' => 'PHPSESSID=n47cer2fsi38mr5747m0t1v0a5',
)
[ info ] [ PARAM ] array (
)
[ info ] [ SESSION ] INIT array (
  'id' => '',
  'var_session_id' => '',
  'prefix' => 'think',
  'type' => '',
  'auto_start' => true,
)
[ info ] [ RUN ] app\index\controller\Roster->lists[ F:\site\nouya_rs\nyinside\index\controller\Roster.php ]
[ info ] [ VIEW ] F:\site\nouya_rs\public/../nyinside/index\view\Page\main.html [ array (
  0 => 'pagegroup',
  1 => 'page_name',
  2 => 'base_info',
  3 => 'base_user',
  4 => 'base_reqest',
) ]
[ info ] [ LOG ] INIT File
---------------------------------------------------------------
[ 2018-09-05T16:20:35+08:00 ] 127.0.0.1 GET /index/roster/lists.html
[ info ] www.nyhr.com/index/roster/lists.html [运行时间：0.079840s][吞吐率：12.53req/s] [内存消耗：1,583.64kb] [文件加载：37]
[ info ] [ LANG ] F:\site\fw\thinkphp_5.0.20\thinkphp\lang\zh-cn.php
[ info ] [ ROUTE ] array (
  'type' => 'module',
  'module' => 
  array (
    0 => 'index',
    1 => 'roster',
    2 => 'lists',
  ),
)
[ info ] [ HEADER ] array (
  'host' => 'www.nyhr.com',
  'connection' => 'keep-alive',
  'cache-control' => 'max-age=0',
  'upgrade-insecure-requests' => '1',
  'user-agent' => 'Mozilla/5.0 (Windows NT 10.0; Win64; x64) AppleWebKit/537.36 (KHTML, like Gecko) Chrome/67.0.3396.99 Safari/537.36',
  'accept' => 'text/html,application/xhtml+xml,application/xml;q=0.9,image/webp,image/apng,*/*;q=0.8',
  'referer' => 'http://www.nyhr.com/index/roster/lists.html',
  'accept-encoding' => 'gzip, deflate',
  'accept-language' => 'zh-CN,zh;q=0.9',
  'cookie' => 'PHPSESSID=n47cer2fsi38mr5747m0t1v0a5',
)
[ info ] [ PARAM ] array (
)
[ info ] [ SESSION ] INIT array (
  'id' => '',
  'var_session_id' => '',
  'prefix' => 'think',
  'type' => '',
  'auto_start' => true,
)
[ info ] [ RUN ] app\index\controller\Roster->lists[ F:\site\nouya_rs\nyinside\index\controller\Roster.php ]
[ info ] [ VIEW ] F:\site\nouya_rs\public/../nyinside/index\view\Page\main.html [ array (
  0 => 'pagegroup',
  1 => 'page_name',
  2 => 'base_info',
  3 => 'base_user',
  4 => 'base_reqest',
) ]
[ info ] [ LOG ] INIT File
---------------------------------------------------------------
[ 2018-09-05T16:27:15+08:00 ] 127.0.0.1 GET /index/roster/lists.html
[ info ] www.nyhr.com/index/roster/lists.html [运行时间：0.105862s][吞吐率：9.45req/s] [内存消耗：1,416.39kb] [文件加载：35]
[ info ] [ LANG ] F:\site\fw\thinkphp_5.0.20\thinkphp\lang\zh-cn.php
[ info ] [ ROUTE ] array (
  'type' => 'module',
  'module' => 
  array (
    0 => 'index',
    1 => 'roster',
    2 => 'lists',
  ),
)
[ info ] [ HEADER ] array (
  'host' => 'www.nyhr.com',
  'connection' => 'keep-alive',
  'upgrade-insecure-requests' => '1',
  'user-agent' => 'Mozilla/5.0 (Windows NT 10.0; Win64; x64) AppleWebKit/537.36 (KHTML, like Gecko) Chrome/67.0.3396.99 Safari/537.36',
  'accept' => 'text/html,application/xhtml+xml,application/xml;q=0.9,image/webp,image/apng,*/*;q=0.8',
  'referer' => 'http://www.nyhr.com/index/roster/lists.html',
  'accept-encoding' => 'gzip, deflate',
  'accept-language' => 'zh-CN,zh;q=0.9',
  'cookie' => 'PHPSESSID=n47cer2fsi38mr5747m0t1v0a5',
)
[ info ] [ PARAM ] array (
)
[ info ] [ SESSION ] INIT array (
  'id' => '',
  'var_session_id' => '',
  'prefix' => 'think',
  'type' => '',
  'auto_start' => true,
)
[ info ] [ RUN ] app\index\controller\Roster->lists[ F:\site\nouya_rs\nyinside\index\controller\Roster.php ]
[ info ] [ VIEW ] F:\site\nouya_rs\public/../nyinside/index\view\Page\main.html [ array (
  0 => 'pagegroup',
  1 => 'page_name',
  2 => 'base_info',
  3 => 'base_user',
  4 => 'base_reqest',
) ]
[ info ] [ LOG ] INIT File
---------------------------------------------------------------
[ 2018-09-05T16:27:17+08:00 ] 127.0.0.1 GET /index/roster/lists.html
[ info ] www.nyhr.com/index/roster/lists.html [运行时间：0.069903s][吞吐率：14.31req/s] [内存消耗：1,416.39kb] [文件加载：35]
[ info ] [ LANG ] F:\site\fw\thinkphp_5.0.20\thinkphp\lang\zh-cn.php
[ info ] [ ROUTE ] array (
  'type' => 'module',
  'module' => 
  array (
    0 => 'index',
    1 => 'roster',
    2 => 'lists',
  ),
)
[ info ] [ HEADER ] array (
  'host' => 'www.nyhr.com',
  'connection' => 'keep-alive',
  'upgrade-insecure-requests' => '1',
  'user-agent' => 'Mozilla/5.0 (Windows NT 10.0; Win64; x64) AppleWebKit/537.36 (KHTML, like Gecko) Chrome/67.0.3396.99 Safari/537.36',
  'accept' => 'text/html,application/xhtml+xml,application/xml;q=0.9,image/webp,image/apng,*/*;q=0.8',
  'referer' => 'http://www.nyhr.com/index/roster/lists.html',
  'accept-encoding' => 'gzip, deflate',
  'accept-language' => 'zh-CN,zh;q=0.9',
  'cookie' => 'PHPSESSID=n47cer2fsi38mr5747m0t1v0a5',
)
[ info ] [ PARAM ] array (
)
[ info ] [ SESSION ] INIT array (
  'id' => '',
  'var_session_id' => '',
  'prefix' => 'think',
  'type' => '',
  'auto_start' => true,
)
[ info ] [ RUN ] app\index\controller\Roster->lists[ F:\site\nouya_rs\nyinside\index\controller\Roster.php ]
[ info ] [ VIEW ] F:\site\nouya_rs\public/../nyinside/index\view\Page\main.html [ array (
  0 => 'pagegroup',
  1 => 'page_name',
  2 => 'base_info',
  3 => 'base_user',
  4 => 'base_reqest',
) ]
[ info ] [ LOG ] INIT File
---------------------------------------------------------------
[ 2018-09-05T16:27:19+08:00 ] 127.0.0.1 GET /index/roster/lists.html
[ info ] www.nyhr.com/index/roster/lists.html [运行时间：0.067791s][吞吐率：14.75req/s] [内存消耗：1,416.39kb] [文件加载：35]
[ info ] [ LANG ] F:\site\fw\thinkphp_5.0.20\thinkphp\lang\zh-cn.php
[ info ] [ ROUTE ] array (
  'type' => 'module',
  'module' => 
  array (
    0 => 'index',
    1 => 'roster',
    2 => 'lists',
  ),
)
[ info ] [ HEADER ] array (
  'host' => 'www.nyhr.com',
  'connection' => 'keep-alive',
  'upgrade-insecure-requests' => '1',
  'user-agent' => 'Mozilla/5.0 (Windows NT 10.0; Win64; x64) AppleWebKit/537.36 (KHTML, like Gecko) Chrome/67.0.3396.99 Safari/537.36',
  'accept' => 'text/html,application/xhtml+xml,application/xml;q=0.9,image/webp,image/apng,*/*;q=0.8',
  'referer' => 'http://www.nyhr.com/index/roster/lists.html',
  'accept-encoding' => 'gzip, deflate',
  'accept-language' => 'zh-CN,zh;q=0.9',
  'cookie' => 'PHPSESSID=n47cer2fsi38mr5747m0t1v0a5',
)
[ info ] [ PARAM ] array (
)
[ info ] [ SESSION ] INIT array (
  'id' => '',
  'var_session_id' => '',
  'prefix' => 'think',
  'type' => '',
  'auto_start' => true,
)
[ info ] [ RUN ] app\index\controller\Roster->lists[ F:\site\nouya_rs\nyinside\index\controller\Roster.php ]
[ info ] [ VIEW ] F:\site\nouya_rs\public/../nyinside/index\view\Page\main.html [ array (
  0 => 'pagegroup',
  1 => 'page_name',
  2 => 'base_info',
  3 => 'base_user',
  4 => 'base_reqest',
) ]
[ info ] [ LOG ] INIT File
---------------------------------------------------------------
[ 2018-09-05T16:27:39+08:00 ] 127.0.0.1 GET /index/roster/Index/index
[ info ] www.nyhr.com/index/roster/Index/index [运行时间：0.084375s][吞吐率：11.85req/s] [内存消耗：1,373.27kb] [文件加载：36]
[ info ] [ LANG ] F:\site\fw\thinkphp_5.0.20\thinkphp\lang\zh-cn.php
[ info ] [ ROUTE ] array (
  'type' => 'module',
  'module' => 
  array (
    0 => 'index',
    1 => 'roster',
    2 => 'Index',
  ),
)
[ info ] [ HEADER ] array (
  'host' => 'www.nyhr.com',
  'connection' => 'keep-alive',
  'upgrade-insecure-requests' => '1',
  'user-agent' => 'Mozilla/5.0 (Windows NT 10.0; Win64; x64) AppleWebKit/537.36 (KHTML, like Gecko) Chrome/67.0.3396.99 Safari/537.36',
  'accept' => 'text/html,application/xhtml+xml,application/xml;q=0.9,image/webp,image/apng,*/*;q=0.8',
  'referer' => 'http://www.nyhr.com/index/roster/lists.html',
  'accept-encoding' => 'gzip, deflate',
  'accept-language' => 'zh-CN,zh;q=0.9',
  'cookie' => 'PHPSESSID=n47cer2fsi38mr5747m0t1v0a5',
)
[ info ] [ PARAM ] array (
)
[ info ] [ SESSION ] INIT array (
  'id' => '',
  'var_session_id' => '',
  'prefix' => 'think',
  'type' => '',
  'auto_start' => true,
)
[ info ] [ LOG ] INIT File
---------------------------------------------------------------
[ 2018-09-05T16:27:41+08:00 ] 127.0.0.1 GET /index/roster/lists.html
[ info ] www.nyhr.com/index/roster/lists.html [运行时间：0.070143s][吞吐率：14.26req/s] [内存消耗：1,416.39kb] [文件加载：35]
[ info ] [ LANG ] F:\site\fw\thinkphp_5.0.20\thinkphp\lang\zh-cn.php
[ info ] [ ROUTE ] array (
  'type' => 'module',
  'module' => 
  array (
    0 => 'index',
    1 => 'roster',
    2 => 'lists',
  ),
)
[ info ] [ HEADER ] array (
  'host' => 'www.nyhr.com',
  'connection' => 'keep-alive',
  'upgrade-insecure-requests' => '1',
  'user-agent' => 'Mozilla/5.0 (Windows NT 10.0; Win64; x64) AppleWebKit/537.36 (KHTML, like Gecko) Chrome/67.0.3396.99 Safari/537.36',
  'accept' => 'text/html,application/xhtml+xml,application/xml;q=0.9,image/webp,image/apng,*/*;q=0.8',
  'referer' => 'http://www.nyhr.com/index/roster/lists.html',
  'accept-encoding' => 'gzip, deflate',
  'accept-language' => 'zh-CN,zh;q=0.9',
  'cookie' => 'PHPSESSID=n47cer2fsi38mr5747m0t1v0a5',
)
[ info ] [ PARAM ] array (
)
[ info ] [ SESSION ] INIT array (
  'id' => '',
  'var_session_id' => '',
  'prefix' => 'think',
  'type' => '',
  'auto_start' => true,
)
[ info ] [ RUN ] app\index\controller\Roster->lists[ F:\site\nouya_rs\nyinside\index\controller\Roster.php ]
[ info ] [ VIEW ] F:\site\nouya_rs\public/../nyinside/index\view\Page\main.html [ array (
  0 => 'pagegroup',
  1 => 'page_name',
  2 => 'base_info',
  3 => 'base_user',
  4 => 'base_reqest',
) ]
[ info ] [ LOG ] INIT File
---------------------------------------------------------------
[ 2018-09-05T16:27:42+08:00 ] 127.0.0.1 GET /index/roster/index.html
[ info ] www.nyhr.com/index/roster/index.html [运行时间：0.070093s][吞吐率：14.27req/s] [内存消耗：1,373.23kb] [文件加载：36]
[ info ] [ LANG ] F:\site\fw\thinkphp_5.0.20\thinkphp\lang\zh-cn.php
[ info ] [ ROUTE ] array (
  'type' => 'module',
  'module' => 
  array (
    0 => 'index',
    1 => 'roster',
    2 => 'index',
  ),
)
[ info ] [ HEADER ] array (
  'host' => 'www.nyhr.com',
  'connection' => 'keep-alive',
  'upgrade-insecure-requests' => '1',
  'user-agent' => 'Mozilla/5.0 (Windows NT 10.0; Win64; x64) AppleWebKit/537.36 (KHTML, like Gecko) Chrome/67.0.3396.99 Safari/537.36',
  'accept' => 'text/html,application/xhtml+xml,application/xml;q=0.9,image/webp,image/apng,*/*;q=0.8',
  'referer' => 'http://www.nyhr.com/index/roster/lists.html',
  'accept-encoding' => 'gzip, deflate',
  'accept-language' => 'zh-CN,zh;q=0.9',
  'cookie' => 'PHPSESSID=n47cer2fsi38mr5747m0t1v0a5',
)
[ info ] [ PARAM ] array (
)
[ info ] [ SESSION ] INIT array (
  'id' => '',
  'var_session_id' => '',
  'prefix' => 'think',
  'type' => '',
  'auto_start' => true,
)
[ info ] [ LOG ] INIT File
---------------------------------------------------------------
[ 2018-09-05T16:27:44+08:00 ] 127.0.0.1 GET /index/roster/lists.html
[ info ] www.nyhr.com/index/roster/lists.html [运行时间：0.071127s][吞吐率：14.06req/s] [内存消耗：1,416.39kb] [文件加载：35]
[ info ] [ LANG ] F:\site\fw\thinkphp_5.0.20\thinkphp\lang\zh-cn.php
[ info ] [ ROUTE ] array (
  'type' => 'module',
  'module' => 
  array (
    0 => 'index',
    1 => 'roster',
    2 => 'lists',
  ),
)
[ info ] [ HEADER ] array (
  'host' => 'www.nyhr.com',
  'connection' => 'keep-alive',
  'upgrade-insecure-requests' => '1',
  'user-agent' => 'Mozilla/5.0 (Windows NT 10.0; Win64; x64) AppleWebKit/537.36 (KHTML, like Gecko) Chrome/67.0.3396.99 Safari/537.36',
  'accept' => 'text/html,application/xhtml+xml,application/xml;q=0.9,image/webp,image/apng,*/*;q=0.8',
  'referer' => 'http://www.nyhr.com/index/roster/lists.html',
  'accept-encoding' => 'gzip, deflate',
  'accept-language' => 'zh-CN,zh;q=0.9',
  'cookie' => 'PHPSESSID=n47cer2fsi38mr5747m0t1v0a5',
)
[ info ] [ PARAM ] array (
)
[ info ] [ SESSION ] INIT array (
  'id' => '',
  'var_session_id' => '',
  'prefix' => 'think',
  'type' => '',
  'auto_start' => true,
)
[ info ] [ RUN ] app\index\controller\Roster->lists[ F:\site\nouya_rs\nyinside\index\controller\Roster.php ]
[ info ] [ VIEW ] F:\site\nouya_rs\public/../nyinside/index\view\Page\main.html [ array (
  0 => 'pagegroup',
  1 => 'page_name',
  2 => 'base_info',
  3 => 'base_user',
  4 => 'base_reqest',
) ]
[ info ] [ LOG ] INIT File
---------------------------------------------------------------
[ 2018-09-05T16:27:49+08:00 ] 127.0.0.1 GET /index/roster/Index/index
[ info ] www.nyhr.com/index/roster/Index/index [运行时间：0.065752s][吞吐率：15.21req/s] [内存消耗：1,373.26kb] [文件加载：36]
[ info ] [ LANG ] F:\site\fw\thinkphp_5.0.20\thinkphp\lang\zh-cn.php
[ info ] [ ROUTE ] array (
  'type' => 'module',
  'module' => 
  array (
    0 => 'index',
    1 => 'roster',
    2 => 'Index',
  ),
)
[ info ] [ HEADER ] array (
  'host' => 'www.nyhr.com',
  'connection' => 'keep-alive',
  'upgrade-insecure-requests' => '1',
  'user-agent' => 'Mozilla/5.0 (Windows NT 10.0; Win64; x64) AppleWebKit/537.36 (KHTML, like Gecko) Chrome/67.0.3396.99 Safari/537.36',
  'accept' => 'text/html,application/xhtml+xml,application/xml;q=0.9,image/webp,image/apng,*/*;q=0.8',
  'referer' => 'http://www.nyhr.com/index/roster/lists.html',
  'accept-encoding' => 'gzip, deflate',
  'accept-language' => 'zh-CN,zh;q=0.9',
  'cookie' => 'PHPSESSID=n47cer2fsi38mr5747m0t1v0a5',
)
[ info ] [ PARAM ] array (
)
[ info ] [ SESSION ] INIT array (
  'id' => '',
  'var_session_id' => '',
  'prefix' => 'think',
  'type' => '',
  'auto_start' => true,
)
[ info ] [ LOG ] INIT File
---------------------------------------------------------------
[ 2018-09-05T16:27:52+08:00 ] 127.0.0.1 GET /index/roster/lists.html
[ info ] www.nyhr.com/index/roster/lists.html [运行时间：0.068785s][吞吐率：14.54req/s] [内存消耗：1,416.39kb] [文件加载：35]
[ info ] [ LANG ] F:\site\fw\thinkphp_5.0.20\thinkphp\lang\zh-cn.php
[ info ] [ ROUTE ] array (
  'type' => 'module',
  'module' => 
  array (
    0 => 'index',
    1 => 'roster',
    2 => 'lists',
  ),
)
[ info ] [ HEADER ] array (
  'host' => 'www.nyhr.com',
  'connection' => 'keep-alive',
  'upgrade-insecure-requests' => '1',
  'user-agent' => 'Mozilla/5.0 (Windows NT 10.0; Win64; x64) AppleWebKit/537.36 (KHTML, like Gecko) Chrome/67.0.3396.99 Safari/537.36',
  'accept' => 'text/html,application/xhtml+xml,application/xml;q=0.9,image/webp,image/apng,*/*;q=0.8',
  'referer' => 'http://www.nyhr.com/index/roster/lists.html',
  'accept-encoding' => 'gzip, deflate',
  'accept-language' => 'zh-CN,zh;q=0.9',
  'cookie' => 'PHPSESSID=n47cer2fsi38mr5747m0t1v0a5',
)
[ info ] [ PARAM ] array (
)
[ info ] [ SESSION ] INIT array (
  'id' => '',
  'var_session_id' => '',
  'prefix' => 'think',
  'type' => '',
  'auto_start' => true,
)
[ info ] [ RUN ] app\index\controller\Roster->lists[ F:\site\nouya_rs\nyinside\index\controller\Roster.php ]
[ info ] [ VIEW ] F:\site\nouya_rs\public/../nyinside/index\view\Page\main.html [ array (
  0 => 'pagegroup',
  1 => 'page_name',
  2 => 'base_info',
  3 => 'base_user',
  4 => 'base_reqest',
) ]
[ info ] [ LOG ] INIT File
---------------------------------------------------------------
[ 2018-09-05T16:28:19+08:00 ] 127.0.0.1 GET /index/index/logout.html
[ info ] www.nyhr.com/index/index/logout.html [运行时间：0.059788s][吞吐率：16.73req/s] [内存消耗：1,351.73kb] [文件加载：34]
[ info ] [ LANG ] F:\site\fw\thinkphp_5.0.20\thinkphp\lang\zh-cn.php
[ info ] [ ROUTE ] array (
  'type' => 'module',
  'module' => 
  array (
    0 => 'index',
    1 => 'index',
    2 => 'logout',
  ),
)
[ info ] [ HEADER ] array (
  'host' => 'www.nyhr.com',
  'connection' => 'keep-alive',
  'upgrade-insecure-requests' => '1',
  'user-agent' => 'Mozilla/5.0 (Windows NT 10.0; Win64; x64) AppleWebKit/537.36 (KHTML, like Gecko) Chrome/67.0.3396.99 Safari/537.36',
  'accept' => 'text/html,application/xhtml+xml,application/xml;q=0.9,image/webp,image/apng,*/*;q=0.8',
  'referer' => 'http://www.nyhr.com/index/roster/lists.html',
  'accept-encoding' => 'gzip, deflate',
  'accept-language' => 'zh-CN,zh;q=0.9',
  'cookie' => 'PHPSESSID=n47cer2fsi38mr5747m0t1v0a5',
)
[ info ] [ PARAM ] array (
)
[ info ] [ RUN ] app\index\controller\Index->logout[ F:\site\nouya_rs\nyinside\index\controller\Index.php ]
[ info ] [ LOG ] INIT File
---------------------------------------------------------------
[ 2018-09-05T16:28:19+08:00 ] 127.0.0.1 GET /index/index/login_form/login_id/2.html
[ info ] www.nyhr.com/index/index/login_form/login_id/2.html [运行时间：0.059685s][吞吐率：16.75req/s] [内存消耗：1,384.59kb] [文件加载：34]
[ info ] [ LANG ] F:\site\fw\thinkphp_5.0.20\thinkphp\lang\zh-cn.php
[ info ] [ ROUTE ] array (
  'type' => 'module',
  'module' => 
  array (
    0 => 'index',
    1 => 'index',
    2 => 'login_form',
  ),
)
[ info ] [ HEADER ] array (
  'host' => 'www.nyhr.com',
  'connection' => 'keep-alive',
  'upgrade-insecure-requests' => '1',
  'user-agent' => 'Mozilla/5.0 (Windows NT 10.0; Win64; x64) AppleWebKit/537.36 (KHTML, like Gecko) Chrome/67.0.3396.99 Safari/537.36',
  'accept' => 'text/html,application/xhtml+xml,application/xml;q=0.9,image/webp,image/apng,*/*;q=0.8',
  'referer' => 'http://www.nyhr.com/index/roster/lists.html',
  'accept-encoding' => 'gzip, deflate',
  'accept-language' => 'zh-CN,zh;q=0.9',
  'cookie' => 'PHPSESSID=n47cer2fsi38mr5747m0t1v0a5',
)
[ info ] [ PARAM ] array (
  'login_id' => '2',
)
[ info ] [ RUN ] app\index\controller\Index->login_form[ F:\site\nouya_rs\nyinside\index\controller\Index.php ]
[ info ] [ VIEW ] F:\site\nouya_rs\public/../nyinside/index\view\index\login.html [ array (
) ]
[ info ] [ LOG ] INIT File
---------------------------------------------------------------
[ 2018-09-05T16:28:21+08:00 ] 127.0.0.1 GET /index/index/logindo.html?mail=&password=
[ info ] www.nyhr.com/index/index/logindo.html?mail=&password= [运行时间：0.061380s][吞吐率：16.29req/s] [内存消耗：1,403.16kb] [文件加载：34]
[ info ] [ LANG ] F:\site\fw\thinkphp_5.0.20\thinkphp\lang\zh-cn.php
[ info ] [ ROUTE ] array (
  'type' => 'module',
  'module' => 
  array (
    0 => 'index',
    1 => 'index',
    2 => 'logindo',
  ),
)
[ info ] [ HEADER ] array (
  'host' => 'www.nyhr.com',
  'connection' => 'keep-alive',
  'accept' => 'application/json, text/javascript, */*; q=0.01',
  'x-requested-with' => 'XMLHttpRequest',
  'user-agent' => 'Mozilla/5.0 (Windows NT 10.0; Win64; x64) AppleWebKit/537.36 (KHTML, like Gecko) Chrome/67.0.3396.99 Safari/537.36',
  'referer' => 'http://www.nyhr.com/index/index/login_form/login_id/2.html',
  'accept-encoding' => 'gzip, deflate',
  'accept-language' => 'zh-CN,zh;q=0.9',
  'cookie' => 'PHPSESSID=n47cer2fsi38mr5747m0t1v0a5',
)
[ info ] [ PARAM ] array (
  'mail' => '',
  'password' => '',
)
[ info ] [ RUN ] app\index\controller\Index->logindo[ F:\site\nouya_rs\nyinside\index\controller\Index.php ]
[ info ] [ SESSION ] INIT array (
  'id' => '',
  'var_session_id' => '',
  'prefix' => 'think',
  'type' => '',
  'auto_start' => true,
)
[ info ] [ LOG ] INIT File
---------------------------------------------------------------
[ 2018-09-05T16:28:21+08:00 ] 127.0.0.1 GET /index/index/index.html
[ info ] www.nyhr.com/index/index/index.html [运行时间：0.091070s][吞吐率：10.98req/s] [内存消耗：1,414.64kb] [文件加载：35]
[ info ] [ LANG ] F:\site\fw\thinkphp_5.0.20\thinkphp\lang\zh-cn.php
[ info ] [ ROUTE ] array (
  'type' => 'module',
  'module' => 
  array (
    0 => 'index',
    1 => 'index',
    2 => 'index',
  ),
)
[ info ] [ HEADER ] array (
  'host' => 'www.nyhr.com',
  'connection' => 'keep-alive',
  'upgrade-insecure-requests' => '1',
  'user-agent' => 'Mozilla/5.0 (Windows NT 10.0; Win64; x64) AppleWebKit/537.36 (KHTML, like Gecko) Chrome/67.0.3396.99 Safari/537.36',
  'accept' => 'text/html,application/xhtml+xml,application/xml;q=0.9,image/webp,image/apng,*/*;q=0.8',
  'referer' => 'http://www.nyhr.com/index/index/login_form/login_id/2.html',
  'accept-encoding' => 'gzip, deflate',
  'accept-language' => 'zh-CN,zh;q=0.9',
  'cookie' => 'PHPSESSID=n47cer2fsi38mr5747m0t1v0a5',
)
[ info ] [ PARAM ] array (
)
[ info ] [ RUN ] app\index\controller\Index->index[ F:\site\nouya_rs\nyinside\index\controller\Index.php ]
[ info ] [ SESSION ] INIT array (
  'id' => '',
  'var_session_id' => '',
  'prefix' => 'think',
  'type' => '',
  'auto_start' => true,
)
[ info ] [ LOG ] INIT File
---------------------------------------------------------------
[ 2018-09-05T16:28:21+08:00 ] 127.0.0.1 GET /index/center/index.html
[ info ] www.nyhr.com/index/center/index.html [运行时间：0.095458s][吞吐率：10.48req/s] [内存消耗：1,560.80kb] [文件加载：37]
[ info ] [ LANG ] F:\site\fw\thinkphp_5.0.20\thinkphp\lang\zh-cn.php
[ info ] [ ROUTE ] array (
  'type' => 'module',
  'module' => 
  array (
    0 => 'index',
    1 => 'center',
    2 => 'index',
  ),
)
[ info ] [ HEADER ] array (
  'host' => 'www.nyhr.com',
  'connection' => 'keep-alive',
  'upgrade-insecure-requests' => '1',
  'user-agent' => 'Mozilla/5.0 (Windows NT 10.0; Win64; x64) AppleWebKit/537.36 (KHTML, like Gecko) Chrome/67.0.3396.99 Safari/537.36',
  'accept' => 'text/html,application/xhtml+xml,application/xml;q=0.9,image/webp,image/apng,*/*;q=0.8',
  'referer' => 'http://www.nyhr.com/index/index/login_form/login_id/2.html',
  'accept-encoding' => 'gzip, deflate',
  'accept-language' => 'zh-CN,zh;q=0.9',
  'cookie' => 'PHPSESSID=n47cer2fsi38mr5747m0t1v0a5',
)
[ info ] [ PARAM ] array (
)
[ info ] [ SESSION ] INIT array (
  'id' => '',
  'var_session_id' => '',
  'prefix' => 'think',
  'type' => '',
  'auto_start' => true,
)
[ info ] [ RUN ] app\index\controller\Center->index[ F:\site\nouya_rs\nyinside\index\controller\Center.php ]
[ info ] [ VIEW ] F:\site\nouya_rs\public/../nyinside/index\view\Page\first.html [ array (
  0 => 'pagegroup',
  1 => 'page_name',
  2 => 'base_info',
  3 => 'base_user',
  4 => 'base_reqest',
) ]
[ info ] [ LOG ] INIT File
---------------------------------------------------------------
[ 2018-09-05T16:28:24+08:00 ] 127.0.0.1 GET /index/roster/lists.html
[ info ] www.nyhr.com/index/roster/lists.html [运行时间：0.063750s][吞吐率：15.69req/s] [内存消耗：1,416.39kb] [文件加载：35]
[ info ] [ LANG ] F:\site\fw\thinkphp_5.0.20\thinkphp\lang\zh-cn.php
[ info ] [ ROUTE ] array (
  'type' => 'module',
  'module' => 
  array (
    0 => 'index',
    1 => 'roster',
    2 => 'lists',
  ),
)
[ info ] [ HEADER ] array (
  'host' => 'www.nyhr.com',
  'connection' => 'keep-alive',
  'upgrade-insecure-requests' => '1',
  'user-agent' => 'Mozilla/5.0 (Windows NT 10.0; Win64; x64) AppleWebKit/537.36 (KHTML, like Gecko) Chrome/67.0.3396.99 Safari/537.36',
  'accept' => 'text/html,application/xhtml+xml,application/xml;q=0.9,image/webp,image/apng,*/*;q=0.8',
  'referer' => 'http://www.nyhr.com/index/center/index.html',
  'accept-encoding' => 'gzip, deflate',
  'accept-language' => 'zh-CN,zh;q=0.9',
  'cookie' => 'PHPSESSID=n47cer2fsi38mr5747m0t1v0a5',
)
[ info ] [ PARAM ] array (
)
[ info ] [ SESSION ] INIT array (
  'id' => '',
  'var_session_id' => '',
  'prefix' => 'think',
  'type' => '',
  'auto_start' => true,
)
[ info ] [ RUN ] app\index\controller\Roster->lists[ F:\site\nouya_rs\nyinside\index\controller\Roster.php ]
[ info ] [ VIEW ] F:\site\nouya_rs\public/../nyinside/index\view\Page\main.html [ array (
  0 => 'pagegroup',
  1 => 'page_name',
  2 => 'base_info',
  3 => 'base_user',
  4 => 'base_reqest',
) ]
[ info ] [ LOG ] INIT File
---------------------------------------------------------------
[ 2018-09-05T16:28:31+08:00 ] 127.0.0.1 GET /index/roster/add_form.html
[ info ] www.nyhr.com/index/roster/add_form.html [运行时间：0.075482s][吞吐率：13.25req/s] [内存消耗：1,400.18kb] [文件加载：35]
[ info ] [ LANG ] F:\site\fw\thinkphp_5.0.20\thinkphp\lang\zh-cn.php
[ info ] [ ROUTE ] array (
  'type' => 'module',
  'module' => 
  array (
    0 => 'index',
    1 => 'roster',
    2 => 'add_form',
  ),
)
[ info ] [ HEADER ] array (
  'host' => 'www.nyhr.com',
  'connection' => 'keep-alive',
  'upgrade-insecure-requests' => '1',
  'user-agent' => 'Mozilla/5.0 (Windows NT 10.0; Win64; x64) AppleWebKit/537.36 (KHTML, like Gecko) Chrome/67.0.3396.99 Safari/537.36',
  'accept' => 'text/html,application/xhtml+xml,application/xml;q=0.9,image/webp,image/apng,*/*;q=0.8',
  'referer' => 'http://www.nyhr.com/index/roster/lists.html',
  'accept-encoding' => 'gzip, deflate',
  'accept-language' => 'zh-CN,zh;q=0.9',
  'cookie' => 'PHPSESSID=n47cer2fsi38mr5747m0t1v0a5',
)
[ info ] [ PARAM ] array (
)
[ info ] [ SESSION ] INIT array (
  'id' => '',
  'var_session_id' => '',
  'prefix' => 'think',
  'type' => '',
  'auto_start' => true,
)
[ info ] [ RUN ] app\index\controller\Base->add_form[ F:\site\nouya_rs\nyinside\index\controller\Base.php ]
[ info ] [ VIEW ] F:\site\nouya_rs\public/../nyinside/index\view\Page\main.html [ array (
  0 => 'pagegroup',
  1 => 'page_name',
  2 => 'base_info',
  3 => 'base_user',
  4 => 'base_reqest',
) ]
[ info ] [ LOG ] INIT File
---------------------------------------------------------------
[ 2018-09-05T16:31:17+08:00 ] 127.0.0.1 GET /index/roster/lists.html
[ info ] www.nyhr.com/index/roster/lists.html [运行时间：0.078635s][吞吐率：12.72req/s] [内存消耗：1,416.43kb] [文件加载：35]
[ info ] [ LANG ] F:\site\fw\thinkphp_5.0.20\thinkphp\lang\zh-cn.php
[ info ] [ ROUTE ] array (
  'type' => 'module',
  'module' => 
  array (
    0 => 'index',
    1 => 'roster',
    2 => 'lists',
  ),
)
[ info ] [ HEADER ] array (
  'host' => 'www.nyhr.com',
  'connection' => 'keep-alive',
  'upgrade-insecure-requests' => '1',
  'user-agent' => 'Mozilla/5.0 (Windows NT 10.0; Win64; x64) AppleWebKit/537.36 (KHTML, like Gecko) Chrome/67.0.3396.99 Safari/537.36',
  'accept' => 'text/html,application/xhtml+xml,application/xml;q=0.9,image/webp,image/apng,*/*;q=0.8',
  'referer' => 'http://www.nyhr.com/index/roster/add_form.html',
  'accept-encoding' => 'gzip, deflate',
  'accept-language' => 'zh-CN,zh;q=0.9',
  'cookie' => 'PHPSESSID=n47cer2fsi38mr5747m0t1v0a5',
)
[ info ] [ PARAM ] array (
)
[ info ] [ SESSION ] INIT array (
  'id' => '',
  'var_session_id' => '',
  'prefix' => 'think',
  'type' => '',
  'auto_start' => true,
)
[ info ] [ RUN ] app\index\controller\Roster->lists[ F:\site\nouya_rs\nyinside\index\controller\Roster.php ]
[ info ] [ VIEW ] F:\site\nouya_rs\public/../nyinside/index\view\Page\main.html [ array (
  0 => 'pagegroup',
  1 => 'page_name',
  2 => 'base_info',
  3 => 'base_user',
  4 => 'base_reqest',
) ]
[ info ] [ LOG ] INIT File
---------------------------------------------------------------
[ 2018-09-05T16:31:23+08:00 ] 127.0.0.1 GET /index/roster/lists.html
[ info ] www.nyhr.com/index/roster/lists.html [运行时间：0.063171s][吞吐率：15.83req/s] [内存消耗：1,416.39kb] [文件加载：35]
[ info ] [ LANG ] F:\site\fw\thinkphp_5.0.20\thinkphp\lang\zh-cn.php
[ info ] [ ROUTE ] array (
  'type' => 'module',
  'module' => 
  array (
    0 => 'index',
    1 => 'roster',
    2 => 'lists',
  ),
)
[ info ] [ HEADER ] array (
  'host' => 'www.nyhr.com',
  'connection' => 'keep-alive',
  'upgrade-insecure-requests' => '1',
  'user-agent' => 'Mozilla/5.0 (Windows NT 10.0; Win64; x64) AppleWebKit/537.36 (KHTML, like Gecko) Chrome/67.0.3396.99 Safari/537.36',
  'accept' => 'text/html,application/xhtml+xml,application/xml;q=0.9,image/webp,image/apng,*/*;q=0.8',
  'referer' => 'http://www.nyhr.com/index/roster/lists.html',
  'accept-encoding' => 'gzip, deflate',
  'accept-language' => 'zh-CN,zh;q=0.9',
  'cookie' => 'PHPSESSID=n47cer2fsi38mr5747m0t1v0a5',
)
[ info ] [ PARAM ] array (
)
[ info ] [ SESSION ] INIT array (
  'id' => '',
  'var_session_id' => '',
  'prefix' => 'think',
  'type' => '',
  'auto_start' => true,
)
[ info ] [ RUN ] app\index\controller\Roster->lists[ F:\site\nouya_rs\nyinside\index\controller\Roster.php ]
[ info ] [ VIEW ] F:\site\nouya_rs\public/../nyinside/index\view\Page\main.html [ array (
  0 => 'pagegroup',
  1 => 'page_name',
  2 => 'base_info',
  3 => 'base_user',
  4 => 'base_reqest',
) ]
[ info ] [ LOG ] INIT File
---------------------------------------------------------------
[ 2018-09-05T16:33:31+08:00 ] 127.0.0.1 GET /index/roster/lists.html
[ info ] www.nyhr.com/index/roster/lists.html [运行时间：0.077707s][吞吐率：12.87req/s] [内存消耗：1,416.65kb] [文件加载：35]
[ info ] [ LANG ] F:\site\fw\thinkphp_5.0.20\thinkphp\lang\zh-cn.php
[ info ] [ ROUTE ] array (
  'type' => 'module',
  'module' => 
  array (
    0 => 'index',
    1 => 'roster',
    2 => 'lists',
  ),
)
[ info ] [ HEADER ] array (
  'host' => 'www.nyhr.com',
  'connection' => 'keep-alive',
  'cache-control' => 'max-age=0',
  'upgrade-insecure-requests' => '1',
  'user-agent' => 'Mozilla/5.0 (Windows NT 10.0; Win64; x64) AppleWebKit/537.36 (KHTML, like Gecko) Chrome/67.0.3396.99 Safari/537.36',
  'accept' => 'text/html,application/xhtml+xml,application/xml;q=0.9,image/webp,image/apng,*/*;q=0.8',
  'referer' => 'http://www.nyhr.com/index/roster/lists.html',
  'accept-encoding' => 'gzip, deflate',
  'accept-language' => 'zh-CN,zh;q=0.9',
  'cookie' => 'PHPSESSID=n47cer2fsi38mr5747m0t1v0a5',
)
[ info ] [ PARAM ] array (
)
[ info ] [ SESSION ] INIT array (
  'id' => '',
  'var_session_id' => '',
  'prefix' => 'think',
  'type' => '',
  'auto_start' => true,
)
[ info ] [ RUN ] app\index\controller\Roster->lists[ F:\site\nouya_rs\nyinside\index\controller\Roster.php ]
[ info ] [ VIEW ] F:\site\nouya_rs\public/../nyinside/index\view\Page\main.html [ array (
  0 => 'pagegroup',
  1 => 'page_name',
  2 => 'base_info',
  3 => 'base_user',
  4 => 'base_reqest',
) ]
[ info ] [ LOG ] INIT File
---------------------------------------------------------------
[ 2018-09-05T16:33:56+08:00 ] 127.0.0.1 GET /index/roster/add_form.html
[ info ] www.nyhr.com/index/roster/add_form.html [运行时间：0.068083s][吞吐率：14.69req/s] [内存消耗：1,400.18kb] [文件加载：35]
[ info ] [ LANG ] F:\site\fw\thinkphp_5.0.20\thinkphp\lang\zh-cn.php
[ info ] [ ROUTE ] array (
  'type' => 'module',
  'module' => 
  array (
    0 => 'index',
    1 => 'roster',
    2 => 'add_form',
  ),
)
[ info ] [ HEADER ] array (
  'host' => 'www.nyhr.com',
  'connection' => 'keep-alive',
  'upgrade-insecure-requests' => '1',
  'user-agent' => 'Mozilla/5.0 (Windows NT 10.0; Win64; x64) AppleWebKit/537.36 (KHTML, like Gecko) Chrome/67.0.3396.99 Safari/537.36',
  'accept' => 'text/html,application/xhtml+xml,application/xml;q=0.9,image/webp,image/apng,*/*;q=0.8',
  'referer' => 'http://www.nyhr.com/index/roster/lists.html',
  'accept-encoding' => 'gzip, deflate',
  'accept-language' => 'zh-CN,zh;q=0.9',
  'cookie' => 'PHPSESSID=n47cer2fsi38mr5747m0t1v0a5',
)
[ info ] [ PARAM ] array (
)
[ info ] [ SESSION ] INIT array (
  'id' => '',
  'var_session_id' => '',
  'prefix' => 'think',
  'type' => '',
  'auto_start' => true,
)
[ info ] [ RUN ] app\index\controller\Base->add_form[ F:\site\nouya_rs\nyinside\index\controller\Base.php ]
[ info ] [ VIEW ] F:\site\nouya_rs\public/../nyinside/index\view\Page\main.html [ array (
  0 => 'pagegroup',
  1 => 'page_name',
  2 => 'base_info',
  3 => 'base_user',
  4 => 'base_reqest',
) ]
[ info ] [ LOG ] INIT File
---------------------------------------------------------------
[ 2018-09-05T17:14:44+08:00 ] 127.0.0.1 GET /index/roster/add_form.html
[ info ] www.nyhr.com/index/roster/add_form.html [运行时间：0.086252s][吞吐率：11.59req/s] [内存消耗：1,554.78kb] [文件加载：37]
[ info ] [ LANG ] F:\site\fw\thinkphp_5.0.20\thinkphp\lang\zh-cn.php
[ info ] [ ROUTE ] array (
  'type' => 'module',
  'module' => 
  array (
    0 => 'index',
    1 => 'roster',
    2 => 'add_form',
  ),
)
[ info ] [ HEADER ] array (
  'host' => 'www.nyhr.com',
  'connection' => 'keep-alive',
  'cache-control' => 'max-age=0',
  'upgrade-insecure-requests' => '1',
  'user-agent' => 'Mozilla/5.0 (Windows NT 10.0; Win64; x64) AppleWebKit/537.36 (KHTML, like Gecko) Chrome/67.0.3396.99 Safari/537.36',
  'accept' => 'text/html,application/xhtml+xml,application/xml;q=0.9,image/webp,image/apng,*/*;q=0.8',
  'referer' => 'http://www.nyhr.com/index/roster/lists.html',
  'accept-encoding' => 'gzip, deflate',
  'accept-language' => 'zh-CN,zh;q=0.9',
  'cookie' => 'PHPSESSID=n47cer2fsi38mr5747m0t1v0a5',
)
[ info ] [ PARAM ] array (
)
[ info ] [ SESSION ] INIT array (
  'id' => '',
  'var_session_id' => '',
  'prefix' => 'think',
  'type' => '',
  'auto_start' => true,
)
[ info ] [ RUN ] app\index\controller\Base->add_form[ F:\site\nouya_rs\nyinside\index\controller\Base.php ]
[ info ] [ VIEW ] F:\site\nouya_rs\public/../nyinside/index\view\Page\main.html [ array (
  0 => 'pagegroup',
  1 => 'page_name',
  2 => 'base_info',
  3 => 'base_user',
  4 => 'base_reqest',
) ]
[ info ] [ LOG ] INIT File
---------------------------------------------------------------
[ 2018-09-05T17:15:08+08:00 ] 127.0.0.1 GET /index/roster/add_form.html
[ info ] www.nyhr.com/index/roster/add_form.html [运行时间：0.074305s][吞吐率：13.46req/s] [内存消耗：1,554.73kb] [文件加载：37]
[ info ] [ LANG ] F:\site\fw\thinkphp_5.0.20\thinkphp\lang\zh-cn.php
[ info ] [ ROUTE ] array (
  'type' => 'module',
  'module' => 
  array (
    0 => 'index',
    1 => 'roster',
    2 => 'add_form',
  ),
)
[ info ] [ HEADER ] array (
  'host' => 'www.nyhr.com',
  'connection' => 'keep-alive',
  'cache-control' => 'max-age=0',
  'upgrade-insecure-requests' => '1',
  'user-agent' => 'Mozilla/5.0 (Windows NT 10.0; Win64; x64) AppleWebKit/537.36 (KHTML, like Gecko) Chrome/67.0.3396.99 Safari/537.36',
  'accept' => 'text/html,application/xhtml+xml,application/xml;q=0.9,image/webp,image/apng,*/*;q=0.8',
  'referer' => 'http://www.nyhr.com/index/roster/lists.html',
  'accept-encoding' => 'gzip, deflate',
  'accept-language' => 'zh-CN,zh;q=0.9',
  'cookie' => 'PHPSESSID=n47cer2fsi38mr5747m0t1v0a5',
)
[ info ] [ PARAM ] array (
)
[ info ] [ SESSION ] INIT array (
  'id' => '',
  'var_session_id' => '',
  'prefix' => 'think',
  'type' => '',
  'auto_start' => true,
)
[ info ] [ RUN ] app\index\controller\Base->add_form[ F:\site\nouya_rs\nyinside\index\controller\Base.php ]
[ info ] [ VIEW ] F:\site\nouya_rs\public/../nyinside/index\view\Page\main.html [ array (
  0 => 'pagegroup',
  1 => 'page_name',
  2 => 'base_info',
  3 => 'base_user',
  4 => 'base_reqest',
) ]
[ info ] [ LOG ] INIT File
