---------------------------------------------------------------
[ 2018-09-07T09:58:39+08:00 ] 127.0.0.1 GET /index/index/logout.html
[ info ] www.nyhr.com/index/index/logout.html [运行时间：0.240566s][吞吐率：4.16req/s] [内存消耗：1,351.30kb] [文件加载：34]
[ info ] [ LANG ] F:\site\fw\thinkphp_5.0.20\thinkphp\lang\zh-cn.php
[ info ] [ ROUTE ] array (
  'type' => 'module',
  'module' => 
  array (
    0 => 'index',
    1 => 'index',
    2 => 'logout',
  ),
)
[ info ] [ HEADER ] array (
  'host' => 'www.nyhr.com',
  'connection' => 'keep-alive',
  'cache-control' => 'max-age=0',
  'upgrade-insecure-requests' => '1',
  'user-agent' => 'Mozilla/5.0 (Windows NT 10.0; Win64; x64) AppleWebKit/537.36 (KHTML, like Gecko) Chrome/67.0.3396.99 Safari/537.36',
  'accept' => 'text/html,application/xhtml+xml,application/xml;q=0.9,image/webp,image/apng,*/*;q=0.8',
  'accept-encoding' => 'gzip, deflate',
  'accept-language' => 'zh-CN,zh;q=0.9',
)
[ info ] [ PARAM ] array (
)
[ info ] [ RUN ] app\index\controller\Index->logout[ F:\site\nouya_rs\nyinside\index\controller\Index.php ]
[ info ] [ LOG ] INIT File
---------------------------------------------------------------
[ 2018-09-07T09:58:39+08:00 ] 127.0.0.1 GET /index/index/login_form/login_id/2.html
[ info ] www.nyhr.com/index/index/login_form/login_id/2.html [运行时间：0.162306s][吞吐率：6.16req/s] [内存消耗：1,384.15kb] [文件加载：34]
[ info ] [ LANG ] F:\site\fw\thinkphp_5.0.20\thinkphp\lang\zh-cn.php
[ info ] [ ROUTE ] array (
  'type' => 'module',
  'module' => 
  array (
    0 => 'index',
    1 => 'index',
    2 => 'login_form',
  ),
)
[ info ] [ HEADER ] array (
  'host' => 'www.nyhr.com',
  'connection' => 'keep-alive',
  'cache-control' => 'max-age=0',
  'upgrade-insecure-requests' => '1',
  'user-agent' => 'Mozilla/5.0 (Windows NT 10.0; Win64; x64) AppleWebKit/537.36 (KHTML, like Gecko) Chrome/67.0.3396.99 Safari/537.36',
  'accept' => 'text/html,application/xhtml+xml,application/xml;q=0.9,image/webp,image/apng,*/*;q=0.8',
  'accept-encoding' => 'gzip, deflate',
  'accept-language' => 'zh-CN,zh;q=0.9',
)
[ info ] [ PARAM ] array (
  'login_id' => '2',
)
[ info ] [ RUN ] app\index\controller\Index->login_form[ F:\site\nouya_rs\nyinside\index\controller\Index.php ]
[ info ] [ VIEW ] F:\site\nouya_rs\public/../nyinside/index\view\index\login.html [ array (
) ]
[ info ] [ LOG ] INIT File
---------------------------------------------------------------
[ 2018-09-07T10:40:49+08:00 ] 127.0.0.1 GET /
[ info ] www.nyhr.com/ [运行时间：0.115568s][吞吐率：8.65req/s] [内存消耗：1,402.46kb] [文件加载：35]
[ info ] [ LANG ] F:\site\fw\thinkphp_5.0.20\thinkphp\lang\zh-cn.php
[ info ] [ ROUTE ] array (
  'type' => 'module',
  'module' => 
  array (
    0 => '',
    1 => NULL,
    2 => NULL,
  ),
)
[ info ] [ HEADER ] array (
  'host' => 'www.nyhr.com',
  'connection' => 'keep-alive',
  'upgrade-insecure-requests' => '1',
  'user-agent' => 'Mozilla/5.0 (Windows NT 10.0; WOW64) AppleWebKit/537.36 (KHTML, like Gecko) Chrome/63.0.3239.132 Safari/537.36',
  'accept' => 'text/html,application/xhtml+xml,application/xml;q=0.9,image/webp,image/apng,*/*;q=0.8',
  'accept-encoding' => 'gzip, deflate',
  'accept-language' => 'zh-CN,zh;q=0.9',
  'cookie' => 'pgv_pvi=6680044544',
)
[ info ] [ PARAM ] array (
)
[ info ] [ RUN ] app\index\controller\Index->index[ F:\site\nouya_rs\nyinside\index\controller\Index.php ]
[ info ] [ SESSION ] INIT array (
  'id' => '',
  'var_session_id' => '',
  'prefix' => 'think',
  'type' => '',
  'auto_start' => true,
)
[ info ] [ LOG ] INIT File
---------------------------------------------------------------
[ 2018-09-07T10:40:49+08:00 ] 127.0.0.1 GET /index/index/login_form/login_id/1536288049.html
[ info ] www.nyhr.com/index/index/login_form/login_id/1536288049.html [运行时间：0.064537s][吞吐率：15.49req/s] [内存消耗：1,384.35kb] [文件加载：34]
[ info ] [ LANG ] F:\site\fw\thinkphp_5.0.20\thinkphp\lang\zh-cn.php
[ info ] [ ROUTE ] array (
  'type' => 'module',
  'module' => 
  array (
    0 => 'index',
    1 => 'index',
    2 => 'login_form',
  ),
)
[ info ] [ HEADER ] array (
  'host' => 'www.nyhr.com',
  'connection' => 'keep-alive',
  'upgrade-insecure-requests' => '1',
  'user-agent' => 'Mozilla/5.0 (Windows NT 10.0; WOW64) AppleWebKit/537.36 (KHTML, like Gecko) Chrome/63.0.3239.132 Safari/537.36',
  'accept' => 'text/html,application/xhtml+xml,application/xml;q=0.9,image/webp,image/apng,*/*;q=0.8',
  'accept-encoding' => 'gzip, deflate',
  'accept-language' => 'zh-CN,zh;q=0.9',
  'cookie' => 'pgv_pvi=6680044544; PHPSESSID=n5occeq0birm5pe9tmqgacamt4',
)
[ info ] [ PARAM ] array (
  'login_id' => '1536288049',
)
[ info ] [ RUN ] app\index\controller\Index->login_form[ F:\site\nouya_rs\nyinside\index\controller\Index.php ]
[ info ] [ VIEW ] F:\site\nouya_rs\public/../nyinside/index\view\index\login.html [ array (
) ]
[ info ] [ LOG ] INIT File
---------------------------------------------------------------
[ 2018-09-07T10:40:51+08:00 ] 127.0.0.1 GET /index/index/logindo.html?mail=&password=
[ info ] www.nyhr.com/index/index/logindo.html?mail=&password= [运行时间：0.079749s][吞吐率：12.54req/s] [内存消耗：1,403.28kb] [文件加载：34]
[ info ] [ LANG ] F:\site\fw\thinkphp_5.0.20\thinkphp\lang\zh-cn.php
[ info ] [ ROUTE ] array (
  'type' => 'module',
  'module' => 
  array (
    0 => 'index',
    1 => 'index',
    2 => 'logindo',
  ),
)
[ info ] [ HEADER ] array (
  'host' => 'www.nyhr.com',
  'connection' => 'keep-alive',
  'accept' => 'application/json, text/javascript, */*; q=0.01',
  'x-requested-with' => 'XMLHttpRequest',
  'user-agent' => 'Mozilla/5.0 (Windows NT 10.0; WOW64) AppleWebKit/537.36 (KHTML, like Gecko) Chrome/63.0.3239.132 Safari/537.36',
  'referer' => 'http://www.nyhr.com/index/index/login_form/login_id/1536288049.html',
  'accept-encoding' => 'gzip, deflate',
  'accept-language' => 'zh-CN,zh;q=0.9',
  'cookie' => 'pgv_pvi=6680044544; PHPSESSID=n5occeq0birm5pe9tmqgacamt4',
)
[ info ] [ PARAM ] array (
  'mail' => '',
  'password' => '',
)
[ info ] [ RUN ] app\index\controller\Index->logindo[ F:\site\nouya_rs\nyinside\index\controller\Index.php ]
[ info ] [ SESSION ] INIT array (
  'id' => '',
  'var_session_id' => '',
  'prefix' => 'think',
  'type' => '',
  'auto_start' => true,
)
[ info ] [ LOG ] INIT File
---------------------------------------------------------------
[ 2018-09-07T10:40:52+08:00 ] 127.0.0.1 GET /index/index/index.html
[ info ] www.nyhr.com/index/index/index.html [运行时间：0.058390s][吞吐率：17.13req/s] [内存消耗：1,414.80kb] [文件加载：35]
[ info ] [ LANG ] F:\site\fw\thinkphp_5.0.20\thinkphp\lang\zh-cn.php
[ info ] [ ROUTE ] array (
  'type' => 'module',
  'module' => 
  array (
    0 => 'index',
    1 => 'index',
    2 => 'index',
  ),
)
[ info ] [ HEADER ] array (
  'host' => 'www.nyhr.com',
  'connection' => 'keep-alive',
  'upgrade-insecure-requests' => '1',
  'user-agent' => 'Mozilla/5.0 (Windows NT 10.0; WOW64) AppleWebKit/537.36 (KHTML, like Gecko) Chrome/63.0.3239.132 Safari/537.36',
  'accept' => 'text/html,application/xhtml+xml,application/xml;q=0.9,image/webp,image/apng,*/*;q=0.8',
  'referer' => 'http://www.nyhr.com/index/index/login_form/login_id/1536288049.html',
  'accept-encoding' => 'gzip, deflate',
  'accept-language' => 'zh-CN,zh;q=0.9',
  'cookie' => 'pgv_pvi=6680044544; PHPSESSID=n5occeq0birm5pe9tmqgacamt4',
)
[ info ] [ PARAM ] array (
)
[ info ] [ RUN ] app\index\controller\Index->index[ F:\site\nouya_rs\nyinside\index\controller\Index.php ]
[ info ] [ SESSION ] INIT array (
  'id' => '',
  'var_session_id' => '',
  'prefix' => 'think',
  'type' => '',
  'auto_start' => true,
)
[ info ] [ LOG ] INIT File
---------------------------------------------------------------
[ 2018-09-07T10:40:52+08:00 ] 127.0.0.1 GET /index/center/index.html
[ info ] www.nyhr.com/index/center/index.html [运行时间：0.094391s][吞吐率：10.59req/s] [内存消耗：1,402.95kb] [文件加载：35]
[ info ] [ LANG ] F:\site\fw\thinkphp_5.0.20\thinkphp\lang\zh-cn.php
[ info ] [ ROUTE ] array (
  'type' => 'module',
  'module' => 
  array (
    0 => 'index',
    1 => 'center',
    2 => 'index',
  ),
)
[ info ] [ HEADER ] array (
  'host' => 'www.nyhr.com',
  'connection' => 'keep-alive',
  'upgrade-insecure-requests' => '1',
  'user-agent' => 'Mozilla/5.0 (Windows NT 10.0; WOW64) AppleWebKit/537.36 (KHTML, like Gecko) Chrome/63.0.3239.132 Safari/537.36',
  'accept' => 'text/html,application/xhtml+xml,application/xml;q=0.9,image/webp,image/apng,*/*;q=0.8',
  'referer' => 'http://www.nyhr.com/index/index/login_form/login_id/1536288049.html',
  'accept-encoding' => 'gzip, deflate',
  'accept-language' => 'zh-CN,zh;q=0.9',
  'cookie' => 'pgv_pvi=6680044544; PHPSESSID=n5occeq0birm5pe9tmqgacamt4',
)
[ info ] [ PARAM ] array (
)
[ info ] [ SESSION ] INIT array (
  'id' => '',
  'var_session_id' => '',
  'prefix' => 'think',
  'type' => '',
  'auto_start' => true,
)
[ info ] [ RUN ] app\index\controller\Center->index[ F:\site\nouya_rs\nyinside\index\controller\Center.php ]
[ info ] [ VIEW ] F:\site\nouya_rs\public/../nyinside/index\view\Page\first.html [ array (
  0 => 'pagegroup',
  1 => 'page_name',
  2 => 'base_info',
  3 => 'base_user',
  4 => 'base_reqest',
) ]
[ info ] [ LOG ] INIT File
---------------------------------------------------------------
[ 2018-09-07T10:40:54+08:00 ] 127.0.0.1 GET /index/roster/lists.html
[ info ] www.nyhr.com/index/roster/lists.html [运行时间：0.133209s][吞吐率：7.51req/s] [内存消耗：1,424.74kb] [文件加载：35]
[ info ] [ LANG ] F:\site\fw\thinkphp_5.0.20\thinkphp\lang\zh-cn.php
[ info ] [ ROUTE ] array (
  'type' => 'module',
  'module' => 
  array (
    0 => 'index',
    1 => 'roster',
    2 => 'lists',
  ),
)
[ info ] [ HEADER ] array (
  'host' => 'www.nyhr.com',
  'connection' => 'keep-alive',
  'upgrade-insecure-requests' => '1',
  'user-agent' => 'Mozilla/5.0 (Windows NT 10.0; WOW64) AppleWebKit/537.36 (KHTML, like Gecko) Chrome/63.0.3239.132 Safari/537.36',
  'accept' => 'text/html,application/xhtml+xml,application/xml;q=0.9,image/webp,image/apng,*/*;q=0.8',
  'referer' => 'http://www.nyhr.com/index/center/index.html',
  'accept-encoding' => 'gzip, deflate',
  'accept-language' => 'zh-CN,zh;q=0.9',
  'cookie' => 'pgv_pvi=6680044544; PHPSESSID=n5occeq0birm5pe9tmqgacamt4',
)
[ info ] [ PARAM ] array (
)
[ info ] [ SESSION ] INIT array (
  'id' => '',
  'var_session_id' => '',
  'prefix' => 'think',
  'type' => '',
  'auto_start' => true,
)
[ info ] [ RUN ] app\index\controller\Roster->lists[ F:\site\nouya_rs\nyinside\index\controller\Roster.php ]
[ info ] [ VIEW ] F:\site\nouya_rs\public/../nyinside/index\view\Page\main.html [ array (
  0 => 'pagegroup',
  1 => 'page_name',
  2 => 'base_info',
  3 => 'base_user',
  4 => 'base_reqest',
) ]
[ info ] [ LOG ] INIT File
---------------------------------------------------------------
[ 2018-09-07T10:40:56+08:00 ] 127.0.0.1 GET /index/roster/add_form.html
[ info ] www.nyhr.com/index/roster/add_form.html [运行时间：0.072226s][吞吐率：13.85req/s] [内存消耗：1,537.34kb] [文件加载：38]
[ info ] [ LANG ] F:\site\fw\thinkphp_5.0.20\thinkphp\lang\zh-cn.php
[ info ] [ ROUTE ] array (
  'type' => 'module',
  'module' => 
  array (
    0 => 'index',
    1 => 'roster',
    2 => 'add_form',
  ),
)
[ info ] [ HEADER ] array (
  'host' => 'www.nyhr.com',
  'connection' => 'keep-alive',
  'upgrade-insecure-requests' => '1',
  'user-agent' => 'Mozilla/5.0 (Windows NT 10.0; WOW64) AppleWebKit/537.36 (KHTML, like Gecko) Chrome/63.0.3239.132 Safari/537.36',
  'accept' => 'text/html,application/xhtml+xml,application/xml;q=0.9,image/webp,image/apng,*/*;q=0.8',
  'referer' => 'http://www.nyhr.com/index/roster/lists.html',
  'accept-encoding' => 'gzip, deflate',
  'accept-language' => 'zh-CN,zh;q=0.9',
  'cookie' => 'pgv_pvi=6680044544; PHPSESSID=n5occeq0birm5pe9tmqgacamt4',
)
[ info ] [ PARAM ] array (
)
[ info ] [ SESSION ] INIT array (
  'id' => '',
  'var_session_id' => '',
  'prefix' => 'think',
  'type' => '',
  'auto_start' => true,
)
[ info ] [ RUN ] app\index\controller\Base->add_form[ F:\site\nouya_rs\nyinside\index\controller\Base.php ]
[ info ] [ VIEW ] F:\site\nouya_rs\public/../nyinside/index\view\Page\main.html [ array (
  0 => 'pagegroup',
  1 => 'page_name',
  2 => 'base_info',
  3 => 'base_user',
  4 => 'base_reqest',
  5 => 'form_fileds',
) ]
[ info ] [ LOG ] INIT File
---------------------------------------------------------------
[ 2018-09-07T13:59:41+08:00 ] 127.0.0.1 GET /index/roster/add_form.html
[ info ] www.nyhr.com/index/roster/add_form.html [运行时间：0.091313s][吞吐率：10.95req/s] [内存消耗：1,699.27kb] [文件加载：40]
[ info ] [ LANG ] F:\site\fw\thinkphp_5.0.20\thinkphp\lang\zh-cn.php
[ info ] [ ROUTE ] array (
  'type' => 'module',
  'module' => 
  array (
    0 => 'index',
    1 => 'roster',
    2 => 'add_form',
  ),
)
[ info ] [ HEADER ] array (
  'host' => 'www.nyhr.com',
  'connection' => 'keep-alive',
  'cache-control' => 'max-age=0',
  'upgrade-insecure-requests' => '1',
  'user-agent' => 'Mozilla/5.0 (Windows NT 10.0; WOW64) AppleWebKit/537.36 (KHTML, like Gecko) Chrome/63.0.3239.132 Safari/537.36',
  'accept' => 'text/html,application/xhtml+xml,application/xml;q=0.9,image/webp,image/apng,*/*;q=0.8',
  'referer' => 'http://www.nyhr.com/index/roster/lists.html',
  'accept-encoding' => 'gzip, deflate',
  'accept-language' => 'zh-CN,zh;q=0.9',
  'cookie' => 'pgv_pvi=6680044544; PHPSESSID=n5occeq0birm5pe9tmqgacamt4',
)
[ info ] [ PARAM ] array (
)
[ info ] [ SESSION ] INIT array (
  'id' => '',
  'var_session_id' => '',
  'prefix' => 'think',
  'type' => '',
  'auto_start' => true,
)
[ info ] [ RUN ] app\index\controller\Base->add_form[ F:\site\nouya_rs\nyinside\index\controller\Base.php ]
[ info ] [ VIEW ] F:\site\nouya_rs\public/../nyinside/index\view\Page\main.html [ array (
  0 => 'pagegroup',
  1 => 'page_name',
  2 => 'base_info',
  3 => 'base_user',
  4 => 'base_reqest',
  5 => 'form_fileds',
) ]
[ info ] [ LOG ] INIT File
---------------------------------------------------------------
[ 2018-09-07T13:59:59+08:00 ] 127.0.0.1 GET /index/roster/add_form.html
[ info ] www.nyhr.com/index/roster/add_form.html [运行时间：0.105494s][吞吐率：9.48req/s] [内存消耗：1,699.27kb] [文件加载：40]
[ info ] [ LANG ] F:\site\fw\thinkphp_5.0.20\thinkphp\lang\zh-cn.php
[ info ] [ ROUTE ] array (
  'type' => 'module',
  'module' => 
  array (
    0 => 'index',
    1 => 'roster',
    2 => 'add_form',
  ),
)
[ info ] [ HEADER ] array (
  'host' => 'www.nyhr.com',
  'connection' => 'keep-alive',
  'cache-control' => 'max-age=0',
  'upgrade-insecure-requests' => '1',
  'user-agent' => 'Mozilla/5.0 (Windows NT 10.0; WOW64) AppleWebKit/537.36 (KHTML, like Gecko) Chrome/63.0.3239.132 Safari/537.36',
  'accept' => 'text/html,application/xhtml+xml,application/xml;q=0.9,image/webp,image/apng,*/*;q=0.8',
  'referer' => 'http://www.nyhr.com/index/roster/lists.html',
  'accept-encoding' => 'gzip, deflate',
  'accept-language' => 'zh-CN,zh;q=0.9',
  'cookie' => 'pgv_pvi=6680044544; PHPSESSID=n5occeq0birm5pe9tmqgacamt4',
)
[ info ] [ PARAM ] array (
)
[ info ] [ SESSION ] INIT array (
  'id' => '',
  'var_session_id' => '',
  'prefix' => 'think',
  'type' => '',
  'auto_start' => true,
)
[ info ] [ RUN ] app\index\controller\Base->add_form[ F:\site\nouya_rs\nyinside\index\controller\Base.php ]
[ info ] [ VIEW ] F:\site\nouya_rs\public/../nyinside/index\view\Page\main.html [ array (
  0 => 'pagegroup',
  1 => 'page_name',
  2 => 'base_info',
  3 => 'base_user',
  4 => 'base_reqest',
  5 => 'form_fileds',
) ]
[ info ] [ LOG ] INIT File
---------------------------------------------------------------
[ 2018-09-07T14:02:04+08:00 ] 127.0.0.1 GET /index/roster/add_form.html
[ info ] www.nyhr.com/index/roster/add_form.html [运行时间：0.079938s][吞吐率：12.51req/s] [内存消耗：1,699.29kb] [文件加载：40]
[ info ] [ LANG ] F:\site\fw\thinkphp_5.0.20\thinkphp\lang\zh-cn.php
[ info ] [ ROUTE ] array (
  'type' => 'module',
  'module' => 
  array (
    0 => 'index',
    1 => 'roster',
    2 => 'add_form',
  ),
)
[ info ] [ HEADER ] array (
  'host' => 'www.nyhr.com',
  'connection' => 'keep-alive',
  'cache-control' => 'max-age=0',
  'upgrade-insecure-requests' => '1',
  'user-agent' => 'Mozilla/5.0 (Windows NT 10.0; WOW64) AppleWebKit/537.36 (KHTML, like Gecko) Chrome/63.0.3239.132 Safari/537.36',
  'accept' => 'text/html,application/xhtml+xml,application/xml;q=0.9,image/webp,image/apng,*/*;q=0.8',
  'referer' => 'http://www.nyhr.com/index/roster/lists.html',
  'accept-encoding' => 'gzip, deflate',
  'accept-language' => 'zh-CN,zh;q=0.9',
  'cookie' => 'pgv_pvi=6680044544; PHPSESSID=n5occeq0birm5pe9tmqgacamt4',
)
[ info ] [ PARAM ] array (
)
[ info ] [ SESSION ] INIT array (
  'id' => '',
  'var_session_id' => '',
  'prefix' => 'think',
  'type' => '',
  'auto_start' => true,
)
[ info ] [ RUN ] app\index\controller\Base->add_form[ F:\site\nouya_rs\nyinside\index\controller\Base.php ]
[ info ] [ VIEW ] F:\site\nouya_rs\public/../nyinside/index\view\Page\main.html [ array (
  0 => 'pagegroup',
  1 => 'page_name',
  2 => 'base_info',
  3 => 'base_user',
  4 => 'base_reqest',
  5 => 'form_fileds',
) ]
[ info ] [ LOG ] INIT File
---------------------------------------------------------------
[ 2018-09-07T14:02:12+08:00 ] 127.0.0.1 GET /index/roster/add_form.html
[ info ] www.nyhr.com/index/roster/add_form.html [运行时间：0.076389s][吞吐率：13.09req/s] [内存消耗：1,699.29kb] [文件加载：40]
[ info ] [ LANG ] F:\site\fw\thinkphp_5.0.20\thinkphp\lang\zh-cn.php
[ info ] [ ROUTE ] array (
  'type' => 'module',
  'module' => 
  array (
    0 => 'index',
    1 => 'roster',
    2 => 'add_form',
  ),
)
[ info ] [ HEADER ] array (
  'host' => 'www.nyhr.com',
  'connection' => 'keep-alive',
  'cache-control' => 'max-age=0',
  'upgrade-insecure-requests' => '1',
  'user-agent' => 'Mozilla/5.0 (Windows NT 10.0; WOW64) AppleWebKit/537.36 (KHTML, like Gecko) Chrome/63.0.3239.132 Safari/537.36',
  'accept' => 'text/html,application/xhtml+xml,application/xml;q=0.9,image/webp,image/apng,*/*;q=0.8',
  'referer' => 'http://www.nyhr.com/index/roster/lists.html',
  'accept-encoding' => 'gzip, deflate',
  'accept-language' => 'zh-CN,zh;q=0.9',
  'cookie' => 'pgv_pvi=6680044544; PHPSESSID=n5occeq0birm5pe9tmqgacamt4',
)
[ info ] [ PARAM ] array (
)
[ info ] [ SESSION ] INIT array (
  'id' => '',
  'var_session_id' => '',
  'prefix' => 'think',
  'type' => '',
  'auto_start' => true,
)
[ info ] [ RUN ] app\index\controller\Base->add_form[ F:\site\nouya_rs\nyinside\index\controller\Base.php ]
[ info ] [ VIEW ] F:\site\nouya_rs\public/../nyinside/index\view\Page\main.html [ array (
  0 => 'pagegroup',
  1 => 'page_name',
  2 => 'base_info',
  3 => 'base_user',
  4 => 'base_reqest',
  5 => 'form_fileds',
) ]
[ info ] [ LOG ] INIT File
---------------------------------------------------------------
[ 2018-09-07T14:05:23+08:00 ] 127.0.0.1 GET /index/roster/add_form.html
[ info ] www.nyhr.com/index/roster/add_form.html [运行时间：0.124136s][吞吐率：8.06req/s] [内存消耗：1,699.33kb] [文件加载：40]
[ info ] [ LANG ] F:\site\fw\thinkphp_5.0.20\thinkphp\lang\zh-cn.php
[ info ] [ ROUTE ] array (
  'type' => 'module',
  'module' => 
  array (
    0 => 'index',
    1 => 'roster',
    2 => 'add_form',
  ),
)
[ info ] [ HEADER ] array (
  'host' => 'www.nyhr.com',
  'connection' => 'keep-alive',
  'cache-control' => 'max-age=0',
  'upgrade-insecure-requests' => '1',
  'user-agent' => 'Mozilla/5.0 (Windows NT 10.0; WOW64) AppleWebKit/537.36 (KHTML, like Gecko) Chrome/63.0.3239.132 Safari/537.36',
  'accept' => 'text/html,application/xhtml+xml,application/xml;q=0.9,image/webp,image/apng,*/*;q=0.8',
  'referer' => 'http://www.nyhr.com/index/roster/lists.html',
  'accept-encoding' => 'gzip, deflate',
  'accept-language' => 'zh-CN,zh;q=0.9',
  'cookie' => 'pgv_pvi=6680044544; PHPSESSID=n5occeq0birm5pe9tmqgacamt4',
)
[ info ] [ PARAM ] array (
)
[ info ] [ SESSION ] INIT array (
  'id' => '',
  'var_session_id' => '',
  'prefix' => 'think',
  'type' => '',
  'auto_start' => true,
)
[ info ] [ RUN ] app\index\controller\Base->add_form[ F:\site\nouya_rs\nyinside\index\controller\Base.php ]
[ info ] [ VIEW ] F:\site\nouya_rs\public/../nyinside/index\view\Page\main.html [ array (
  0 => 'pagegroup',
  1 => 'page_name',
  2 => 'base_info',
  3 => 'base_user',
  4 => 'base_reqest',
  5 => 'form_fileds',
) ]
[ info ] [ LOG ] INIT File
---------------------------------------------------------------
[ 2018-09-07T14:05:43+08:00 ] 127.0.0.1 GET /index/roster/add_form.html
[ info ] www.nyhr.com/index/roster/add_form.html [运行时间：0.087681s][吞吐率：11.40req/s] [内存消耗：1,699.32kb] [文件加载：40]
[ info ] [ LANG ] F:\site\fw\thinkphp_5.0.20\thinkphp\lang\zh-cn.php
[ info ] [ ROUTE ] array (
  'type' => 'module',
  'module' => 
  array (
    0 => 'index',
    1 => 'roster',
    2 => 'add_form',
  ),
)
[ info ] [ HEADER ] array (
  'host' => 'www.nyhr.com',
  'connection' => 'keep-alive',
  'cache-control' => 'max-age=0',
  'upgrade-insecure-requests' => '1',
  'user-agent' => 'Mozilla/5.0 (Windows NT 10.0; WOW64) AppleWebKit/537.36 (KHTML, like Gecko) Chrome/63.0.3239.132 Safari/537.36',
  'accept' => 'text/html,application/xhtml+xml,application/xml;q=0.9,image/webp,image/apng,*/*;q=0.8',
  'referer' => 'http://www.nyhr.com/index/roster/lists.html',
  'accept-encoding' => 'gzip, deflate',
  'accept-language' => 'zh-CN,zh;q=0.9',
  'cookie' => 'pgv_pvi=6680044544; PHPSESSID=n5occeq0birm5pe9tmqgacamt4',
)
[ info ] [ PARAM ] array (
)
[ info ] [ SESSION ] INIT array (
  'id' => '',
  'var_session_id' => '',
  'prefix' => 'think',
  'type' => '',
  'auto_start' => true,
)
[ info ] [ RUN ] app\index\controller\Base->add_form[ F:\site\nouya_rs\nyinside\index\controller\Base.php ]
[ info ] [ VIEW ] F:\site\nouya_rs\public/../nyinside/index\view\Page\main.html [ array (
  0 => 'pagegroup',
  1 => 'page_name',
  2 => 'base_info',
  3 => 'base_user',
  4 => 'base_reqest',
  5 => 'form_fileds',
) ]
[ info ] [ LOG ] INIT File
---------------------------------------------------------------
[ 2018-09-07T14:06:06+08:00 ] 127.0.0.1 GET /index/roster/add_form.html
[ info ] www.nyhr.com/index/roster/add_form.html [运行时间：0.095004s][吞吐率：10.53req/s] [内存消耗：1,699.33kb] [文件加载：40]
[ info ] [ LANG ] F:\site\fw\thinkphp_5.0.20\thinkphp\lang\zh-cn.php
[ info ] [ ROUTE ] array (
  'type' => 'module',
  'module' => 
  array (
    0 => 'index',
    1 => 'roster',
    2 => 'add_form',
  ),
)
[ info ] [ HEADER ] array (
  'host' => 'www.nyhr.com',
  'connection' => 'keep-alive',
  'cache-control' => 'max-age=0',
  'upgrade-insecure-requests' => '1',
  'user-agent' => 'Mozilla/5.0 (Windows NT 10.0; WOW64) AppleWebKit/537.36 (KHTML, like Gecko) Chrome/63.0.3239.132 Safari/537.36',
  'accept' => 'text/html,application/xhtml+xml,application/xml;q=0.9,image/webp,image/apng,*/*;q=0.8',
  'referer' => 'http://www.nyhr.com/index/roster/lists.html',
  'accept-encoding' => 'gzip, deflate',
  'accept-language' => 'zh-CN,zh;q=0.9',
  'cookie' => 'pgv_pvi=6680044544; PHPSESSID=n5occeq0birm5pe9tmqgacamt4',
)
[ info ] [ PARAM ] array (
)
[ info ] [ SESSION ] INIT array (
  'id' => '',
  'var_session_id' => '',
  'prefix' => 'think',
  'type' => '',
  'auto_start' => true,
)
[ info ] [ RUN ] app\index\controller\Base->add_form[ F:\site\nouya_rs\nyinside\index\controller\Base.php ]
[ info ] [ VIEW ] F:\site\nouya_rs\public/../nyinside/index\view\Page\main.html [ array (
  0 => 'pagegroup',
  1 => 'page_name',
  2 => 'base_info',
  3 => 'base_user',
  4 => 'base_reqest',
  5 => 'form_fileds',
) ]
[ info ] [ LOG ] INIT File
---------------------------------------------------------------
[ 2018-09-07T14:06:15+08:00 ] 127.0.0.1 GET /index/roster/add_form.html
[ info ] www.nyhr.com/index/roster/add_form.html [运行时间：0.084938s][吞吐率：11.77req/s] [内存消耗：1,699.32kb] [文件加载：40]
[ info ] [ LANG ] F:\site\fw\thinkphp_5.0.20\thinkphp\lang\zh-cn.php
[ info ] [ ROUTE ] array (
  'type' => 'module',
  'module' => 
  array (
    0 => 'index',
    1 => 'roster',
    2 => 'add_form',
  ),
)
[ info ] [ HEADER ] array (
  'host' => 'www.nyhr.com',
  'connection' => 'keep-alive',
  'cache-control' => 'max-age=0',
  'upgrade-insecure-requests' => '1',
  'user-agent' => 'Mozilla/5.0 (Windows NT 10.0; WOW64) AppleWebKit/537.36 (KHTML, like Gecko) Chrome/63.0.3239.132 Safari/537.36',
  'accept' => 'text/html,application/xhtml+xml,application/xml;q=0.9,image/webp,image/apng,*/*;q=0.8',
  'referer' => 'http://www.nyhr.com/index/roster/lists.html',
  'accept-encoding' => 'gzip, deflate',
  'accept-language' => 'zh-CN,zh;q=0.9',
  'cookie' => 'pgv_pvi=6680044544; PHPSESSID=n5occeq0birm5pe9tmqgacamt4',
)
[ info ] [ PARAM ] array (
)
[ info ] [ SESSION ] INIT array (
  'id' => '',
  'var_session_id' => '',
  'prefix' => 'think',
  'type' => '',
  'auto_start' => true,
)
[ info ] [ RUN ] app\index\controller\Base->add_form[ F:\site\nouya_rs\nyinside\index\controller\Base.php ]
[ info ] [ VIEW ] F:\site\nouya_rs\public/../nyinside/index\view\Page\main.html [ array (
  0 => 'pagegroup',
  1 => 'page_name',
  2 => 'base_info',
  3 => 'base_user',
  4 => 'base_reqest',
  5 => 'form_fileds',
) ]
[ info ] [ LOG ] INIT File
---------------------------------------------------------------
[ 2018-09-07T14:06:15+08:00 ] 127.0.0.1 GET /index/roster/add_form.html
[ info ] www.nyhr.com/index/roster/add_form.html [运行时间：0.071731s][吞吐率：13.94req/s] [内存消耗：1,537.57kb] [文件加载：38]
[ info ] [ LANG ] F:\site\fw\thinkphp_5.0.20\thinkphp\lang\zh-cn.php
[ info ] [ ROUTE ] array (
  'type' => 'module',
  'module' => 
  array (
    0 => 'index',
    1 => 'roster',
    2 => 'add_form',
  ),
)
[ info ] [ HEADER ] array (
  'host' => 'www.nyhr.com',
  'connection' => 'keep-alive',
  'cache-control' => 'max-age=0',
  'upgrade-insecure-requests' => '1',
  'user-agent' => 'Mozilla/5.0 (Windows NT 10.0; WOW64) AppleWebKit/537.36 (KHTML, like Gecko) Chrome/63.0.3239.132 Safari/537.36',
  'accept' => 'text/html,application/xhtml+xml,application/xml;q=0.9,image/webp,image/apng,*/*;q=0.8',
  'referer' => 'http://www.nyhr.com/index/roster/lists.html',
  'accept-encoding' => 'gzip, deflate',
  'accept-language' => 'zh-CN,zh;q=0.9',
  'cookie' => 'pgv_pvi=6680044544; PHPSESSID=n5occeq0birm5pe9tmqgacamt4',
)
[ info ] [ PARAM ] array (
)
[ info ] [ SESSION ] INIT array (
  'id' => '',
  'var_session_id' => '',
  'prefix' => 'think',
  'type' => '',
  'auto_start' => true,
)
[ info ] [ RUN ] app\index\controller\Base->add_form[ F:\site\nouya_rs\nyinside\index\controller\Base.php ]
[ info ] [ VIEW ] F:\site\nouya_rs\public/../nyinside/index\view\Page\main.html [ array (
  0 => 'pagegroup',
  1 => 'page_name',
  2 => 'base_info',
  3 => 'base_user',
  4 => 'base_reqest',
  5 => 'form_fileds',
) ]
[ info ] [ LOG ] INIT File
---------------------------------------------------------------
[ 2018-09-07T14:06:23+08:00 ] 127.0.0.1 GET /index/roster/add_form.html
[ info ] www.nyhr.com/index/roster/add_form.html [运行时间：0.070319s][吞吐率：14.22req/s] [内存消耗：1,699.33kb] [文件加载：40]
[ info ] [ LANG ] F:\site\fw\thinkphp_5.0.20\thinkphp\lang\zh-cn.php
[ info ] [ ROUTE ] array (
  'type' => 'module',
  'module' => 
  array (
    0 => 'index',
    1 => 'roster',
    2 => 'add_form',
  ),
)
[ info ] [ HEADER ] array (
  'host' => 'www.nyhr.com',
  'connection' => 'keep-alive',
  'cache-control' => 'max-age=0',
  'upgrade-insecure-requests' => '1',
  'user-agent' => 'Mozilla/5.0 (Windows NT 10.0; WOW64) AppleWebKit/537.36 (KHTML, like Gecko) Chrome/63.0.3239.132 Safari/537.36',
  'accept' => 'text/html,application/xhtml+xml,application/xml;q=0.9,image/webp,image/apng,*/*;q=0.8',
  'referer' => 'http://www.nyhr.com/index/roster/lists.html',
  'accept-encoding' => 'gzip, deflate',
  'accept-language' => 'zh-CN,zh;q=0.9',
  'cookie' => 'pgv_pvi=6680044544; PHPSESSID=n5occeq0birm5pe9tmqgacamt4',
)
[ info ] [ PARAM ] array (
)
[ info ] [ SESSION ] INIT array (
  'id' => '',
  'var_session_id' => '',
  'prefix' => 'think',
  'type' => '',
  'auto_start' => true,
)
[ info ] [ RUN ] app\index\controller\Base->add_form[ F:\site\nouya_rs\nyinside\index\controller\Base.php ]
[ info ] [ VIEW ] F:\site\nouya_rs\public/../nyinside/index\view\Page\main.html [ array (
  0 => 'pagegroup',
  1 => 'page_name',
  2 => 'base_info',
  3 => 'base_user',
  4 => 'base_reqest',
  5 => 'form_fileds',
) ]
[ info ] [ LOG ] INIT File
---------------------------------------------------------------
[ 2018-09-07T14:18:21+08:00 ] 127.0.0.1 GET /index/roster/add_form.html
[ info ] www.nyhr.com/index/roster/add_form.html [运行时间：0.095643s][吞吐率：10.46req/s] [内存消耗：1,786.16kb] [文件加载：44]
[ info ] [ LANG ] F:\site\fw\thinkphp_5.0.20\thinkphp\lang\zh-cn.php
[ info ] [ ROUTE ] array (
  'type' => 'module',
  'module' => 
  array (
    0 => 'index',
    1 => 'roster',
    2 => 'add_form',
  ),
)
[ info ] [ HEADER ] array (
  'host' => 'www.nyhr.com',
  'connection' => 'keep-alive',
  'cache-control' => 'max-age=0',
  'upgrade-insecure-requests' => '1',
  'user-agent' => 'Mozilla/5.0 (Windows NT 10.0; WOW64) AppleWebKit/537.36 (KHTML, like Gecko) Chrome/63.0.3239.132 Safari/537.36',
  'accept' => 'text/html,application/xhtml+xml,application/xml;q=0.9,image/webp,image/apng,*/*;q=0.8',
  'referer' => 'http://www.nyhr.com/index/roster/lists.html',
  'accept-encoding' => 'gzip, deflate',
  'accept-language' => 'zh-CN,zh;q=0.9',
  'cookie' => 'pgv_pvi=6680044544; PHPSESSID=n5occeq0birm5pe9tmqgacamt4',
)
[ info ] [ PARAM ] array (
)
[ info ] [ SESSION ] INIT array (
  'id' => '',
  'var_session_id' => '',
  'prefix' => 'think',
  'type' => '',
  'auto_start' => true,
)
[ info ] [ RUN ] app\index\controller\Base->add_form[ F:\site\nouya_rs\nyinside\index\controller\Base.php ]
[ info ] [ VIEW ] F:\site\nouya_rs\public/../nyinside/index\view\Page\main.html [ array (
  0 => 'pagegroup',
  1 => 'page_name',
  2 => 'base_info',
  3 => 'base_user',
  4 => 'base_reqest',
  5 => 'form_fileds',
) ]
[ info ] [ LOG ] INIT File
[ error ] [1]Call to undefined method think\form\FormBuilder::datestr()[F:\site\fw\thinkphp_5.0.20\thinkphp\library\think\form\FormBuilder.php:211]
---------------------------------------------------------------
[ 2018-09-07T16:19:15+08:00 ] 127.0.0.1 GET /index/index/logout.html
[ info ] www.nyhr.com/index/index/logout.html [运行时间：0.094654s][吞吐率：10.56req/s] [内存消耗：1,351.12kb] [文件加载：34]
[ info ] [ LANG ] F:\site\fw\thinkphp_5.0.20\thinkphp\lang\zh-cn.php
[ info ] [ ROUTE ] array (
  'type' => 'module',
  'module' => 
  array (
    0 => 'index',
    1 => 'index',
    2 => 'logout',
  ),
)
[ info ] [ HEADER ] array (
  'host' => 'www.nyhr.com',
  'connection' => 'keep-alive',
  'upgrade-insecure-requests' => '1',
  'user-agent' => 'Mozilla/5.0 (Windows NT 10.0; Win64; x64) AppleWebKit/537.36 (KHTML, like Gecko) Chrome/67.0.3396.99 Safari/537.36',
  'accept' => 'text/html,application/xhtml+xml,application/xml;q=0.9,image/webp,image/apng,*/*;q=0.8',
  'accept-encoding' => 'gzip, deflate',
  'accept-language' => 'zh-CN,zh;q=0.9',
)
[ info ] [ PARAM ] array (
)
[ info ] [ RUN ] app\index\controller\Index->logout[ F:\site\nouya_rs\nyinside\index\controller\Index.php ]
[ info ] [ LOG ] INIT File
---------------------------------------------------------------
[ 2018-09-07T16:19:15+08:00 ] 127.0.0.1 GET /index/index/login_form/login_id/2.html
[ info ] www.nyhr.com/index/index/login_form/login_id/2.html [运行时间：0.083943s][吞吐率：11.91req/s] [内存消耗：1,383.86kb] [文件加载：34]
[ info ] [ LANG ] F:\site\fw\thinkphp_5.0.20\thinkphp\lang\zh-cn.php
[ info ] [ ROUTE ] array (
  'type' => 'module',
  'module' => 
  array (
    0 => 'index',
    1 => 'index',
    2 => 'login_form',
  ),
)
[ info ] [ HEADER ] array (
  'host' => 'www.nyhr.com',
  'connection' => 'keep-alive',
  'upgrade-insecure-requests' => '1',
  'user-agent' => 'Mozilla/5.0 (Windows NT 10.0; Win64; x64) AppleWebKit/537.36 (KHTML, like Gecko) Chrome/67.0.3396.99 Safari/537.36',
  'accept' => 'text/html,application/xhtml+xml,application/xml;q=0.9,image/webp,image/apng,*/*;q=0.8',
  'accept-encoding' => 'gzip, deflate',
  'accept-language' => 'zh-CN,zh;q=0.9',
)
[ info ] [ PARAM ] array (
  'login_id' => '2',
)
[ info ] [ RUN ] app\index\controller\Index->login_form[ F:\site\nouya_rs\nyinside\index\controller\Index.php ]
[ info ] [ VIEW ] F:\site\nouya_rs\public/../nyinside/index\view\index\login.html [ array (
) ]
[ info ] [ LOG ] INIT File
---------------------------------------------------------------
[ 2018-09-07T16:19:52+08:00 ] 127.0.0.1 GET /index/index/logindo.html?mail=&password=
[ info ] www.nyhr.com/index/index/logindo.html?mail=&password= [运行时间：0.077084s][吞吐率：12.97req/s] [内存消耗：1,402.98kb] [文件加载：34]
[ info ] [ LANG ] F:\site\fw\thinkphp_5.0.20\thinkphp\lang\zh-cn.php
[ info ] [ ROUTE ] array (
  'type' => 'module',
  'module' => 
  array (
    0 => 'index',
    1 => 'index',
    2 => 'logindo',
  ),
)
[ info ] [ HEADER ] array (
  'host' => 'www.nyhr.com',
  'connection' => 'keep-alive',
  'accept' => 'application/json, text/javascript, */*; q=0.01',
  'x-requested-with' => 'XMLHttpRequest',
  'user-agent' => 'Mozilla/5.0 (Windows NT 10.0; Win64; x64) AppleWebKit/537.36 (KHTML, like Gecko) Chrome/67.0.3396.99 Safari/537.36',
  'referer' => 'http://www.nyhr.com/index/index/login_form/login_id/2.html',
  'accept-encoding' => 'gzip, deflate',
  'accept-language' => 'zh-CN,zh;q=0.9',
)
[ info ] [ PARAM ] array (
  'mail' => '',
  'password' => '',
)
[ info ] [ RUN ] app\index\controller\Index->logindo[ F:\site\nouya_rs\nyinside\index\controller\Index.php ]
[ info ] [ SESSION ] INIT array (
  'id' => '',
  'var_session_id' => '',
  'prefix' => 'think',
  'type' => '',
  'auto_start' => true,
)
[ info ] [ LOG ] INIT File
---------------------------------------------------------------
[ 2018-09-07T16:19:52+08:00 ] 127.0.0.1 GET /index/index/index.html
[ info ] www.nyhr.com/index/index/index.html [运行时间：0.097014s][吞吐率：10.31req/s] [内存消耗：1,414.64kb] [文件加载：35]
[ info ] [ LANG ] F:\site\fw\thinkphp_5.0.20\thinkphp\lang\zh-cn.php
[ info ] [ ROUTE ] array (
  'type' => 'module',
  'module' => 
  array (
    0 => 'index',
    1 => 'index',
    2 => 'index',
  ),
)
[ info ] [ HEADER ] array (
  'host' => 'www.nyhr.com',
  'connection' => 'keep-alive',
  'upgrade-insecure-requests' => '1',
  'user-agent' => 'Mozilla/5.0 (Windows NT 10.0; Win64; x64) AppleWebKit/537.36 (KHTML, like Gecko) Chrome/67.0.3396.99 Safari/537.36',
  'accept' => 'text/html,application/xhtml+xml,application/xml;q=0.9,image/webp,image/apng,*/*;q=0.8',
  'referer' => 'http://www.nyhr.com/index/index/login_form/login_id/2.html',
  'accept-encoding' => 'gzip, deflate',
  'accept-language' => 'zh-CN,zh;q=0.9',
  'cookie' => 'PHPSESSID=80f9i4icd9m1subd43np306rv5',
)
[ info ] [ PARAM ] array (
)
[ info ] [ RUN ] app\index\controller\Index->index[ F:\site\nouya_rs\nyinside\index\controller\Index.php ]
[ info ] [ SESSION ] INIT array (
  'id' => '',
  'var_session_id' => '',
  'prefix' => 'think',
  'type' => '',
  'auto_start' => true,
)
[ info ] [ LOG ] INIT File
---------------------------------------------------------------
[ 2018-09-07T16:19:53+08:00 ] 127.0.0.1 GET /index/center/index.html
[ info ] www.nyhr.com/index/center/index.html [运行时间：0.091220s][吞吐率：10.96req/s] [内存消耗：1,402.82kb] [文件加载：35]
[ info ] [ LANG ] F:\site\fw\thinkphp_5.0.20\thinkphp\lang\zh-cn.php
[ info ] [ ROUTE ] array (
  'type' => 'module',
  'module' => 
  array (
    0 => 'index',
    1 => 'center',
    2 => 'index',
  ),
)
[ info ] [ HEADER ] array (
  'host' => 'www.nyhr.com',
  'connection' => 'keep-alive',
  'upgrade-insecure-requests' => '1',
  'user-agent' => 'Mozilla/5.0 (Windows NT 10.0; Win64; x64) AppleWebKit/537.36 (KHTML, like Gecko) Chrome/67.0.3396.99 Safari/537.36',
  'accept' => 'text/html,application/xhtml+xml,application/xml;q=0.9,image/webp,image/apng,*/*;q=0.8',
  'referer' => 'http://www.nyhr.com/index/index/login_form/login_id/2.html',
  'accept-encoding' => 'gzip, deflate',
  'accept-language' => 'zh-CN,zh;q=0.9',
  'cookie' => 'PHPSESSID=80f9i4icd9m1subd43np306rv5',
)
[ info ] [ PARAM ] array (
)
[ info ] [ SESSION ] INIT array (
  'id' => '',
  'var_session_id' => '',
  'prefix' => 'think',
  'type' => '',
  'auto_start' => true,
)
[ info ] [ RUN ] app\index\controller\Center->index[ F:\site\nouya_rs\nyinside\index\controller\Center.php ]
[ info ] [ VIEW ] F:\site\nouya_rs\public/../nyinside/index\view\Page\first.html [ array (
  0 => 'pagegroup',
  1 => 'page_name',
  2 => 'base_info',
  3 => 'base_user',
  4 => 'base_reqest',
) ]
[ info ] [ LOG ] INIT File
