---------------------------------------------------------------
[ 2018-09-13T09:04:11+08:00 ] 127.0.0.1 GET /index/index/logout.html
[ info ] www.nyhr.com/index/index/logout.html [运行时间：0.107510s][吞吐率：9.30req/s] [内存消耗：1,351.02kb] [文件加载：34]
[ info ] [ LANG ] F:\site\fw\thinkphp_5.0.20\thinkphp\lang\zh-cn.php
[ info ] [ ROUTE ] array (
  'type' => 'module',
  'module' => 
  array (
    0 => 'index',
    1 => 'index',
    2 => 'logout',
  ),
)
[ info ] [ HEADER ] array (
  'host' => 'www.nyhr.com',
  'connection' => 'keep-alive',
  'upgrade-insecure-requests' => '1',
  'user-agent' => 'Mozilla/5.0 (Windows NT 10.0; Win64; x64) AppleWebKit/537.36 (KHTML, like Gecko) Chrome/67.0.3396.99 Safari/537.36',
  'accept' => 'text/html,application/xhtml+xml,application/xml;q=0.9,image/webp,image/apng,*/*;q=0.8',
  'accept-encoding' => 'gzip, deflate',
  'accept-language' => 'zh-CN,zh;q=0.9',
)
[ info ] [ PARAM ] array (
)
[ info ] [ RUN ] app\index\controller\Index->logout[ F:\site\nouya_rs\nyinside\index\controller\Index.php ]
[ info ] [ LOG ] INIT File
---------------------------------------------------------------
[ 2018-09-13T09:04:11+08:00 ] 127.0.0.1 GET /index/index/login_form/login_id/2.html
[ info ] www.nyhr.com/index/index/login_form/login_id/2.html [运行时间：0.075198s][吞吐率：13.30req/s] [内存消耗：1,383.95kb] [文件加载：34]
[ info ] [ LANG ] F:\site\fw\thinkphp_5.0.20\thinkphp\lang\zh-cn.php
[ info ] [ ROUTE ] array (
  'type' => 'module',
  'module' => 
  array (
    0 => 'index',
    1 => 'index',
    2 => 'login_form',
  ),
)
[ info ] [ HEADER ] array (
  'host' => 'www.nyhr.com',
  'connection' => 'keep-alive',
  'upgrade-insecure-requests' => '1',
  'user-agent' => 'Mozilla/5.0 (Windows NT 10.0; Win64; x64) AppleWebKit/537.36 (KHTML, like Gecko) Chrome/67.0.3396.99 Safari/537.36',
  'accept' => 'text/html,application/xhtml+xml,application/xml;q=0.9,image/webp,image/apng,*/*;q=0.8',
  'accept-encoding' => 'gzip, deflate',
  'accept-language' => 'zh-CN,zh;q=0.9',
)
[ info ] [ PARAM ] array (
  'login_id' => '2',
)
[ info ] [ RUN ] app\index\controller\Index->login_form[ F:\site\nouya_rs\nyinside\index\controller\Index.php ]
[ info ] [ VIEW ] F:\site\nouya_rs\public/../nyinside/index\view\index\login.html [ array (
) ]
[ info ] [ LOG ] INIT File
---------------------------------------------------------------
[ 2018-09-13T09:04:16+08:00 ] 127.0.0.1 GET /index/index/logindo.html?mail=&password=
[ info ] www.nyhr.com/index/index/logindo.html?mail=&password= [运行时间：0.083363s][吞吐率：12.00req/s] [内存消耗：1,402.97kb] [文件加载：34]
[ info ] [ LANG ] F:\site\fw\thinkphp_5.0.20\thinkphp\lang\zh-cn.php
[ info ] [ ROUTE ] array (
  'type' => 'module',
  'module' => 
  array (
    0 => 'index',
    1 => 'index',
    2 => 'logindo',
  ),
)
[ info ] [ HEADER ] array (
  'host' => 'www.nyhr.com',
  'connection' => 'keep-alive',
  'accept' => 'application/json, text/javascript, */*; q=0.01',
  'x-requested-with' => 'XMLHttpRequest',
  'user-agent' => 'Mozilla/5.0 (Windows NT 10.0; Win64; x64) AppleWebKit/537.36 (KHTML, like Gecko) Chrome/67.0.3396.99 Safari/537.36',
  'referer' => 'http://www.nyhr.com/index/index/login_form/login_id/2.html',
  'accept-encoding' => 'gzip, deflate',
  'accept-language' => 'zh-CN,zh;q=0.9',
)
[ info ] [ PARAM ] array (
  'mail' => '',
  'password' => '',
)
[ info ] [ RUN ] app\index\controller\Index->logindo[ F:\site\nouya_rs\nyinside\index\controller\Index.php ]
[ info ] [ SESSION ] INIT array (
  'id' => '',
  'var_session_id' => '',
  'prefix' => 'think',
  'type' => '',
  'auto_start' => true,
)
[ info ] [ LOG ] INIT File
---------------------------------------------------------------
[ 2018-09-13T09:04:16+08:00 ] 127.0.0.1 GET /index/index/index.html
[ info ] www.nyhr.com/index/index/index.html [运行时间：0.071826s][吞吐率：13.92req/s] [内存消耗：1,414.67kb] [文件加载：35]
[ info ] [ LANG ] F:\site\fw\thinkphp_5.0.20\thinkphp\lang\zh-cn.php
[ info ] [ ROUTE ] array (
  'type' => 'module',
  'module' => 
  array (
    0 => 'index',
    1 => 'index',
    2 => 'index',
  ),
)
[ info ] [ HEADER ] array (
  'host' => 'www.nyhr.com',
  'connection' => 'keep-alive',
  'upgrade-insecure-requests' => '1',
  'user-agent' => 'Mozilla/5.0 (Windows NT 10.0; Win64; x64) AppleWebKit/537.36 (KHTML, like Gecko) Chrome/67.0.3396.99 Safari/537.36',
  'accept' => 'text/html,application/xhtml+xml,application/xml;q=0.9,image/webp,image/apng,*/*;q=0.8',
  'referer' => 'http://www.nyhr.com/index/index/login_form/login_id/2.html',
  'accept-encoding' => 'gzip, deflate',
  'accept-language' => 'zh-CN,zh;q=0.9',
  'cookie' => 'PHPSESSID=p850d4pv7r4qos6k3c9rqvfgn2',
)
[ info ] [ PARAM ] array (
)
[ info ] [ RUN ] app\index\controller\Index->index[ F:\site\nouya_rs\nyinside\index\controller\Index.php ]
[ info ] [ SESSION ] INIT array (
  'id' => '',
  'var_session_id' => '',
  'prefix' => 'think',
  'type' => '',
  'auto_start' => true,
)
[ info ] [ LOG ] INIT File
---------------------------------------------------------------
[ 2018-09-13T09:04:16+08:00 ] 127.0.0.1 GET /index/center/index.html
[ info ] www.nyhr.com/index/center/index.html [运行时间：0.065721s][吞吐率：15.22req/s] [内存消耗：1,402.83kb] [文件加载：35]
[ info ] [ LANG ] F:\site\fw\thinkphp_5.0.20\thinkphp\lang\zh-cn.php
[ info ] [ ROUTE ] array (
  'type' => 'module',
  'module' => 
  array (
    0 => 'index',
    1 => 'center',
    2 => 'index',
  ),
)
[ info ] [ HEADER ] array (
  'host' => 'www.nyhr.com',
  'connection' => 'keep-alive',
  'upgrade-insecure-requests' => '1',
  'user-agent' => 'Mozilla/5.0 (Windows NT 10.0; Win64; x64) AppleWebKit/537.36 (KHTML, like Gecko) Chrome/67.0.3396.99 Safari/537.36',
  'accept' => 'text/html,application/xhtml+xml,application/xml;q=0.9,image/webp,image/apng,*/*;q=0.8',
  'referer' => 'http://www.nyhr.com/index/index/login_form/login_id/2.html',
  'accept-encoding' => 'gzip, deflate',
  'accept-language' => 'zh-CN,zh;q=0.9',
  'cookie' => 'PHPSESSID=p850d4pv7r4qos6k3c9rqvfgn2',
)
[ info ] [ PARAM ] array (
)
[ info ] [ SESSION ] INIT array (
  'id' => '',
  'var_session_id' => '',
  'prefix' => 'think',
  'type' => '',
  'auto_start' => true,
)
[ info ] [ RUN ] app\index\controller\Center->index[ F:\site\nouya_rs\nyinside\index\controller\Center.php ]
[ info ] [ VIEW ] F:\site\nouya_rs\public/../nyinside/index\view\Page\first.html [ array (
  0 => 'pagegroup',
  1 => 'page_name',
  2 => 'base_info',
  3 => 'base_user',
  4 => 'base_reqest',
) ]
[ info ] [ LOG ] INIT File
---------------------------------------------------------------
[ 2018-09-13T09:04:18+08:00 ] 127.0.0.1 GET /index/roster/lists.html
[ info ] www.nyhr.com/index/roster/lists.html [运行时间：0.090771s][吞吐率：11.02req/s] [内存消耗：1,427.28kb] [文件加载：35]
[ info ] [ LANG ] F:\site\fw\thinkphp_5.0.20\thinkphp\lang\zh-cn.php
[ info ] [ ROUTE ] array (
  'type' => 'module',
  'module' => 
  array (
    0 => 'index',
    1 => 'roster',
    2 => 'lists',
  ),
)
[ info ] [ HEADER ] array (
  'host' => 'www.nyhr.com',
  'connection' => 'keep-alive',
  'upgrade-insecure-requests' => '1',
  'user-agent' => 'Mozilla/5.0 (Windows NT 10.0; Win64; x64) AppleWebKit/537.36 (KHTML, like Gecko) Chrome/67.0.3396.99 Safari/537.36',
  'accept' => 'text/html,application/xhtml+xml,application/xml;q=0.9,image/webp,image/apng,*/*;q=0.8',
  'referer' => 'http://www.nyhr.com/index/center/index.html',
  'accept-encoding' => 'gzip, deflate',
  'accept-language' => 'zh-CN,zh;q=0.9',
  'cookie' => 'PHPSESSID=p850d4pv7r4qos6k3c9rqvfgn2',
)
[ info ] [ PARAM ] array (
)
[ info ] [ SESSION ] INIT array (
  'id' => '',
  'var_session_id' => '',
  'prefix' => 'think',
  'type' => '',
  'auto_start' => true,
)
[ info ] [ RUN ] app\index\controller\Roster->lists[ F:\site\nouya_rs\nyinside\index\controller\Roster.php ]
[ info ] [ VIEW ] F:\site\nouya_rs\public/../nyinside/index\view\Page\main.html [ array (
  0 => 'pagegroup',
  1 => 'page_name',
  2 => 'base_info',
  3 => 'base_user',
  4 => 'base_reqest',
) ]
[ info ] [ LOG ] INIT File
---------------------------------------------------------------
[ 2018-09-13T09:04:19+08:00 ] 127.0.0.1 GET /index/roster/add_form.html
[ info ] www.nyhr.com/index/roster/add_form.html [运行时间：0.078839s][吞吐率：12.68req/s] [内存消耗：1,543.85kb] [文件加载：38]
[ info ] [ LANG ] F:\site\fw\thinkphp_5.0.20\thinkphp\lang\zh-cn.php
[ info ] [ ROUTE ] array (
  'type' => 'module',
  'module' => 
  array (
    0 => 'index',
    1 => 'roster',
    2 => 'add_form',
  ),
)
[ info ] [ HEADER ] array (
  'host' => 'www.nyhr.com',
  'connection' => 'keep-alive',
  'upgrade-insecure-requests' => '1',
  'user-agent' => 'Mozilla/5.0 (Windows NT 10.0; Win64; x64) AppleWebKit/537.36 (KHTML, like Gecko) Chrome/67.0.3396.99 Safari/537.36',
  'accept' => 'text/html,application/xhtml+xml,application/xml;q=0.9,image/webp,image/apng,*/*;q=0.8',
  'referer' => 'http://www.nyhr.com/index/roster/lists.html',
  'accept-encoding' => 'gzip, deflate',
  'accept-language' => 'zh-CN,zh;q=0.9',
  'cookie' => 'PHPSESSID=p850d4pv7r4qos6k3c9rqvfgn2',
)
[ info ] [ PARAM ] array (
)
[ info ] [ SESSION ] INIT array (
  'id' => '',
  'var_session_id' => '',
  'prefix' => 'think',
  'type' => '',
  'auto_start' => true,
)
[ info ] [ RUN ] app\index\controller\Base->add_form[ F:\site\nouya_rs\nyinside\index\controller\Base.php ]
[ info ] [ VIEW ] F:\site\nouya_rs\public/../nyinside/index\view\Page\main.html [ array (
  0 => 'pagegroup',
  1 => 'page_name',
  2 => 'base_info',
  3 => 'base_user',
  4 => 'base_reqest',
  5 => 'form_fileds',
) ]
[ info ] [ LOG ] INIT File
---------------------------------------------------------------
[ 2018-09-13T09:39:52+08:00 ] 127.0.0.1 GET /index/roster/add_form.html
[ info ] www.nyhr.com/index/roster/add_form.html [运行时间：0.090040s][吞吐率：11.11req/s] [内存消耗：1,544.32kb] [文件加载：38]
[ info ] [ LANG ] F:\site\fw\thinkphp_5.0.20\thinkphp\lang\zh-cn.php
[ info ] [ ROUTE ] array (
  'type' => 'module',
  'module' => 
  array (
    0 => 'index',
    1 => 'roster',
    2 => 'add_form',
  ),
)
[ info ] [ HEADER ] array (
  'host' => 'www.nyhr.com',
  'connection' => 'keep-alive',
  'cache-control' => 'max-age=0',
  'upgrade-insecure-requests' => '1',
  'user-agent' => 'Mozilla/5.0 (Windows NT 10.0; Win64; x64) AppleWebKit/537.36 (KHTML, like Gecko) Chrome/67.0.3396.99 Safari/537.36',
  'accept' => 'text/html,application/xhtml+xml,application/xml;q=0.9,image/webp,image/apng,*/*;q=0.8',
  'referer' => 'http://www.nyhr.com/index/roster/lists.html',
  'accept-encoding' => 'gzip, deflate',
  'accept-language' => 'zh-CN,zh;q=0.9',
  'cookie' => 'PHPSESSID=p850d4pv7r4qos6k3c9rqvfgn2',
)
[ info ] [ PARAM ] array (
)
[ info ] [ SESSION ] INIT array (
  'id' => '',
  'var_session_id' => '',
  'prefix' => 'think',
  'type' => '',
  'auto_start' => true,
)
[ info ] [ RUN ] app\index\controller\Base->add_form[ F:\site\nouya_rs\nyinside\index\controller\Base.php ]
[ info ] [ VIEW ] F:\site\nouya_rs\public/../nyinside/index\view\Page\main.html [ array (
  0 => 'pagegroup',
  1 => 'page_name',
  2 => 'base_info',
  3 => 'base_user',
  4 => 'base_reqest',
  5 => 'form_fileds',
) ]
[ info ] [ LOG ] INIT File
---------------------------------------------------------------
[ 2018-09-13T09:40:10+08:00 ] 127.0.0.1 GET /index/roster/add_form.html
[ info ] www.nyhr.com/index/roster/add_form.html [运行时间：0.112665s][吞吐率：8.88req/s] [内存消耗：1,544.70kb] [文件加载：38]
[ info ] [ LANG ] F:\site\fw\thinkphp_5.0.20\thinkphp\lang\zh-cn.php
[ info ] [ ROUTE ] array (
  'type' => 'module',
  'module' => 
  array (
    0 => 'index',
    1 => 'roster',
    2 => 'add_form',
  ),
)
[ info ] [ HEADER ] array (
  'host' => 'www.nyhr.com',
  'connection' => 'keep-alive',
  'cache-control' => 'max-age=0',
  'upgrade-insecure-requests' => '1',
  'user-agent' => 'Mozilla/5.0 (Windows NT 10.0; Win64; x64) AppleWebKit/537.36 (KHTML, like Gecko) Chrome/67.0.3396.99 Safari/537.36',
  'accept' => 'text/html,application/xhtml+xml,application/xml;q=0.9,image/webp,image/apng,*/*;q=0.8',
  'referer' => 'http://www.nyhr.com/index/roster/lists.html',
  'accept-encoding' => 'gzip, deflate',
  'accept-language' => 'zh-CN,zh;q=0.9',
  'cookie' => 'PHPSESSID=p850d4pv7r4qos6k3c9rqvfgn2',
)
[ info ] [ PARAM ] array (
)
[ info ] [ SESSION ] INIT array (
  'id' => '',
  'var_session_id' => '',
  'prefix' => 'think',
  'type' => '',
  'auto_start' => true,
)
[ info ] [ RUN ] app\index\controller\Base->add_form[ F:\site\nouya_rs\nyinside\index\controller\Base.php ]
[ info ] [ VIEW ] F:\site\nouya_rs\public/../nyinside/index\view\Page\main.html [ array (
  0 => 'pagegroup',
  1 => 'page_name',
  2 => 'base_info',
  3 => 'base_user',
  4 => 'base_reqest',
  5 => 'form_fileds',
) ]
[ info ] [ LOG ] INIT File
---------------------------------------------------------------
[ 2018-09-13T09:41:07+08:00 ] 127.0.0.1 GET /index/roster/add_form.html
[ info ] www.nyhr.com/index/roster/add_form.html [运行时间：0.095850s][吞吐率：10.43req/s] [内存消耗：1,573.57kb] [文件加载：42]
[ info ] [ LANG ] F:\site\fw\thinkphp_5.0.20\thinkphp\lang\zh-cn.php
[ info ] [ ROUTE ] array (
  'type' => 'module',
  'module' => 
  array (
    0 => 'index',
    1 => 'roster',
    2 => 'add_form',
  ),
)
[ info ] [ HEADER ] array (
  'host' => 'www.nyhr.com',
  'connection' => 'keep-alive',
  'cache-control' => 'max-age=0',
  'upgrade-insecure-requests' => '1',
  'user-agent' => 'Mozilla/5.0 (Windows NT 10.0; Win64; x64) AppleWebKit/537.36 (KHTML, like Gecko) Chrome/67.0.3396.99 Safari/537.36',
  'accept' => 'text/html,application/xhtml+xml,application/xml;q=0.9,image/webp,image/apng,*/*;q=0.8',
  'referer' => 'http://www.nyhr.com/index/roster/lists.html',
  'accept-encoding' => 'gzip, deflate',
  'accept-language' => 'zh-CN,zh;q=0.9',
  'cookie' => 'PHPSESSID=p850d4pv7r4qos6k3c9rqvfgn2',
)
[ info ] [ PARAM ] array (
)
[ info ] [ SESSION ] INIT array (
  'id' => '',
  'var_session_id' => '',
  'prefix' => 'think',
  'type' => '',
  'auto_start' => true,
)
[ info ] [ RUN ] app\index\controller\Base->add_form[ F:\site\nouya_rs\nyinside\index\controller\Base.php ]
[ info ] [ VIEW ] F:\site\nouya_rs\public/../nyinside/index\view\Page\main.html [ array (
  0 => 'pagegroup',
  1 => 'page_name',
  2 => 'base_info',
  3 => 'base_user',
  4 => 'base_reqest',
  5 => 'form_fileds',
) ]
[ info ] [ LOG ] INIT File
[ error ] [8]Array to string conversion[F:\site\fw\thinkphp_5.0.20\thinkphp\library\think\form\HtmlBuilder.php:33]
---------------------------------------------------------------
[ 2018-09-13T09:41:19+08:00 ] 127.0.0.1 GET /index/roster/add_form.html
[ info ] www.nyhr.com/index/roster/add_form.html [运行时间：0.093196s][吞吐率：10.73req/s] [内存消耗：1,573.59kb] [文件加载：42]
[ info ] [ LANG ] F:\site\fw\thinkphp_5.0.20\thinkphp\lang\zh-cn.php
[ info ] [ ROUTE ] array (
  'type' => 'module',
  'module' => 
  array (
    0 => 'index',
    1 => 'roster',
    2 => 'add_form',
  ),
)
[ info ] [ HEADER ] array (
  'host' => 'www.nyhr.com',
  'connection' => 'keep-alive',
  'cache-control' => 'max-age=0',
  'upgrade-insecure-requests' => '1',
  'user-agent' => 'Mozilla/5.0 (Windows NT 10.0; Win64; x64) AppleWebKit/537.36 (KHTML, like Gecko) Chrome/67.0.3396.99 Safari/537.36',
  'accept' => 'text/html,application/xhtml+xml,application/xml;q=0.9,image/webp,image/apng,*/*;q=0.8',
  'referer' => 'http://www.nyhr.com/index/roster/lists.html',
  'accept-encoding' => 'gzip, deflate',
  'accept-language' => 'zh-CN,zh;q=0.9',
  'cookie' => 'PHPSESSID=p850d4pv7r4qos6k3c9rqvfgn2',
)
[ info ] [ PARAM ] array (
)
[ info ] [ SESSION ] INIT array (
  'id' => '',
  'var_session_id' => '',
  'prefix' => 'think',
  'type' => '',
  'auto_start' => true,
)
[ info ] [ RUN ] app\index\controller\Base->add_form[ F:\site\nouya_rs\nyinside\index\controller\Base.php ]
[ info ] [ VIEW ] F:\site\nouya_rs\public/../nyinside/index\view\Page\main.html [ array (
  0 => 'pagegroup',
  1 => 'page_name',
  2 => 'base_info',
  3 => 'base_user',
  4 => 'base_reqest',
  5 => 'form_fileds',
) ]
[ info ] [ LOG ] INIT File
[ error ] [8]Array to string conversion[F:\site\fw\thinkphp_5.0.20\thinkphp\library\think\form\HtmlBuilder.php:33]
---------------------------------------------------------------
[ 2018-09-13T09:41:21+08:00 ] 127.0.0.1 GET /index/roster/add_form.html
[ info ] www.nyhr.com/index/roster/add_form.html [运行时间：0.093207s][吞吐率：10.73req/s] [内存消耗：1,573.59kb] [文件加载：42]
[ info ] [ LANG ] F:\site\fw\thinkphp_5.0.20\thinkphp\lang\zh-cn.php
[ info ] [ ROUTE ] array (
  'type' => 'module',
  'module' => 
  array (
    0 => 'index',
    1 => 'roster',
    2 => 'add_form',
  ),
)
[ info ] [ HEADER ] array (
  'host' => 'www.nyhr.com',
  'connection' => 'keep-alive',
  'cache-control' => 'max-age=0',
  'upgrade-insecure-requests' => '1',
  'user-agent' => 'Mozilla/5.0 (Windows NT 10.0; Win64; x64) AppleWebKit/537.36 (KHTML, like Gecko) Chrome/67.0.3396.99 Safari/537.36',
  'accept' => 'text/html,application/xhtml+xml,application/xml;q=0.9,image/webp,image/apng,*/*;q=0.8',
  'referer' => 'http://www.nyhr.com/index/roster/lists.html',
  'accept-encoding' => 'gzip, deflate',
  'accept-language' => 'zh-CN,zh;q=0.9',
  'cookie' => 'PHPSESSID=p850d4pv7r4qos6k3c9rqvfgn2',
)
[ info ] [ PARAM ] array (
)
[ info ] [ SESSION ] INIT array (
  'id' => '',
  'var_session_id' => '',
  'prefix' => 'think',
  'type' => '',
  'auto_start' => true,
)
[ info ] [ RUN ] app\index\controller\Base->add_form[ F:\site\nouya_rs\nyinside\index\controller\Base.php ]
[ info ] [ VIEW ] F:\site\nouya_rs\public/../nyinside/index\view\Page\main.html [ array (
  0 => 'pagegroup',
  1 => 'page_name',
  2 => 'base_info',
  3 => 'base_user',
  4 => 'base_reqest',
  5 => 'form_fileds',
) ]
[ info ] [ LOG ] INIT File
[ error ] [8]Array to string conversion[F:\site\fw\thinkphp_5.0.20\thinkphp\library\think\form\HtmlBuilder.php:33]
---------------------------------------------------------------
[ 2018-09-13T09:57:09+08:00 ] 127.0.0.1 GET /index/roster/add_form.html
[ info ] www.nyhr.com/index/roster/add_form.html [运行时间：0.120620s][吞吐率：8.29req/s] [内存消耗：1,578.54kb] [文件加载：42]
[ info ] [ LANG ] F:\site\fw\thinkphp_5.0.20\thinkphp\lang\zh-cn.php
[ info ] [ ROUTE ] array (
  'type' => 'module',
  'module' => 
  array (
    0 => 'index',
    1 => 'roster',
    2 => 'add_form',
  ),
)
[ info ] [ HEADER ] array (
  'host' => 'www.nyhr.com',
  'connection' => 'keep-alive',
  'cache-control' => 'max-age=0',
  'upgrade-insecure-requests' => '1',
  'user-agent' => 'Mozilla/5.0 (Windows NT 10.0; Win64; x64) AppleWebKit/537.36 (KHTML, like Gecko) Chrome/67.0.3396.99 Safari/537.36',
  'accept' => 'text/html,application/xhtml+xml,application/xml;q=0.9,image/webp,image/apng,*/*;q=0.8',
  'referer' => 'http://www.nyhr.com/index/roster/lists.html',
  'accept-encoding' => 'gzip, deflate',
  'accept-language' => 'zh-CN,zh;q=0.9',
  'cookie' => 'PHPSESSID=p850d4pv7r4qos6k3c9rqvfgn2',
)
[ info ] [ PARAM ] array (
)
[ info ] [ SESSION ] INIT array (
  'id' => '',
  'var_session_id' => '',
  'prefix' => 'think',
  'type' => '',
  'auto_start' => true,
)
[ info ] [ RUN ] app\index\controller\Base->add_form[ F:\site\nouya_rs\nyinside\index\controller\Base.php ]
[ info ] [ VIEW ] F:\site\nouya_rs\public/../nyinside/index\view\Page\main.html [ array (
  0 => 'pagegroup',
  1 => 'page_name',
  2 => 'base_info',
  3 => 'base_user',
  4 => 'base_reqest',
  5 => 'form_fileds',
) ]
[ info ] [ LOG ] INIT File
[ error ] [8]未定义变量: backstr[F:\site\fw\thinkphp_5.0.20\thinkphp\library\think\form\FormModel.php:231]
---------------------------------------------------------------
[ 2018-09-13T09:59:16+08:00 ] 127.0.0.1 GET /index/roster/add_form.html
[ info ] www.nyhr.com/index/roster/add_form.html [运行时间：0.104276s][吞吐率：9.59req/s] [内存消耗：1,578.48kb] [文件加载：42]
[ info ] [ LANG ] F:\site\fw\thinkphp_5.0.20\thinkphp\lang\zh-cn.php
[ info ] [ ROUTE ] array (
  'type' => 'module',
  'module' => 
  array (
    0 => 'index',
    1 => 'roster',
    2 => 'add_form',
  ),
)
[ info ] [ HEADER ] array (
  'host' => 'www.nyhr.com',
  'connection' => 'keep-alive',
  'cache-control' => 'max-age=0',
  'upgrade-insecure-requests' => '1',
  'user-agent' => 'Mozilla/5.0 (Windows NT 10.0; Win64; x64) AppleWebKit/537.36 (KHTML, like Gecko) Chrome/67.0.3396.99 Safari/537.36',
  'accept' => 'text/html,application/xhtml+xml,application/xml;q=0.9,image/webp,image/apng,*/*;q=0.8',
  'referer' => 'http://www.nyhr.com/index/roster/lists.html',
  'accept-encoding' => 'gzip, deflate',
  'accept-language' => 'zh-CN,zh;q=0.9',
  'cookie' => 'PHPSESSID=p850d4pv7r4qos6k3c9rqvfgn2',
)
[ info ] [ PARAM ] array (
)
[ info ] [ SESSION ] INIT array (
  'id' => '',
  'var_session_id' => '',
  'prefix' => 'think',
  'type' => '',
  'auto_start' => true,
)
[ info ] [ RUN ] app\index\controller\Base->add_form[ F:\site\nouya_rs\nyinside\index\controller\Base.php ]
[ info ] [ VIEW ] F:\site\nouya_rs\public/../nyinside/index\view\Page\main.html [ array (
  0 => 'pagegroup',
  1 => 'page_name',
  2 => 'base_info',
  3 => 'base_user',
  4 => 'base_reqest',
  5 => 'form_fileds',
) ]
[ info ] [ LOG ] INIT File
[ error ] [8]未定义变量: backstr[F:\site\fw\thinkphp_5.0.20\thinkphp\library\think\form\FormModel.php:231]
---------------------------------------------------------------
[ 2018-09-13T09:59:17+08:00 ] 127.0.0.1 GET /index/roster/add_form.html
[ info ] www.nyhr.com/index/roster/add_form.html [运行时间：0.081140s][吞吐率：12.32req/s] [内存消耗：1,578.48kb] [文件加载：42]
[ info ] [ LANG ] F:\site\fw\thinkphp_5.0.20\thinkphp\lang\zh-cn.php
[ info ] [ ROUTE ] array (
  'type' => 'module',
  'module' => 
  array (
    0 => 'index',
    1 => 'roster',
    2 => 'add_form',
  ),
)
[ info ] [ HEADER ] array (
  'host' => 'www.nyhr.com',
  'connection' => 'keep-alive',
  'cache-control' => 'max-age=0',
  'upgrade-insecure-requests' => '1',
  'user-agent' => 'Mozilla/5.0 (Windows NT 10.0; Win64; x64) AppleWebKit/537.36 (KHTML, like Gecko) Chrome/67.0.3396.99 Safari/537.36',
  'accept' => 'text/html,application/xhtml+xml,application/xml;q=0.9,image/webp,image/apng,*/*;q=0.8',
  'referer' => 'http://www.nyhr.com/index/roster/lists.html',
  'accept-encoding' => 'gzip, deflate',
  'accept-language' => 'zh-CN,zh;q=0.9',
  'cookie' => 'PHPSESSID=p850d4pv7r4qos6k3c9rqvfgn2',
)
[ info ] [ PARAM ] array (
)
[ info ] [ SESSION ] INIT array (
  'id' => '',
  'var_session_id' => '',
  'prefix' => 'think',
  'type' => '',
  'auto_start' => true,
)
[ info ] [ RUN ] app\index\controller\Base->add_form[ F:\site\nouya_rs\nyinside\index\controller\Base.php ]
[ info ] [ VIEW ] F:\site\nouya_rs\public/../nyinside/index\view\Page\main.html [ array (
  0 => 'pagegroup',
  1 => 'page_name',
  2 => 'base_info',
  3 => 'base_user',
  4 => 'base_reqest',
  5 => 'form_fileds',
) ]
[ info ] [ LOG ] INIT File
[ error ] [8]未定义变量: backstr[F:\site\fw\thinkphp_5.0.20\thinkphp\library\think\form\FormModel.php:231]
---------------------------------------------------------------
[ 2018-09-13T09:59:18+08:00 ] 127.0.0.1 GET /index/roster/add_form.html
[ info ] www.nyhr.com/index/roster/add_form.html [运行时间：0.092817s][吞吐率：10.77req/s] [内存消耗：1,578.48kb] [文件加载：42]
[ info ] [ LANG ] F:\site\fw\thinkphp_5.0.20\thinkphp\lang\zh-cn.php
[ info ] [ ROUTE ] array (
  'type' => 'module',
  'module' => 
  array (
    0 => 'index',
    1 => 'roster',
    2 => 'add_form',
  ),
)
[ info ] [ HEADER ] array (
  'host' => 'www.nyhr.com',
  'connection' => 'keep-alive',
  'cache-control' => 'max-age=0',
  'upgrade-insecure-requests' => '1',
  'user-agent' => 'Mozilla/5.0 (Windows NT 10.0; Win64; x64) AppleWebKit/537.36 (KHTML, like Gecko) Chrome/67.0.3396.99 Safari/537.36',
  'accept' => 'text/html,application/xhtml+xml,application/xml;q=0.9,image/webp,image/apng,*/*;q=0.8',
  'referer' => 'http://www.nyhr.com/index/roster/lists.html',
  'accept-encoding' => 'gzip, deflate',
  'accept-language' => 'zh-CN,zh;q=0.9',
  'cookie' => 'PHPSESSID=p850d4pv7r4qos6k3c9rqvfgn2',
)
[ info ] [ PARAM ] array (
)
[ info ] [ SESSION ] INIT array (
  'id' => '',
  'var_session_id' => '',
  'prefix' => 'think',
  'type' => '',
  'auto_start' => true,
)
[ info ] [ RUN ] app\index\controller\Base->add_form[ F:\site\nouya_rs\nyinside\index\controller\Base.php ]
[ info ] [ VIEW ] F:\site\nouya_rs\public/../nyinside/index\view\Page\main.html [ array (
  0 => 'pagegroup',
  1 => 'page_name',
  2 => 'base_info',
  3 => 'base_user',
  4 => 'base_reqest',
  5 => 'form_fileds',
) ]
[ info ] [ LOG ] INIT File
[ error ] [8]未定义变量: backstr[F:\site\fw\thinkphp_5.0.20\thinkphp\library\think\form\FormModel.php:231]
---------------------------------------------------------------
[ 2018-09-13T09:59:50+08:00 ] 127.0.0.1 GET /index/roster/add_form.html
[ info ] www.nyhr.com/index/roster/add_form.html [运行时间：0.098852s][吞吐率：10.12req/s] [内存消耗：1,577.13kb] [文件加载：42]
[ info ] [ LANG ] F:\site\fw\thinkphp_5.0.20\thinkphp\lang\zh-cn.php
[ info ] [ ROUTE ] array (
  'type' => 'module',
  'module' => 
  array (
    0 => 'index',
    1 => 'roster',
    2 => 'add_form',
  ),
)
[ info ] [ HEADER ] array (
  'host' => 'www.nyhr.com',
  'connection' => 'keep-alive',
  'cache-control' => 'max-age=0',
  'upgrade-insecure-requests' => '1',
  'user-agent' => 'Mozilla/5.0 (Windows NT 10.0; Win64; x64) AppleWebKit/537.36 (KHTML, like Gecko) Chrome/67.0.3396.99 Safari/537.36',
  'accept' => 'text/html,application/xhtml+xml,application/xml;q=0.9,image/webp,image/apng,*/*;q=0.8',
  'referer' => 'http://www.nyhr.com/index/roster/lists.html',
  'accept-encoding' => 'gzip, deflate',
  'accept-language' => 'zh-CN,zh;q=0.9',
  'cookie' => 'PHPSESSID=p850d4pv7r4qos6k3c9rqvfgn2',
)
[ info ] [ PARAM ] array (
)
[ info ] [ SESSION ] INIT array (
  'id' => '',
  'var_session_id' => '',
  'prefix' => 'think',
  'type' => '',
  'auto_start' => true,
)
[ info ] [ RUN ] app\index\controller\Base->add_form[ F:\site\nouya_rs\nyinside\index\controller\Base.php ]
[ info ] [ VIEW ] F:\site\nouya_rs\public/../nyinside/index\view\Page\main.html [ array (
  0 => 'pagegroup',
  1 => 'page_name',
  2 => 'base_info',
  3 => 'base_user',
  4 => 'base_reqest',
  5 => 'form_fileds',
) ]
[ info ] [ LOG ] INIT File
[ error ] [8]未定义变量: backstr[F:\site\fw\thinkphp_5.0.20\thinkphp\library\think\form\FormModel.php:231]
---------------------------------------------------------------
[ 2018-09-13T09:59:51+08:00 ] 127.0.0.1 GET /index/roster/add_form.html
[ info ] www.nyhr.com/index/roster/add_form.html [运行时间：0.097399s][吞吐率：10.27req/s] [内存消耗：1,577.13kb] [文件加载：42]
[ info ] [ LANG ] F:\site\fw\thinkphp_5.0.20\thinkphp\lang\zh-cn.php
[ info ] [ ROUTE ] array (
  'type' => 'module',
  'module' => 
  array (
    0 => 'index',
    1 => 'roster',
    2 => 'add_form',
  ),
)
[ info ] [ HEADER ] array (
  'host' => 'www.nyhr.com',
  'connection' => 'keep-alive',
  'cache-control' => 'max-age=0',
  'upgrade-insecure-requests' => '1',
  'user-agent' => 'Mozilla/5.0 (Windows NT 10.0; Win64; x64) AppleWebKit/537.36 (KHTML, like Gecko) Chrome/67.0.3396.99 Safari/537.36',
  'accept' => 'text/html,application/xhtml+xml,application/xml;q=0.9,image/webp,image/apng,*/*;q=0.8',
  'referer' => 'http://www.nyhr.com/index/roster/lists.html',
  'accept-encoding' => 'gzip, deflate',
  'accept-language' => 'zh-CN,zh;q=0.9',
  'cookie' => 'PHPSESSID=p850d4pv7r4qos6k3c9rqvfgn2',
)
[ info ] [ PARAM ] array (
)
[ info ] [ SESSION ] INIT array (
  'id' => '',
  'var_session_id' => '',
  'prefix' => 'think',
  'type' => '',
  'auto_start' => true,
)
[ info ] [ RUN ] app\index\controller\Base->add_form[ F:\site\nouya_rs\nyinside\index\controller\Base.php ]
[ info ] [ VIEW ] F:\site\nouya_rs\public/../nyinside/index\view\Page\main.html [ array (
  0 => 'pagegroup',
  1 => 'page_name',
  2 => 'base_info',
  3 => 'base_user',
  4 => 'base_reqest',
  5 => 'form_fileds',
) ]
[ info ] [ LOG ] INIT File
[ error ] [8]未定义变量: backstr[F:\site\fw\thinkphp_5.0.20\thinkphp\library\think\form\FormModel.php:231]
---------------------------------------------------------------
[ 2018-09-13T10:00:30+08:00 ] 127.0.0.1 GET /index/roster/add_form.html
[ info ] www.nyhr.com/index/roster/add_form.html [运行时间：0.088940s][吞吐率：11.24req/s] [内存消耗：1,578.45kb] [文件加载：42]
[ info ] [ LANG ] F:\site\fw\thinkphp_5.0.20\thinkphp\lang\zh-cn.php
[ info ] [ ROUTE ] array (
  'type' => 'module',
  'module' => 
  array (
    0 => 'index',
    1 => 'roster',
    2 => 'add_form',
  ),
)
[ info ] [ HEADER ] array (
  'host' => 'www.nyhr.com',
  'connection' => 'keep-alive',
  'cache-control' => 'max-age=0',
  'upgrade-insecure-requests' => '1',
  'user-agent' => 'Mozilla/5.0 (Windows NT 10.0; Win64; x64) AppleWebKit/537.36 (KHTML, like Gecko) Chrome/67.0.3396.99 Safari/537.36',
  'accept' => 'text/html,application/xhtml+xml,application/xml;q=0.9,image/webp,image/apng,*/*;q=0.8',
  'referer' => 'http://www.nyhr.com/index/roster/lists.html',
  'accept-encoding' => 'gzip, deflate',
  'accept-language' => 'zh-CN,zh;q=0.9',
  'cookie' => 'PHPSESSID=p850d4pv7r4qos6k3c9rqvfgn2',
)
[ info ] [ PARAM ] array (
)
[ info ] [ SESSION ] INIT array (
  'id' => '',
  'var_session_id' => '',
  'prefix' => 'think',
  'type' => '',
  'auto_start' => true,
)
[ info ] [ RUN ] app\index\controller\Base->add_form[ F:\site\nouya_rs\nyinside\index\controller\Base.php ]
[ info ] [ VIEW ] F:\site\nouya_rs\public/../nyinside/index\view\Page\main.html [ array (
  0 => 'pagegroup',
  1 => 'page_name',
  2 => 'base_info',
  3 => 'base_user',
  4 => 'base_reqest',
  5 => 'form_fileds',
) ]
[ info ] [ LOG ] INIT File
[ error ] [8]未定义变量: backstr[F:\site\fw\thinkphp_5.0.20\thinkphp\library\think\form\FormModel.php:231]
---------------------------------------------------------------
[ 2018-09-13T10:01:35+08:00 ] 127.0.0.1 GET /index/roster/add_form.html
[ info ] www.nyhr.com/index/roster/add_form.html [运行时间：0.102380s][吞吐率：9.77req/s] [内存消耗：1,578.05kb] [文件加载：42]
[ info ] [ LANG ] F:\site\fw\thinkphp_5.0.20\thinkphp\lang\zh-cn.php
[ info ] [ ROUTE ] array (
  'type' => 'module',
  'module' => 
  array (
    0 => 'index',
    1 => 'roster',
    2 => 'add_form',
  ),
)
[ info ] [ HEADER ] array (
  'host' => 'www.nyhr.com',
  'connection' => 'keep-alive',
  'cache-control' => 'max-age=0',
  'upgrade-insecure-requests' => '1',
  'user-agent' => 'Mozilla/5.0 (Windows NT 10.0; Win64; x64) AppleWebKit/537.36 (KHTML, like Gecko) Chrome/67.0.3396.99 Safari/537.36',
  'accept' => 'text/html,application/xhtml+xml,application/xml;q=0.9,image/webp,image/apng,*/*;q=0.8',
  'referer' => 'http://www.nyhr.com/index/roster/lists.html',
  'accept-encoding' => 'gzip, deflate',
  'accept-language' => 'zh-CN,zh;q=0.9',
  'cookie' => 'PHPSESSID=p850d4pv7r4qos6k3c9rqvfgn2',
)
[ info ] [ PARAM ] array (
)
[ info ] [ SESSION ] INIT array (
  'id' => '',
  'var_session_id' => '',
  'prefix' => 'think',
  'type' => '',
  'auto_start' => true,
)
[ info ] [ RUN ] app\index\controller\Base->add_form[ F:\site\nouya_rs\nyinside\index\controller\Base.php ]
[ info ] [ VIEW ] F:\site\nouya_rs\public/../nyinside/index\view\Page\main.html [ array (
  0 => 'pagegroup',
  1 => 'page_name',
  2 => 'base_info',
  3 => 'base_user',
  4 => 'base_reqest',
  5 => 'form_fileds',
) ]
[ info ] [ LOG ] INIT File
[ error ] [8]未定义变量: backstr[F:\site\fw\thinkphp_5.0.20\thinkphp\library\think\form\FormModel.php:231]
---------------------------------------------------------------
[ 2018-09-13T10:01:58+08:00 ] 127.0.0.1 GET /index/roster/add_form.html
[ info ] www.nyhr.com/index/roster/add_form.html [运行时间：0.094784s][吞吐率：10.55req/s] [内存消耗：1,550.04kb] [文件加载：38]
[ info ] [ LANG ] F:\site\fw\thinkphp_5.0.20\thinkphp\lang\zh-cn.php
[ info ] [ ROUTE ] array (
  'type' => 'module',
  'module' => 
  array (
    0 => 'index',
    1 => 'roster',
    2 => 'add_form',
  ),
)
[ info ] [ HEADER ] array (
  'host' => 'www.nyhr.com',
  'connection' => 'keep-alive',
  'cache-control' => 'max-age=0',
  'upgrade-insecure-requests' => '1',
  'user-agent' => 'Mozilla/5.0 (Windows NT 10.0; Win64; x64) AppleWebKit/537.36 (KHTML, like Gecko) Chrome/67.0.3396.99 Safari/537.36',
  'accept' => 'text/html,application/xhtml+xml,application/xml;q=0.9,image/webp,image/apng,*/*;q=0.8',
  'referer' => 'http://www.nyhr.com/index/roster/lists.html',
  'accept-encoding' => 'gzip, deflate',
  'accept-language' => 'zh-CN,zh;q=0.9',
  'cookie' => 'PHPSESSID=p850d4pv7r4qos6k3c9rqvfgn2',
)
[ info ] [ PARAM ] array (
)
[ info ] [ SESSION ] INIT array (
  'id' => '',
  'var_session_id' => '',
  'prefix' => 'think',
  'type' => '',
  'auto_start' => true,
)
[ info ] [ RUN ] app\index\controller\Base->add_form[ F:\site\nouya_rs\nyinside\index\controller\Base.php ]
[ info ] [ VIEW ] F:\site\nouya_rs\public/../nyinside/index\view\Page\main.html [ array (
  0 => 'pagegroup',
  1 => 'page_name',
  2 => 'base_info',
  3 => 'base_user',
  4 => 'base_reqest',
  5 => 'form_fileds',
) ]
[ info ] [ LOG ] INIT File
---------------------------------------------------------------
[ 2018-09-13T10:02:10+08:00 ] 127.0.0.1 GET /index/roster/add_form.html
[ info ] www.nyhr.com/index/roster/add_form.html [运行时间：0.101115s][吞吐率：9.89req/s] [内存消耗：1,549.80kb] [文件加载：38]
[ info ] [ LANG ] F:\site\fw\thinkphp_5.0.20\thinkphp\lang\zh-cn.php
[ info ] [ ROUTE ] array (
  'type' => 'module',
  'module' => 
  array (
    0 => 'index',
    1 => 'roster',
    2 => 'add_form',
  ),
)
[ info ] [ HEADER ] array (
  'host' => 'www.nyhr.com',
  'connection' => 'keep-alive',
  'cache-control' => 'max-age=0',
  'upgrade-insecure-requests' => '1',
  'user-agent' => 'Mozilla/5.0 (Windows NT 10.0; Win64; x64) AppleWebKit/537.36 (KHTML, like Gecko) Chrome/67.0.3396.99 Safari/537.36',
  'accept' => 'text/html,application/xhtml+xml,application/xml;q=0.9,image/webp,image/apng,*/*;q=0.8',
  'referer' => 'http://www.nyhr.com/index/roster/lists.html',
  'accept-encoding' => 'gzip, deflate',
  'accept-language' => 'zh-CN,zh;q=0.9',
  'cookie' => 'PHPSESSID=p850d4pv7r4qos6k3c9rqvfgn2',
)
[ info ] [ PARAM ] array (
)
[ info ] [ SESSION ] INIT array (
  'id' => '',
  'var_session_id' => '',
  'prefix' => 'think',
  'type' => '',
  'auto_start' => true,
)
[ info ] [ RUN ] app\index\controller\Base->add_form[ F:\site\nouya_rs\nyinside\index\controller\Base.php ]
[ info ] [ VIEW ] F:\site\nouya_rs\public/../nyinside/index\view\Page\main.html [ array (
  0 => 'pagegroup',
  1 => 'page_name',
  2 => 'base_info',
  3 => 'base_user',
  4 => 'base_reqest',
  5 => 'form_fileds',
) ]
[ info ] [ LOG ] INIT File
---------------------------------------------------------------
[ 2018-09-13T10:04:31+08:00 ] 127.0.0.1 GET /index/roster/add_form.html
[ info ] www.nyhr.com/index/roster/add_form.html [运行时间：0.092492s][吞吐率：10.81req/s] [内存消耗：1,550.01kb] [文件加载：38]
[ info ] [ LANG ] F:\site\fw\thinkphp_5.0.20\thinkphp\lang\zh-cn.php
[ info ] [ ROUTE ] array (
  'type' => 'module',
  'module' => 
  array (
    0 => 'index',
    1 => 'roster',
    2 => 'add_form',
  ),
)
[ info ] [ HEADER ] array (
  'host' => 'www.nyhr.com',
  'connection' => 'keep-alive',
  'cache-control' => 'max-age=0',
  'upgrade-insecure-requests' => '1',
  'user-agent' => 'Mozilla/5.0 (Windows NT 10.0; Win64; x64) AppleWebKit/537.36 (KHTML, like Gecko) Chrome/67.0.3396.99 Safari/537.36',
  'accept' => 'text/html,application/xhtml+xml,application/xml;q=0.9,image/webp,image/apng,*/*;q=0.8',
  'referer' => 'http://www.nyhr.com/index/roster/lists.html',
  'accept-encoding' => 'gzip, deflate',
  'accept-language' => 'zh-CN,zh;q=0.9',
  'cookie' => 'PHPSESSID=p850d4pv7r4qos6k3c9rqvfgn2',
)
[ info ] [ PARAM ] array (
)
[ info ] [ SESSION ] INIT array (
  'id' => '',
  'var_session_id' => '',
  'prefix' => 'think',
  'type' => '',
  'auto_start' => true,
)
[ info ] [ RUN ] app\index\controller\Base->add_form[ F:\site\nouya_rs\nyinside\index\controller\Base.php ]
[ info ] [ VIEW ] F:\site\nouya_rs\public/../nyinside/index\view\Page\main.html [ array (
  0 => 'pagegroup',
  1 => 'page_name',
  2 => 'base_info',
  3 => 'base_user',
  4 => 'base_reqest',
  5 => 'form_fileds',
) ]
[ info ] [ LOG ] INIT File
---------------------------------------------------------------
[ 2018-09-13T10:05:35+08:00 ] 127.0.0.1 GET /index/roster/add_form.html
[ info ] www.nyhr.com/index/roster/add_form.html [运行时间：0.117471s][吞吐率：8.51req/s] [内存消耗：1,549.89kb] [文件加载：38]
[ info ] [ LANG ] F:\site\fw\thinkphp_5.0.20\thinkphp\lang\zh-cn.php
[ info ] [ ROUTE ] array (
  'type' => 'module',
  'module' => 
  array (
    0 => 'index',
    1 => 'roster',
    2 => 'add_form',
  ),
)
[ info ] [ HEADER ] array (
  'host' => 'www.nyhr.com',
  'connection' => 'keep-alive',
  'cache-control' => 'max-age=0',
  'upgrade-insecure-requests' => '1',
  'user-agent' => 'Mozilla/5.0 (Windows NT 10.0; Win64; x64) AppleWebKit/537.36 (KHTML, like Gecko) Chrome/67.0.3396.99 Safari/537.36',
  'accept' => 'text/html,application/xhtml+xml,application/xml;q=0.9,image/webp,image/apng,*/*;q=0.8',
  'referer' => 'http://www.nyhr.com/index/roster/lists.html',
  'accept-encoding' => 'gzip, deflate',
  'accept-language' => 'zh-CN,zh;q=0.9',
  'cookie' => 'PHPSESSID=p850d4pv7r4qos6k3c9rqvfgn2',
)
[ info ] [ PARAM ] array (
)
[ info ] [ SESSION ] INIT array (
  'id' => '',
  'var_session_id' => '',
  'prefix' => 'think',
  'type' => '',
  'auto_start' => true,
)
[ info ] [ RUN ] app\index\controller\Base->add_form[ F:\site\nouya_rs\nyinside\index\controller\Base.php ]
[ info ] [ VIEW ] F:\site\nouya_rs\public/../nyinside/index\view\Page\main.html [ array (
  0 => 'pagegroup',
  1 => 'page_name',
  2 => 'base_info',
  3 => 'base_user',
  4 => 'base_reqest',
  5 => 'form_fileds',
) ]
[ info ] [ LOG ] INIT File
---------------------------------------------------------------
[ 2018-09-13T10:05:45+08:00 ] 127.0.0.1 GET /index/roster/add_form.html
[ info ] www.nyhr.com/index/roster/add_form.html [运行时间：0.078108s][吞吐率：12.80req/s] [内存消耗：1,549.90kb] [文件加载：38]
[ info ] [ LANG ] F:\site\fw\thinkphp_5.0.20\thinkphp\lang\zh-cn.php
[ info ] [ ROUTE ] array (
  'type' => 'module',
  'module' => 
  array (
    0 => 'index',
    1 => 'roster',
    2 => 'add_form',
  ),
)
[ info ] [ HEADER ] array (
  'host' => 'www.nyhr.com',
  'connection' => 'keep-alive',
  'cache-control' => 'max-age=0',
  'upgrade-insecure-requests' => '1',
  'user-agent' => 'Mozilla/5.0 (Windows NT 10.0; Win64; x64) AppleWebKit/537.36 (KHTML, like Gecko) Chrome/67.0.3396.99 Safari/537.36',
  'accept' => 'text/html,application/xhtml+xml,application/xml;q=0.9,image/webp,image/apng,*/*;q=0.8',
  'referer' => 'http://www.nyhr.com/index/roster/lists.html',
  'accept-encoding' => 'gzip, deflate',
  'accept-language' => 'zh-CN,zh;q=0.9',
  'cookie' => 'PHPSESSID=p850d4pv7r4qos6k3c9rqvfgn2',
)
[ info ] [ PARAM ] array (
)
[ info ] [ SESSION ] INIT array (
  'id' => '',
  'var_session_id' => '',
  'prefix' => 'think',
  'type' => '',
  'auto_start' => true,
)
[ info ] [ RUN ] app\index\controller\Base->add_form[ F:\site\nouya_rs\nyinside\index\controller\Base.php ]
[ info ] [ VIEW ] F:\site\nouya_rs\public/../nyinside/index\view\Page\main.html [ array (
  0 => 'pagegroup',
  1 => 'page_name',
  2 => 'base_info',
  3 => 'base_user',
  4 => 'base_reqest',
  5 => 'form_fileds',
) ]
[ info ] [ LOG ] INIT File
---------------------------------------------------------------
[ 2018-09-13T10:05:49+08:00 ] 127.0.0.1 GET /index/roster/add_form.html
[ info ] www.nyhr.com/index/roster/add_form.html [运行时间：0.078687s][吞吐率：12.71req/s] [内存消耗：1,549.90kb] [文件加载：38]
[ info ] [ LANG ] F:\site\fw\thinkphp_5.0.20\thinkphp\lang\zh-cn.php
[ info ] [ ROUTE ] array (
  'type' => 'module',
  'module' => 
  array (
    0 => 'index',
    1 => 'roster',
    2 => 'add_form',
  ),
)
[ info ] [ HEADER ] array (
  'host' => 'www.nyhr.com',
  'connection' => 'keep-alive',
  'cache-control' => 'max-age=0',
  'upgrade-insecure-requests' => '1',
  'user-agent' => 'Mozilla/5.0 (Windows NT 10.0; Win64; x64) AppleWebKit/537.36 (KHTML, like Gecko) Chrome/67.0.3396.99 Safari/537.36',
  'accept' => 'text/html,application/xhtml+xml,application/xml;q=0.9,image/webp,image/apng,*/*;q=0.8',
  'referer' => 'http://www.nyhr.com/index/roster/lists.html',
  'accept-encoding' => 'gzip, deflate',
  'accept-language' => 'zh-CN,zh;q=0.9',
  'cookie' => 'PHPSESSID=p850d4pv7r4qos6k3c9rqvfgn2',
)
[ info ] [ PARAM ] array (
)
[ info ] [ SESSION ] INIT array (
  'id' => '',
  'var_session_id' => '',
  'prefix' => 'think',
  'type' => '',
  'auto_start' => true,
)
[ info ] [ RUN ] app\index\controller\Base->add_form[ F:\site\nouya_rs\nyinside\index\controller\Base.php ]
[ info ] [ VIEW ] F:\site\nouya_rs\public/../nyinside/index\view\Page\main.html [ array (
  0 => 'pagegroup',
  1 => 'page_name',
  2 => 'base_info',
  3 => 'base_user',
  4 => 'base_reqest',
  5 => 'form_fileds',
) ]
[ info ] [ LOG ] INIT File
---------------------------------------------------------------
[ 2018-09-13T10:05:49+08:00 ] 127.0.0.1 GET /index/roster/add_form.html
[ info ] www.nyhr.com/index/roster/add_form.html [运行时间：0.075061s][吞吐率：13.32req/s] [内存消耗：1,549.90kb] [文件加载：38]
[ info ] [ LANG ] F:\site\fw\thinkphp_5.0.20\thinkphp\lang\zh-cn.php
[ info ] [ ROUTE ] array (
  'type' => 'module',
  'module' => 
  array (
    0 => 'index',
    1 => 'roster',
    2 => 'add_form',
  ),
)
[ info ] [ HEADER ] array (
  'host' => 'www.nyhr.com',
  'connection' => 'keep-alive',
  'cache-control' => 'max-age=0',
  'upgrade-insecure-requests' => '1',
  'user-agent' => 'Mozilla/5.0 (Windows NT 10.0; Win64; x64) AppleWebKit/537.36 (KHTML, like Gecko) Chrome/67.0.3396.99 Safari/537.36',
  'accept' => 'text/html,application/xhtml+xml,application/xml;q=0.9,image/webp,image/apng,*/*;q=0.8',
  'referer' => 'http://www.nyhr.com/index/roster/lists.html',
  'accept-encoding' => 'gzip, deflate',
  'accept-language' => 'zh-CN,zh;q=0.9',
  'cookie' => 'PHPSESSID=p850d4pv7r4qos6k3c9rqvfgn2',
)
[ info ] [ PARAM ] array (
)
[ info ] [ SESSION ] INIT array (
  'id' => '',
  'var_session_id' => '',
  'prefix' => 'think',
  'type' => '',
  'auto_start' => true,
)
[ info ] [ RUN ] app\index\controller\Base->add_form[ F:\site\nouya_rs\nyinside\index\controller\Base.php ]
[ info ] [ VIEW ] F:\site\nouya_rs\public/../nyinside/index\view\Page\main.html [ array (
  0 => 'pagegroup',
  1 => 'page_name',
  2 => 'base_info',
  3 => 'base_user',
  4 => 'base_reqest',
  5 => 'form_fileds',
) ]
[ info ] [ LOG ] INIT File
---------------------------------------------------------------
[ 2018-09-13T10:05:50+08:00 ] 127.0.0.1 GET /index/roster/add_form.html
[ info ] www.nyhr.com/index/roster/add_form.html [运行时间：0.082218s][吞吐率：12.16req/s] [内存消耗：1,549.90kb] [文件加载：38]
[ info ] [ LANG ] F:\site\fw\thinkphp_5.0.20\thinkphp\lang\zh-cn.php
[ info ] [ ROUTE ] array (
  'type' => 'module',
  'module' => 
  array (
    0 => 'index',
    1 => 'roster',
    2 => 'add_form',
  ),
)
[ info ] [ HEADER ] array (
  'host' => 'www.nyhr.com',
  'connection' => 'keep-alive',
  'cache-control' => 'max-age=0',
  'upgrade-insecure-requests' => '1',
  'user-agent' => 'Mozilla/5.0 (Windows NT 10.0; Win64; x64) AppleWebKit/537.36 (KHTML, like Gecko) Chrome/67.0.3396.99 Safari/537.36',
  'accept' => 'text/html,application/xhtml+xml,application/xml;q=0.9,image/webp,image/apng,*/*;q=0.8',
  'referer' => 'http://www.nyhr.com/index/roster/lists.html',
  'accept-encoding' => 'gzip, deflate',
  'accept-language' => 'zh-CN,zh;q=0.9',
  'cookie' => 'PHPSESSID=p850d4pv7r4qos6k3c9rqvfgn2',
)
[ info ] [ PARAM ] array (
)
[ info ] [ SESSION ] INIT array (
  'id' => '',
  'var_session_id' => '',
  'prefix' => 'think',
  'type' => '',
  'auto_start' => true,
)
[ info ] [ RUN ] app\index\controller\Base->add_form[ F:\site\nouya_rs\nyinside\index\controller\Base.php ]
[ info ] [ VIEW ] F:\site\nouya_rs\public/../nyinside/index\view\Page\main.html [ array (
  0 => 'pagegroup',
  1 => 'page_name',
  2 => 'base_info',
  3 => 'base_user',
  4 => 'base_reqest',
  5 => 'form_fileds',
) ]
[ info ] [ LOG ] INIT File
---------------------------------------------------------------
[ 2018-09-13T10:05:54+08:00 ] 127.0.0.1 GET /index/roster/add_form.html
[ info ] www.nyhr.com/index/roster/add_form.html [运行时间：0.094757s][吞吐率：10.55req/s] [内存消耗：1,549.80kb] [文件加载：38]
[ info ] [ LANG ] F:\site\fw\thinkphp_5.0.20\thinkphp\lang\zh-cn.php
[ info ] [ ROUTE ] array (
  'type' => 'module',
  'module' => 
  array (
    0 => 'index',
    1 => 'roster',
    2 => 'add_form',
  ),
)
[ info ] [ HEADER ] array (
  'host' => 'www.nyhr.com',
  'connection' => 'keep-alive',
  'cache-control' => 'max-age=0',
  'upgrade-insecure-requests' => '1',
  'user-agent' => 'Mozilla/5.0 (Windows NT 10.0; Win64; x64) AppleWebKit/537.36 (KHTML, like Gecko) Chrome/67.0.3396.99 Safari/537.36',
  'accept' => 'text/html,application/xhtml+xml,application/xml;q=0.9,image/webp,image/apng,*/*;q=0.8',
  'referer' => 'http://www.nyhr.com/index/roster/lists.html',
  'accept-encoding' => 'gzip, deflate',
  'accept-language' => 'zh-CN,zh;q=0.9',
  'cookie' => 'PHPSESSID=p850d4pv7r4qos6k3c9rqvfgn2',
)
[ info ] [ PARAM ] array (
)
[ info ] [ SESSION ] INIT array (
  'id' => '',
  'var_session_id' => '',
  'prefix' => 'think',
  'type' => '',
  'auto_start' => true,
)
[ info ] [ RUN ] app\index\controller\Base->add_form[ F:\site\nouya_rs\nyinside\index\controller\Base.php ]
[ info ] [ VIEW ] F:\site\nouya_rs\public/../nyinside/index\view\Page\main.html [ array (
  0 => 'pagegroup',
  1 => 'page_name',
  2 => 'base_info',
  3 => 'base_user',
  4 => 'base_reqest',
  5 => 'form_fileds',
) ]
[ info ] [ LOG ] INIT File
---------------------------------------------------------------
[ 2018-09-13T10:48:07+08:00 ] 127.0.0.1 GET /index/roster/add_form.html
[ info ] www.nyhr.com/index/roster/add_form.html [运行时间：0.123203s][吞吐率：8.12req/s] [内存消耗：1,549.80kb] [文件加载：38]
[ info ] [ LANG ] F:\site\fw\thinkphp_5.0.20\thinkphp\lang\zh-cn.php
[ info ] [ ROUTE ] array (
  'type' => 'module',
  'module' => 
  array (
    0 => 'index',
    1 => 'roster',
    2 => 'add_form',
  ),
)
[ info ] [ HEADER ] array (
  'host' => 'www.nyhr.com',
  'connection' => 'keep-alive',
  'cache-control' => 'max-age=0',
  'upgrade-insecure-requests' => '1',
  'user-agent' => 'Mozilla/5.0 (Windows NT 10.0; Win64; x64) AppleWebKit/537.36 (KHTML, like Gecko) Chrome/67.0.3396.99 Safari/537.36',
  'accept' => 'text/html,application/xhtml+xml,application/xml;q=0.9,image/webp,image/apng,*/*;q=0.8',
  'referer' => 'http://www.nyhr.com/index/roster/lists.html',
  'accept-encoding' => 'gzip, deflate',
  'accept-language' => 'zh-CN,zh;q=0.9',
  'cookie' => 'PHPSESSID=p850d4pv7r4qos6k3c9rqvfgn2',
)
[ info ] [ PARAM ] array (
)
[ info ] [ SESSION ] INIT array (
  'id' => '',
  'var_session_id' => '',
  'prefix' => 'think',
  'type' => '',
  'auto_start' => true,
)
[ info ] [ RUN ] app\index\controller\Base->add_form[ F:\site\nouya_rs\nyinside\index\controller\Base.php ]
[ info ] [ VIEW ] F:\site\nouya_rs\public/../nyinside/index\view\Page\main.html [ array (
  0 => 'pagegroup',
  1 => 'page_name',
  2 => 'base_info',
  3 => 'base_user',
  4 => 'base_reqest',
  5 => 'form_fileds',
) ]
[ info ] [ LOG ] INIT File
---------------------------------------------------------------
[ 2018-09-13T14:15:32+08:00 ] 127.0.0.1 GET /index/roster/add_form.html
[ info ] www.nyhr.com/index/roster/add_form.html [运行时间：0.163138s][吞吐率：6.13req/s] [内存消耗：1,735.01kb] [文件加载：43]
[ info ] [ LANG ] F:\site\fw\thinkphp_5.0.20\thinkphp\lang\zh-cn.php
[ info ] [ ROUTE ] array (
  'type' => 'module',
  'module' => 
  array (
    0 => 'index',
    1 => 'roster',
    2 => 'add_form',
  ),
)
[ info ] [ HEADER ] array (
  'host' => 'www.nyhr.com',
  'connection' => 'keep-alive',
  'cache-control' => 'max-age=0',
  'upgrade-insecure-requests' => '1',
  'user-agent' => 'Mozilla/5.0 (Windows NT 10.0; Win64; x64) AppleWebKit/537.36 (KHTML, like Gecko) Chrome/67.0.3396.99 Safari/537.36',
  'accept' => 'text/html,application/xhtml+xml,application/xml;q=0.9,image/webp,image/apng,*/*;q=0.8',
  'referer' => 'http://www.nyhr.com/index/roster/lists.html',
  'accept-encoding' => 'gzip, deflate',
  'accept-language' => 'zh-CN,zh;q=0.9',
  'cookie' => 'PHPSESSID=p850d4pv7r4qos6k3c9rqvfgn2',
)
[ info ] [ PARAM ] array (
)
[ info ] [ SESSION ] INIT array (
  'id' => '',
  'var_session_id' => '',
  'prefix' => 'think',
  'type' => '',
  'auto_start' => true,
)
[ info ] [ RUN ] app\index\controller\Base->add_form[ F:\site\nouya_rs\nyinside\index\controller\Base.php ]
[ info ] [ VIEW ] F:\site\nouya_rs\public/../nyinside/index\view\Page\main.html [ array (
  0 => 'pagegroup',
  1 => 'page_name',
  2 => 'base_info',
  3 => 'base_user',
  4 => 'base_reqest',
  5 => 'form_fileds',
) ]
[ info ] [ LOG ] INIT File
[ error ] [1]Call to undefined method think\form\FormMake::get_form_item()[F:\site\nouya_rs\runtime\temp\ab30b1b8b7a9659a02ea6fa237653a2e.php:689]
---------------------------------------------------------------
[ 2018-09-13T15:45:05+08:00 ] 127.0.0.1 GET /index/roster/add_form.html
[ info ] www.nyhr.com/index/roster/add_form.html [运行时间：0.092613s][吞吐率：10.80req/s] [内存消耗：1,081.68kb] [文件加载：29]
[ info ] [ LANG ] F:\site\fw\thinkphp_5.0.20\thinkphp\lang\zh-cn.php
[ info ] [ ROUTE ] array (
  'type' => 'module',
  'module' => 
  array (
    0 => 'index',
    1 => 'roster',
    2 => 'add_form',
  ),
)
[ info ] [ HEADER ] array (
  'host' => 'www.nyhr.com',
  'connection' => 'keep-alive',
  'cache-control' => 'max-age=0',
  'upgrade-insecure-requests' => '1',
  'user-agent' => 'Mozilla/5.0 (Windows NT 10.0; Win64; x64) AppleWebKit/537.36 (KHTML, like Gecko) Chrome/67.0.3396.99 Safari/537.36',
  'accept' => 'text/html,application/xhtml+xml,application/xml;q=0.9,image/webp,image/apng,*/*;q=0.8',
  'referer' => 'http://www.nyhr.com/index/roster/lists.html',
  'accept-encoding' => 'gzip, deflate',
  'accept-language' => 'zh-CN,zh;q=0.9',
  'cookie' => 'PHPSESSID=p850d4pv7r4qos6k3c9rqvfgn2',
)
[ info ] [ PARAM ] array (
)
[ info ] [ LOG ] INIT File
[ error ] [4]语法错误: unexpected ','[F:\site\nouya_rs\nyinside\index\controller\Roster.php:27]
---------------------------------------------------------------
[ 2018-09-13T15:45:28+08:00 ] 127.0.0.1 GET /index/roster/add_form.html
[ info ] www.nyhr.com/index/roster/add_form.html [运行时间：0.286249s][吞吐率：3.49req/s] [内存消耗：1,520.03kb] [文件加载：41]
[ info ] [ LANG ] F:\site\fw\thinkphp_5.0.20\thinkphp\lang\zh-cn.php
[ info ] [ ROUTE ] array (
  'type' => 'module',
  'module' => 
  array (
    0 => 'index',
    1 => 'roster',
    2 => 'add_form',
  ),
)
[ info ] [ HEADER ] array (
  'host' => 'www.nyhr.com',
  'connection' => 'keep-alive',
  'cache-control' => 'max-age=0',
  'upgrade-insecure-requests' => '1',
  'user-agent' => 'Mozilla/5.0 (Windows NT 10.0; Win64; x64) AppleWebKit/537.36 (KHTML, like Gecko) Chrome/67.0.3396.99 Safari/537.36',
  'accept' => 'text/html,application/xhtml+xml,application/xml;q=0.9,image/webp,image/apng,*/*;q=0.8',
  'referer' => 'http://www.nyhr.com/index/roster/lists.html',
  'accept-encoding' => 'gzip, deflate',
  'accept-language' => 'zh-CN,zh;q=0.9',
  'cookie' => 'PHPSESSID=p850d4pv7r4qos6k3c9rqvfgn2',
)
[ info ] [ PARAM ] array (
)
[ info ] [ SESSION ] INIT array (
  'id' => '',
  'var_session_id' => '',
  'prefix' => 'think',
  'type' => '',
  'auto_start' => true,
)
[ info ] [ RUN ] app\index\controller\Base->add_form[ F:\site\nouya_rs\nyinside\index\controller\Base.php ]
[ info ] [ VIEW ] F:\site\nouya_rs\public/../nyinside/index\view\Page\main.html [ array (
  0 => 'pagegroup',
  1 => 'page_name',
  2 => 'base_info',
  3 => 'base_user',
  4 => 'base_reqest',
  5 => 'form_fileds',
) ]
[ info ] [ LOG ] INIT File
[ error ] [8]未定义数组索引: name[F:\site\nouya_rs\runtime\temp\ab30b1b8b7a9659a02ea6fa237653a2e.php:685]
---------------------------------------------------------------
[ 2018-09-13T15:46:49+08:00 ] 127.0.0.1 GET /index/roster/add_form.html
[ info ] www.nyhr.com/index/roster/add_form.html [运行时间：0.217364s][吞吐率：4.60req/s] [内存消耗：1,691.02kb] [文件加载：43]
[ info ] [ LANG ] F:\site\fw\thinkphp_5.0.20\thinkphp\lang\zh-cn.php
[ info ] [ ROUTE ] array (
  'type' => 'module',
  'module' => 
  array (
    0 => 'index',
    1 => 'roster',
    2 => 'add_form',
  ),
)
[ info ] [ HEADER ] array (
  'host' => 'www.nyhr.com',
  'connection' => 'keep-alive',
  'cache-control' => 'max-age=0',
  'upgrade-insecure-requests' => '1',
  'user-agent' => 'Mozilla/5.0 (Windows NT 10.0; Win64; x64) AppleWebKit/537.36 (KHTML, like Gecko) Chrome/67.0.3396.99 Safari/537.36',
  'accept' => 'text/html,application/xhtml+xml,application/xml;q=0.9,image/webp,image/apng,*/*;q=0.8',
  'referer' => 'http://www.nyhr.com/index/roster/lists.html',
  'accept-encoding' => 'gzip, deflate',
  'accept-language' => 'zh-CN,zh;q=0.9',
  'cookie' => 'PHPSESSID=p850d4pv7r4qos6k3c9rqvfgn2',
)
[ info ] [ PARAM ] array (
)
[ info ] [ SESSION ] INIT array (
  'id' => '',
  'var_session_id' => '',
  'prefix' => 'think',
  'type' => '',
  'auto_start' => true,
)
[ info ] [ RUN ] app\index\controller\Base->add_form[ F:\site\nouya_rs\nyinside\index\controller\Base.php ]
[ info ] [ VIEW ] F:\site\nouya_rs\public/../nyinside/index\view\Page\main.html [ array (
  0 => 'pagegroup',
  1 => 'page_name',
  2 => 'base_info',
  3 => 'base_user',
  4 => 'base_reqest',
  5 => 'form_fileds',
) ]
[ info ] [ LOG ] INIT File
[ error ] [8]未定义数组索引: name[F:\site\nouya_rs\runtime\temp\ab30b1b8b7a9659a02ea6fa237653a2e.php:688]
---------------------------------------------------------------
[ 2018-09-13T15:47:06+08:00 ] 127.0.0.1 GET /index/roster/add_form.html
[ info ] www.nyhr.com/index/roster/add_form.html [运行时间：0.137930s][吞吐率：7.25req/s] [内存消耗：1,691.25kb] [文件加载：43]
[ info ] [ LANG ] F:\site\fw\thinkphp_5.0.20\thinkphp\lang\zh-cn.php
[ info ] [ ROUTE ] array (
  'type' => 'module',
  'module' => 
  array (
    0 => 'index',
    1 => 'roster',
    2 => 'add_form',
  ),
)
[ info ] [ HEADER ] array (
  'host' => 'www.nyhr.com',
  'connection' => 'keep-alive',
  'cache-control' => 'max-age=0',
  'upgrade-insecure-requests' => '1',
  'user-agent' => 'Mozilla/5.0 (Windows NT 10.0; Win64; x64) AppleWebKit/537.36 (KHTML, like Gecko) Chrome/67.0.3396.99 Safari/537.36',
  'accept' => 'text/html,application/xhtml+xml,application/xml;q=0.9,image/webp,image/apng,*/*;q=0.8',
  'referer' => 'http://www.nyhr.com/index/roster/lists.html',
  'accept-encoding' => 'gzip, deflate',
  'accept-language' => 'zh-CN,zh;q=0.9',
  'cookie' => 'PHPSESSID=p850d4pv7r4qos6k3c9rqvfgn2',
)
[ info ] [ PARAM ] array (
)
[ info ] [ SESSION ] INIT array (
  'id' => '',
  'var_session_id' => '',
  'prefix' => 'think',
  'type' => '',
  'auto_start' => true,
)
[ info ] [ RUN ] app\index\controller\Base->add_form[ F:\site\nouya_rs\nyinside\index\controller\Base.php ]
[ info ] [ VIEW ] F:\site\nouya_rs\public/../nyinside/index\view\Page\main.html [ array (
  0 => 'pagegroup',
  1 => 'page_name',
  2 => 'base_info',
  3 => 'base_user',
  4 => 'base_reqest',
  5 => 'form_fileds',
) ]
[ info ] [ LOG ] INIT File
[ error ] [2]Missing argument 2 for think\form\FormMake::get_form_item(), called in F:\site\nouya_rs\runtime\temp\ab30b1b8b7a9659a02ea6fa237653a2e.php on line 687 and defined[F:\site\fw\thinkphp_5.0.20\thinkphp\library\think\form\FormMake.php:89]
---------------------------------------------------------------
[ 2018-09-13T15:47:30+08:00 ] 127.0.0.1 GET /index/roster/add_form.html
[ info ] www.nyhr.com/index/roster/add_form.html [运行时间：0.105762s][吞吐率：9.46req/s] [内存消耗：1,520.44kb] [文件加载：41]
[ info ] [ LANG ] F:\site\fw\thinkphp_5.0.20\thinkphp\lang\zh-cn.php
[ info ] [ ROUTE ] array (
  'type' => 'module',
  'module' => 
  array (
    0 => 'index',
    1 => 'roster',
    2 => 'add_form',
  ),
)
[ info ] [ HEADER ] array (
  'host' => 'www.nyhr.com',
  'connection' => 'keep-alive',
  'cache-control' => 'max-age=0',
  'upgrade-insecure-requests' => '1',
  'user-agent' => 'Mozilla/5.0 (Windows NT 10.0; Win64; x64) AppleWebKit/537.36 (KHTML, like Gecko) Chrome/67.0.3396.99 Safari/537.36',
  'accept' => 'text/html,application/xhtml+xml,application/xml;q=0.9,image/webp,image/apng,*/*;q=0.8',
  'referer' => 'http://www.nyhr.com/index/roster/lists.html',
  'accept-encoding' => 'gzip, deflate',
  'accept-language' => 'zh-CN,zh;q=0.9',
  'cookie' => 'PHPSESSID=p850d4pv7r4qos6k3c9rqvfgn2',
)
[ info ] [ PARAM ] array (
)
[ info ] [ SESSION ] INIT array (
  'id' => '',
  'var_session_id' => '',
  'prefix' => 'think',
  'type' => '',
  'auto_start' => true,
)
[ info ] [ RUN ] app\index\controller\Base->add_form[ F:\site\nouya_rs\nyinside\index\controller\Base.php ]
[ info ] [ VIEW ] F:\site\nouya_rs\public/../nyinside/index\view\Page\main.html [ array (
  0 => 'pagegroup',
  1 => 'page_name',
  2 => 'base_info',
  3 => 'base_user',
  4 => 'base_reqest',
  5 => 'form_fileds',
) ]
[ info ] [ LOG ] INIT File
[ error ] [2]Missing argument 2 for think\form\FormMake::get_form_item(), called in F:\site\nouya_rs\runtime\temp\ab30b1b8b7a9659a02ea6fa237653a2e.php on line 687 and defined[F:\site\fw\thinkphp_5.0.20\thinkphp\library\think\form\FormMake.php:89]
---------------------------------------------------------------
[ 2018-09-13T15:50:17+08:00 ] 127.0.0.1 GET /index/roster/add_form.html
[ info ] www.nyhr.com/index/roster/add_form.html [运行时间：0.149849s][吞吐率：6.67req/s] [内存消耗：1,690.92kb] [文件加载：43]
[ info ] [ LANG ] F:\site\fw\thinkphp_5.0.20\thinkphp\lang\zh-cn.php
[ info ] [ ROUTE ] array (
  'type' => 'module',
  'module' => 
  array (
    0 => 'index',
    1 => 'roster',
    2 => 'add_form',
  ),
)
[ info ] [ HEADER ] array (
  'host' => 'www.nyhr.com',
  'connection' => 'keep-alive',
  'cache-control' => 'max-age=0',
  'upgrade-insecure-requests' => '1',
  'user-agent' => 'Mozilla/5.0 (Windows NT 10.0; Win64; x64) AppleWebKit/537.36 (KHTML, like Gecko) Chrome/67.0.3396.99 Safari/537.36',
  'accept' => 'text/html,application/xhtml+xml,application/xml;q=0.9,image/webp,image/apng,*/*;q=0.8',
  'referer' => 'http://www.nyhr.com/index/roster/lists.html',
  'accept-encoding' => 'gzip, deflate',
  'accept-language' => 'zh-CN,zh;q=0.9',
  'cookie' => 'PHPSESSID=p850d4pv7r4qos6k3c9rqvfgn2',
)
[ info ] [ PARAM ] array (
)
[ info ] [ SESSION ] INIT array (
  'id' => '',
  'var_session_id' => '',
  'prefix' => 'think',
  'type' => '',
  'auto_start' => true,
)
[ info ] [ RUN ] app\index\controller\Base->add_form[ F:\site\nouya_rs\nyinside\index\controller\Base.php ]
[ info ] [ VIEW ] F:\site\nouya_rs\public/../nyinside/index\view\Page\main.html [ array (
  0 => 'pagegroup',
  1 => 'page_name',
  2 => 'base_info',
  3 => 'base_user',
  4 => 'base_reqest',
  5 => 'form_fileds',
) ]
[ info ] [ LOG ] INIT File
[ error ] [8]未定义变量: value[F:\site\nouya_rs\runtime\temp\ab30b1b8b7a9659a02ea6fa237653a2e.php:687]
---------------------------------------------------------------
[ 2018-09-13T15:50:42+08:00 ] 127.0.0.1 GET /index/roster/add_form.html
[ info ] www.nyhr.com/index/roster/add_form.html [运行时间：0.208909s][吞吐率：4.79req/s] [内存消耗：1,690.83kb] [文件加载：43]
[ info ] [ LANG ] F:\site\fw\thinkphp_5.0.20\thinkphp\lang\zh-cn.php
[ info ] [ ROUTE ] array (
  'type' => 'module',
  'module' => 
  array (
    0 => 'index',
    1 => 'roster',
    2 => 'add_form',
  ),
)
[ info ] [ HEADER ] array (
  'host' => 'www.nyhr.com',
  'connection' => 'keep-alive',
  'cache-control' => 'max-age=0',
  'upgrade-insecure-requests' => '1',
  'user-agent' => 'Mozilla/5.0 (Windows NT 10.0; Win64; x64) AppleWebKit/537.36 (KHTML, like Gecko) Chrome/67.0.3396.99 Safari/537.36',
  'accept' => 'text/html,application/xhtml+xml,application/xml;q=0.9,image/webp,image/apng,*/*;q=0.8',
  'referer' => 'http://www.nyhr.com/index/roster/lists.html',
  'accept-encoding' => 'gzip, deflate',
  'accept-language' => 'zh-CN,zh;q=0.9',
  'cookie' => 'PHPSESSID=p850d4pv7r4qos6k3c9rqvfgn2',
)
[ info ] [ PARAM ] array (
)
[ info ] [ SESSION ] INIT array (
  'id' => '',
  'var_session_id' => '',
  'prefix' => 'think',
  'type' => '',
  'auto_start' => true,
)
[ info ] [ RUN ] app\index\controller\Base->add_form[ F:\site\nouya_rs\nyinside\index\controller\Base.php ]
[ info ] [ VIEW ] F:\site\nouya_rs\public/../nyinside/index\view\Page\main.html [ array (
  0 => 'pagegroup',
  1 => 'page_name',
  2 => 'base_info',
  3 => 'base_user',
  4 => 'base_reqest',
  5 => 'form_fileds',
) ]
[ info ] [ LOG ] INIT File
[ error ] [8]未定义变量: value[F:\site\nouya_rs\runtime\temp\ab30b1b8b7a9659a02ea6fa237653a2e.php:687]
---------------------------------------------------------------
[ 2018-09-13T15:52:27+08:00 ] 127.0.0.1 GET /index/roster/add_form.html
[ info ] www.nyhr.com/index/roster/add_form.html [运行时间：0.117028s][吞吐率：8.54req/s] [内存消耗：1,520.05kb] [文件加载：41]
[ info ] [ LANG ] F:\site\fw\thinkphp_5.0.20\thinkphp\lang\zh-cn.php
[ info ] [ ROUTE ] array (
  'type' => 'module',
  'module' => 
  array (
    0 => 'index',
    1 => 'roster',
    2 => 'add_form',
  ),
)
[ info ] [ HEADER ] array (
  'host' => 'www.nyhr.com',
  'connection' => 'keep-alive',
  'cache-control' => 'max-age=0',
  'upgrade-insecure-requests' => '1',
  'user-agent' => 'Mozilla/5.0 (Windows NT 10.0; Win64; x64) AppleWebKit/537.36 (KHTML, like Gecko) Chrome/67.0.3396.99 Safari/537.36',
  'accept' => 'text/html,application/xhtml+xml,application/xml;q=0.9,image/webp,image/apng,*/*;q=0.8',
  'referer' => 'http://www.nyhr.com/index/roster/lists.html',
  'accept-encoding' => 'gzip, deflate',
  'accept-language' => 'zh-CN,zh;q=0.9',
  'cookie' => 'PHPSESSID=p850d4pv7r4qos6k3c9rqvfgn2',
)
[ info ] [ PARAM ] array (
)
[ info ] [ SESSION ] INIT array (
  'id' => '',
  'var_session_id' => '',
  'prefix' => 'think',
  'type' => '',
  'auto_start' => true,
)
[ info ] [ RUN ] app\index\controller\Base->add_form[ F:\site\nouya_rs\nyinside\index\controller\Base.php ]
[ info ] [ VIEW ] F:\site\nouya_rs\public/../nyinside/index\view\Page\main.html [ array (
  0 => 'pagegroup',
  1 => 'page_name',
  2 => 'base_info',
  3 => 'base_user',
  4 => 'base_reqest',
  5 => 'form_fileds',
) ]
[ info ] [ LOG ] INIT File
[ error ] [8]未定义变量: value[F:\site\nouya_rs\runtime\temp\ab30b1b8b7a9659a02ea6fa237653a2e.php:687]
---------------------------------------------------------------
[ 2018-09-13T15:52:27+08:00 ] 127.0.0.1 GET /index/roster/add_form.html
[ info ] www.nyhr.com/index/roster/add_form.html [运行时间：0.109886s][吞吐率：9.10req/s] [内存消耗：1,520.05kb] [文件加载：41]
[ info ] [ LANG ] F:\site\fw\thinkphp_5.0.20\thinkphp\lang\zh-cn.php
[ info ] [ ROUTE ] array (
  'type' => 'module',
  'module' => 
  array (
    0 => 'index',
    1 => 'roster',
    2 => 'add_form',
  ),
)
[ info ] [ HEADER ] array (
  'host' => 'www.nyhr.com',
  'connection' => 'keep-alive',
  'cache-control' => 'max-age=0',
  'upgrade-insecure-requests' => '1',
  'user-agent' => 'Mozilla/5.0 (Windows NT 10.0; Win64; x64) AppleWebKit/537.36 (KHTML, like Gecko) Chrome/67.0.3396.99 Safari/537.36',
  'accept' => 'text/html,application/xhtml+xml,application/xml;q=0.9,image/webp,image/apng,*/*;q=0.8',
  'referer' => 'http://www.nyhr.com/index/roster/lists.html',
  'accept-encoding' => 'gzip, deflate',
  'accept-language' => 'zh-CN,zh;q=0.9',
  'cookie' => 'PHPSESSID=p850d4pv7r4qos6k3c9rqvfgn2',
)
[ info ] [ PARAM ] array (
)
[ info ] [ SESSION ] INIT array (
  'id' => '',
  'var_session_id' => '',
  'prefix' => 'think',
  'type' => '',
  'auto_start' => true,
)
[ info ] [ RUN ] app\index\controller\Base->add_form[ F:\site\nouya_rs\nyinside\index\controller\Base.php ]
[ info ] [ VIEW ] F:\site\nouya_rs\public/../nyinside/index\view\Page\main.html [ array (
  0 => 'pagegroup',
  1 => 'page_name',
  2 => 'base_info',
  3 => 'base_user',
  4 => 'base_reqest',
  5 => 'form_fileds',
) ]
[ info ] [ LOG ] INIT File
[ error ] [8]未定义变量: value[F:\site\nouya_rs\runtime\temp\ab30b1b8b7a9659a02ea6fa237653a2e.php:687]
---------------------------------------------------------------
[ 2018-09-13T15:52:27+08:00 ] 127.0.0.1 GET /index/roster/add_form.html
[ info ] www.nyhr.com/index/roster/add_form.html [运行时间：0.107950s][吞吐率：9.26req/s] [内存消耗：1,520.05kb] [文件加载：41]
[ info ] [ LANG ] F:\site\fw\thinkphp_5.0.20\thinkphp\lang\zh-cn.php
[ info ] [ ROUTE ] array (
  'type' => 'module',
  'module' => 
  array (
    0 => 'index',
    1 => 'roster',
    2 => 'add_form',
  ),
)
[ info ] [ HEADER ] array (
  'host' => 'www.nyhr.com',
  'connection' => 'keep-alive',
  'cache-control' => 'max-age=0',
  'upgrade-insecure-requests' => '1',
  'user-agent' => 'Mozilla/5.0 (Windows NT 10.0; Win64; x64) AppleWebKit/537.36 (KHTML, like Gecko) Chrome/67.0.3396.99 Safari/537.36',
  'accept' => 'text/html,application/xhtml+xml,application/xml;q=0.9,image/webp,image/apng,*/*;q=0.8',
  'referer' => 'http://www.nyhr.com/index/roster/lists.html',
  'accept-encoding' => 'gzip, deflate',
  'accept-language' => 'zh-CN,zh;q=0.9',
  'cookie' => 'PHPSESSID=p850d4pv7r4qos6k3c9rqvfgn2',
)
[ info ] [ PARAM ] array (
)
[ info ] [ SESSION ] INIT array (
  'id' => '',
  'var_session_id' => '',
  'prefix' => 'think',
  'type' => '',
  'auto_start' => true,
)
[ info ] [ RUN ] app\index\controller\Base->add_form[ F:\site\nouya_rs\nyinside\index\controller\Base.php ]
[ info ] [ VIEW ] F:\site\nouya_rs\public/../nyinside/index\view\Page\main.html [ array (
  0 => 'pagegroup',
  1 => 'page_name',
  2 => 'base_info',
  3 => 'base_user',
  4 => 'base_reqest',
  5 => 'form_fileds',
) ]
[ info ] [ LOG ] INIT File
[ error ] [8]未定义变量: value[F:\site\nouya_rs\runtime\temp\ab30b1b8b7a9659a02ea6fa237653a2e.php:687]
---------------------------------------------------------------
[ 2018-09-13T15:52:28+08:00 ] 127.0.0.1 GET /index/roster/add_form.html
[ info ] www.nyhr.com/index/roster/add_form.html [运行时间：0.141572s][吞吐率：7.06req/s] [内存消耗：1,520.05kb] [文件加载：41]
[ info ] [ LANG ] F:\site\fw\thinkphp_5.0.20\thinkphp\lang\zh-cn.php
[ info ] [ ROUTE ] array (
  'type' => 'module',
  'module' => 
  array (
    0 => 'index',
    1 => 'roster',
    2 => 'add_form',
  ),
)
[ info ] [ HEADER ] array (
  'host' => 'www.nyhr.com',
  'connection' => 'keep-alive',
  'cache-control' => 'max-age=0',
  'upgrade-insecure-requests' => '1',
  'user-agent' => 'Mozilla/5.0 (Windows NT 10.0; Win64; x64) AppleWebKit/537.36 (KHTML, like Gecko) Chrome/67.0.3396.99 Safari/537.36',
  'accept' => 'text/html,application/xhtml+xml,application/xml;q=0.9,image/webp,image/apng,*/*;q=0.8',
  'referer' => 'http://www.nyhr.com/index/roster/lists.html',
  'accept-encoding' => 'gzip, deflate',
  'accept-language' => 'zh-CN,zh;q=0.9',
  'cookie' => 'PHPSESSID=p850d4pv7r4qos6k3c9rqvfgn2',
)
[ info ] [ PARAM ] array (
)
[ info ] [ SESSION ] INIT array (
  'id' => '',
  'var_session_id' => '',
  'prefix' => 'think',
  'type' => '',
  'auto_start' => true,
)
[ info ] [ RUN ] app\index\controller\Base->add_form[ F:\site\nouya_rs\nyinside\index\controller\Base.php ]
[ info ] [ VIEW ] F:\site\nouya_rs\public/../nyinside/index\view\Page\main.html [ array (
  0 => 'pagegroup',
  1 => 'page_name',
  2 => 'base_info',
  3 => 'base_user',
  4 => 'base_reqest',
  5 => 'form_fileds',
) ]
[ info ] [ LOG ] INIT File
[ error ] [8]未定义变量: value[F:\site\nouya_rs\runtime\temp\ab30b1b8b7a9659a02ea6fa237653a2e.php:687]
---------------------------------------------------------------
[ 2018-09-13T15:52:28+08:00 ] 127.0.0.1 GET /index/roster/add_form.html
[ info ] www.nyhr.com/index/roster/add_form.html [运行时间：0.134806s][吞吐率：7.42req/s] [内存消耗：1,520.03kb] [文件加载：41]
[ info ] [ LANG ] F:\site\fw\thinkphp_5.0.20\thinkphp\lang\zh-cn.php
[ info ] [ ROUTE ] array (
  'type' => 'module',
  'module' => 
  array (
    0 => 'index',
    1 => 'roster',
    2 => 'add_form',
  ),
)
[ info ] [ HEADER ] array (
  'host' => 'www.nyhr.com',
  'connection' => 'keep-alive',
  'cache-control' => 'max-age=0',
  'upgrade-insecure-requests' => '1',
  'user-agent' => 'Mozilla/5.0 (Windows NT 10.0; Win64; x64) AppleWebKit/537.36 (KHTML, like Gecko) Chrome/67.0.3396.99 Safari/537.36',
  'accept' => 'text/html,application/xhtml+xml,application/xml;q=0.9,image/webp,image/apng,*/*;q=0.8',
  'referer' => 'http://www.nyhr.com/index/roster/lists.html',
  'accept-encoding' => 'gzip, deflate',
  'accept-language' => 'zh-CN,zh;q=0.9',
  'cookie' => 'PHPSESSID=p850d4pv7r4qos6k3c9rqvfgn2',
)
[ info ] [ PARAM ] array (
)
[ info ] [ SESSION ] INIT array (
  'id' => '',
  'var_session_id' => '',
  'prefix' => 'think',
  'type' => '',
  'auto_start' => true,
)
[ info ] [ RUN ] app\index\controller\Base->add_form[ F:\site\nouya_rs\nyinside\index\controller\Base.php ]
[ info ] [ VIEW ] F:\site\nouya_rs\public/../nyinside/index\view\Page\main.html [ array (
  0 => 'pagegroup',
  1 => 'page_name',
  2 => 'base_info',
  3 => 'base_user',
  4 => 'base_reqest',
  5 => 'form_fileds',
) ]
[ info ] [ LOG ] INIT File
[ error ] [8]未定义变量: value[F:\site\nouya_rs\runtime\temp\ab30b1b8b7a9659a02ea6fa237653a2e.php:687]
---------------------------------------------------------------
[ 2018-09-13T15:53:33+08:00 ] 127.0.0.1 GET /index/roster/add_form.html
[ info ] www.nyhr.com/index/roster/add_form.html [运行时间：0.138764s][吞吐率：7.21req/s] [内存消耗：1,690.83kb] [文件加载：43]
[ info ] [ LANG ] F:\site\fw\thinkphp_5.0.20\thinkphp\lang\zh-cn.php
[ info ] [ ROUTE ] array (
  'type' => 'module',
  'module' => 
  array (
    0 => 'index',
    1 => 'roster',
    2 => 'add_form',
  ),
)
[ info ] [ HEADER ] array (
  'host' => 'www.nyhr.com',
  'connection' => 'keep-alive',
  'cache-control' => 'max-age=0',
  'upgrade-insecure-requests' => '1',
  'user-agent' => 'Mozilla/5.0 (Windows NT 10.0; Win64; x64) AppleWebKit/537.36 (KHTML, like Gecko) Chrome/67.0.3396.99 Safari/537.36',
  'accept' => 'text/html,application/xhtml+xml,application/xml;q=0.9,image/webp,image/apng,*/*;q=0.8',
  'referer' => 'http://www.nyhr.com/index/roster/lists.html',
  'accept-encoding' => 'gzip, deflate',
  'accept-language' => 'zh-CN,zh;q=0.9',
  'cookie' => 'PHPSESSID=p850d4pv7r4qos6k3c9rqvfgn2',
)
[ info ] [ PARAM ] array (
)
[ info ] [ SESSION ] INIT array (
  'id' => '',
  'var_session_id' => '',
  'prefix' => 'think',
  'type' => '',
  'auto_start' => true,
)
[ info ] [ RUN ] app\index\controller\Base->add_form[ F:\site\nouya_rs\nyinside\index\controller\Base.php ]
[ info ] [ VIEW ] F:\site\nouya_rs\public/../nyinside/index\view\Page\main.html [ array (
  0 => 'pagegroup',
  1 => 'page_name',
  2 => 'base_info',
  3 => 'base_user',
  4 => 'base_reqest',
  5 => 'form_fileds',
) ]
[ info ] [ LOG ] INIT File
[ error ] [8]未定义变量: value[F:\site\nouya_rs\runtime\temp\ab30b1b8b7a9659a02ea6fa237653a2e.php:687]
---------------------------------------------------------------
[ 2018-09-13T15:53:38+08:00 ] 127.0.0.1 GET /index/roster/add_form.html
[ info ] www.nyhr.com/index/roster/add_form.html [运行时间：0.093293s][吞吐率：10.72req/s] [内存消耗：1,520.07kb] [文件加载：41]
[ info ] [ LANG ] F:\site\fw\thinkphp_5.0.20\thinkphp\lang\zh-cn.php
[ info ] [ ROUTE ] array (
  'type' => 'module',
  'module' => 
  array (
    0 => 'index',
    1 => 'roster',
    2 => 'add_form',
  ),
)
[ info ] [ HEADER ] array (
  'host' => 'www.nyhr.com',
  'connection' => 'keep-alive',
  'cache-control' => 'max-age=0',
  'upgrade-insecure-requests' => '1',
  'user-agent' => 'Mozilla/5.0 (Windows NT 10.0; Win64; x64) AppleWebKit/537.36 (KHTML, like Gecko) Chrome/67.0.3396.99 Safari/537.36',
  'accept' => 'text/html,application/xhtml+xml,application/xml;q=0.9,image/webp,image/apng,*/*;q=0.8',
  'referer' => 'http://www.nyhr.com/index/roster/lists.html',
  'accept-encoding' => 'gzip, deflate',
  'accept-language' => 'zh-CN,zh;q=0.9',
  'cookie' => 'PHPSESSID=p850d4pv7r4qos6k3c9rqvfgn2',
)
[ info ] [ PARAM ] array (
)
[ info ] [ SESSION ] INIT array (
  'id' => '',
  'var_session_id' => '',
  'prefix' => 'think',
  'type' => '',
  'auto_start' => true,
)
[ info ] [ RUN ] app\index\controller\Base->add_form[ F:\site\nouya_rs\nyinside\index\controller\Base.php ]
[ info ] [ VIEW ] F:\site\nouya_rs\public/../nyinside/index\view\Page\main.html [ array (
  0 => 'pagegroup',
  1 => 'page_name',
  2 => 'base_info',
  3 => 'base_user',
  4 => 'base_reqest',
  5 => 'form_fileds',
) ]
[ info ] [ LOG ] INIT File
[ error ] [8]未定义变量: value[F:\site\nouya_rs\runtime\temp\ab30b1b8b7a9659a02ea6fa237653a2e.php:687]
---------------------------------------------------------------
[ 2018-09-13T15:53:50+08:00 ] 127.0.0.1 GET /index/roster/add_form.html
[ info ] www.nyhr.com/index/roster/add_form.html [运行时间：0.138288s][吞吐率：7.23req/s] [内存消耗：1,690.94kb] [文件加载：43]
[ info ] [ LANG ] F:\site\fw\thinkphp_5.0.20\thinkphp\lang\zh-cn.php
[ info ] [ ROUTE ] array (
  'type' => 'module',
  'module' => 
  array (
    0 => 'index',
    1 => 'roster',
    2 => 'add_form',
  ),
)
[ info ] [ HEADER ] array (
  'host' => 'www.nyhr.com',
  'connection' => 'keep-alive',
  'cache-control' => 'max-age=0',
  'upgrade-insecure-requests' => '1',
  'user-agent' => 'Mozilla/5.0 (Windows NT 10.0; Win64; x64) AppleWebKit/537.36 (KHTML, like Gecko) Chrome/67.0.3396.99 Safari/537.36',
  'accept' => 'text/html,application/xhtml+xml,application/xml;q=0.9,image/webp,image/apng,*/*;q=0.8',
  'referer' => 'http://www.nyhr.com/index/roster/lists.html',
  'accept-encoding' => 'gzip, deflate',
  'accept-language' => 'zh-CN,zh;q=0.9',
  'cookie' => 'PHPSESSID=p850d4pv7r4qos6k3c9rqvfgn2',
)
[ info ] [ PARAM ] array (
)
[ info ] [ SESSION ] INIT array (
  'id' => '',
  'var_session_id' => '',
  'prefix' => 'think',
  'type' => '',
  'auto_start' => true,
)
[ info ] [ RUN ] app\index\controller\Base->add_form[ F:\site\nouya_rs\nyinside\index\controller\Base.php ]
[ info ] [ VIEW ] F:\site\nouya_rs\public/../nyinside/index\view\Page\main.html [ array (
  0 => 'pagegroup',
  1 => 'page_name',
  2 => 'base_info',
  3 => 'base_user',
  4 => 'base_reqest',
  5 => 'form_fileds',
) ]
[ info ] [ LOG ] INIT File
[ error ] [8]未定义变量: fi[F:\site\fw\thinkphp_5.0.20\thinkphp\library\think\form\FormMake.php:91]
---------------------------------------------------------------
[ 2018-09-13T15:54:10+08:00 ] 127.0.0.1 GET /index/roster/add_form.html
[ info ] www.nyhr.com/index/roster/add_form.html [运行时间：0.164576s][吞吐率：6.08req/s] [内存消耗：1,520.04kb] [文件加载：41]
[ info ] [ LANG ] F:\site\fw\thinkphp_5.0.20\thinkphp\lang\zh-cn.php
[ info ] [ ROUTE ] array (
  'type' => 'module',
  'module' => 
  array (
    0 => 'index',
    1 => 'roster',
    2 => 'add_form',
  ),
)
[ info ] [ HEADER ] array (
  'host' => 'www.nyhr.com',
  'connection' => 'keep-alive',
  'cache-control' => 'max-age=0',
  'upgrade-insecure-requests' => '1',
  'user-agent' => 'Mozilla/5.0 (Windows NT 10.0; Win64; x64) AppleWebKit/537.36 (KHTML, like Gecko) Chrome/67.0.3396.99 Safari/537.36',
  'accept' => 'text/html,application/xhtml+xml,application/xml;q=0.9,image/webp,image/apng,*/*;q=0.8',
  'referer' => 'http://www.nyhr.com/index/roster/lists.html',
  'accept-encoding' => 'gzip, deflate',
  'accept-language' => 'zh-CN,zh;q=0.9',
  'cookie' => 'PHPSESSID=p850d4pv7r4qos6k3c9rqvfgn2',
)
[ info ] [ PARAM ] array (
)
[ info ] [ SESSION ] INIT array (
  'id' => '',
  'var_session_id' => '',
  'prefix' => 'think',
  'type' => '',
  'auto_start' => true,
)
[ info ] [ RUN ] app\index\controller\Base->add_form[ F:\site\nouya_rs\nyinside\index\controller\Base.php ]
[ info ] [ VIEW ] F:\site\nouya_rs\public/../nyinside/index\view\Page\main.html [ array (
  0 => 'pagegroup',
  1 => 'page_name',
  2 => 'base_info',
  3 => 'base_user',
  4 => 'base_reqest',
  5 => 'form_fileds',
) ]
[ info ] [ LOG ] INIT File
[ error ] [8]未定义数组索引: view[F:\site\fw\thinkphp_5.0.20\thinkphp\library\think\form\FormMake.php:91]
---------------------------------------------------------------
[ 2018-09-13T15:54:24+08:00 ] 127.0.0.1 GET /index/roster/add_form.html
[ info ] www.nyhr.com/index/roster/add_form.html [运行时间：0.083312s][吞吐率：12.00req/s] [内存消耗：1,520.02kb] [文件加载：41]
[ info ] [ LANG ] F:\site\fw\thinkphp_5.0.20\thinkphp\lang\zh-cn.php
[ info ] [ ROUTE ] array (
  'type' => 'module',
  'module' => 
  array (
    0 => 'index',
    1 => 'roster',
    2 => 'add_form',
  ),
)
[ info ] [ HEADER ] array (
  'host' => 'www.nyhr.com',
  'connection' => 'keep-alive',
  'cache-control' => 'max-age=0',
  'upgrade-insecure-requests' => '1',
  'user-agent' => 'Mozilla/5.0 (Windows NT 10.0; Win64; x64) AppleWebKit/537.36 (KHTML, like Gecko) Chrome/67.0.3396.99 Safari/537.36',
  'accept' => 'text/html,application/xhtml+xml,application/xml;q=0.9,image/webp,image/apng,*/*;q=0.8',
  'referer' => 'http://www.nyhr.com/index/roster/lists.html',
  'accept-encoding' => 'gzip, deflate',
  'accept-language' => 'zh-CN,zh;q=0.9',
  'cookie' => 'PHPSESSID=p850d4pv7r4qos6k3c9rqvfgn2',
)
[ info ] [ PARAM ] array (
)
[ info ] [ SESSION ] INIT array (
  'id' => '',
  'var_session_id' => '',
  'prefix' => 'think',
  'type' => '',
  'auto_start' => true,
)
[ info ] [ RUN ] app\index\controller\Base->add_form[ F:\site\nouya_rs\nyinside\index\controller\Base.php ]
[ info ] [ VIEW ] F:\site\nouya_rs\public/../nyinside/index\view\Page\main.html [ array (
  0 => 'pagegroup',
  1 => 'page_name',
  2 => 'base_info',
  3 => 'base_user',
  4 => 'base_reqest',
  5 => 'form_fileds',
) ]
[ info ] [ LOG ] INIT File
[ error ] [8]未定义数组索引: class[F:\site\fw\thinkphp_5.0.20\thinkphp\library\think\form\FormMake.php:141]
---------------------------------------------------------------
[ 2018-09-13T15:54:55+08:00 ] 127.0.0.1 GET /index/roster/add_form.html
[ info ] www.nyhr.com/index/roster/add_form.html [运行时间：0.136634s][吞吐率：7.32req/s] [内存消耗：1,520.17kb] [文件加载：41]
[ info ] [ LANG ] F:\site\fw\thinkphp_5.0.20\thinkphp\lang\zh-cn.php
[ info ] [ ROUTE ] array (
  'type' => 'module',
  'module' => 
  array (
    0 => 'index',
    1 => 'roster',
    2 => 'add_form',
  ),
)
[ info ] [ HEADER ] array (
  'host' => 'www.nyhr.com',
  'connection' => 'keep-alive',
  'cache-control' => 'max-age=0',
  'upgrade-insecure-requests' => '1',
  'user-agent' => 'Mozilla/5.0 (Windows NT 10.0; Win64; x64) AppleWebKit/537.36 (KHTML, like Gecko) Chrome/67.0.3396.99 Safari/537.36',
  'accept' => 'text/html,application/xhtml+xml,application/xml;q=0.9,image/webp,image/apng,*/*;q=0.8',
  'referer' => 'http://www.nyhr.com/index/roster/lists.html',
  'accept-encoding' => 'gzip, deflate',
  'accept-language' => 'zh-CN,zh;q=0.9',
  'cookie' => 'PHPSESSID=p850d4pv7r4qos6k3c9rqvfgn2',
)
[ info ] [ PARAM ] array (
)
[ info ] [ SESSION ] INIT array (
  'id' => '',
  'var_session_id' => '',
  'prefix' => 'think',
  'type' => '',
  'auto_start' => true,
)
[ info ] [ RUN ] app\index\controller\Base->add_form[ F:\site\nouya_rs\nyinside\index\controller\Base.php ]
[ info ] [ VIEW ] F:\site\nouya_rs\public/../nyinside/index\view\Page\main.html [ array (
  0 => 'pagegroup',
  1 => 'page_name',
  2 => 'base_info',
  3 => 'base_user',
  4 => 'base_reqest',
  5 => 'form_fileds',
) ]
[ info ] [ LOG ] INIT File
[ error ] [8]未定义数组索引: more[F:\site\fw\thinkphp_5.0.20\thinkphp\library\think\form\FormMake.php:142]
---------------------------------------------------------------
[ 2018-09-13T16:06:26+08:00 ] 127.0.0.1 GET /index/roster/add_form.html
[ info ] www.nyhr.com/index/roster/add_form.html [运行时间：0.182452s][吞吐率：5.48req/s] [内存消耗：1,520.53kb] [文件加载：41]
[ info ] [ LANG ] F:\site\fw\thinkphp_5.0.20\thinkphp\lang\zh-cn.php
[ info ] [ ROUTE ] array (
  'type' => 'module',
  'module' => 
  array (
    0 => 'index',
    1 => 'roster',
    2 => 'add_form',
  ),
)
[ info ] [ HEADER ] array (
  'host' => 'www.nyhr.com',
  'connection' => 'keep-alive',
  'cache-control' => 'max-age=0',
  'upgrade-insecure-requests' => '1',
  'user-agent' => 'Mozilla/5.0 (Windows NT 10.0; Win64; x64) AppleWebKit/537.36 (KHTML, like Gecko) Chrome/67.0.3396.99 Safari/537.36',
  'accept' => 'text/html,application/xhtml+xml,application/xml;q=0.9,image/webp,image/apng,*/*;q=0.8',
  'referer' => 'http://www.nyhr.com/index/roster/lists.html',
  'accept-encoding' => 'gzip, deflate',
  'accept-language' => 'zh-CN,zh;q=0.9',
  'cookie' => 'PHPSESSID=p850d4pv7r4qos6k3c9rqvfgn2',
)
[ info ] [ PARAM ] array (
)
[ info ] [ SESSION ] INIT array (
  'id' => '',
  'var_session_id' => '',
  'prefix' => 'think',
  'type' => '',
  'auto_start' => true,
)
[ info ] [ RUN ] app\index\controller\Base->add_form[ F:\site\nouya_rs\nyinside\index\controller\Base.php ]
[ info ] [ VIEW ] F:\site\nouya_rs\public/../nyinside/index\view\Page\main.html [ array (
  0 => 'pagegroup',
  1 => 'page_name',
  2 => 'base_info',
  3 => 'base_user',
  4 => 'base_reqest',
  5 => 'form_fileds',
) ]
[ info ] [ LOG ] INIT File
[ error ] [8]未定义数组索引: placeholder[F:\site\fw\thinkphp_5.0.20\thinkphp\library\think\form\FormMake.php:144]
---------------------------------------------------------------
[ 2018-09-13T17:08:34+08:00 ] 127.0.0.1 GET /index/roster/add_form.html
[ info ] www.nyhr.com/index/roster/add_form.html [运行时间：0.132262s][吞吐率：7.56req/s] [内存消耗：1,540.85kb] [文件加载：40]
[ info ] [ LANG ] F:\site\fw\thinkphp_5.0.20\thinkphp\lang\zh-cn.php
[ info ] [ ROUTE ] array (
  'type' => 'module',
  'module' => 
  array (
    0 => 'index',
    1 => 'roster',
    2 => 'add_form',
  ),
)
[ info ] [ HEADER ] array (
  'host' => 'www.nyhr.com',
  'connection' => 'keep-alive',
  'cache-control' => 'max-age=0',
  'upgrade-insecure-requests' => '1',
  'user-agent' => 'Mozilla/5.0 (Windows NT 10.0; Win64; x64) AppleWebKit/537.36 (KHTML, like Gecko) Chrome/67.0.3396.99 Safari/537.36',
  'accept' => 'text/html,application/xhtml+xml,application/xml;q=0.9,image/webp,image/apng,*/*;q=0.8',
  'referer' => 'http://www.nyhr.com/index/roster/lists.html',
  'accept-encoding' => 'gzip, deflate',
  'accept-language' => 'zh-CN,zh;q=0.9',
  'cookie' => 'PHPSESSID=p850d4pv7r4qos6k3c9rqvfgn2',
)
[ info ] [ PARAM ] array (
)
[ info ] [ SESSION ] INIT array (
  'id' => '',
  'var_session_id' => '',
  'prefix' => 'think',
  'type' => '',
  'auto_start' => true,
)
[ info ] [ RUN ] app\index\controller\Base->add_form[ F:\site\nouya_rs\nyinside\index\controller\Base.php ]
[ info ] [ VIEW ] F:\site\nouya_rs\public/../nyinside/index\view\Page\main.html [ array (
  0 => 'pagegroup',
  1 => 'page_name',
  2 => 'base_info',
  3 => 'base_user',
  4 => 'base_reqest',
  5 => 'form_fileds',
) ]
[ info ] [ LOG ] INIT File
[ error ] [4]语法错误: unexpected '}'[F:\site\fw\thinkphp_5.0.20\thinkphp\library\think\form\FormMake.php:140]
---------------------------------------------------------------
[ 2018-09-13T17:08:47+08:00 ] 127.0.0.1 GET /index/roster/add_form.html
[ info ] www.nyhr.com/index/roster/add_form.html [运行时间：0.112992s][吞吐率：8.85req/s] [内存消耗：1,520.79kb] [文件加载：41]
[ info ] [ LANG ] F:\site\fw\thinkphp_5.0.20\thinkphp\lang\zh-cn.php
[ info ] [ ROUTE ] array (
  'type' => 'module',
  'module' => 
  array (
    0 => 'index',
    1 => 'roster',
    2 => 'add_form',
  ),
)
[ info ] [ HEADER ] array (
  'host' => 'www.nyhr.com',
  'connection' => 'keep-alive',
  'cache-control' => 'max-age=0',
  'upgrade-insecure-requests' => '1',
  'user-agent' => 'Mozilla/5.0 (Windows NT 10.0; Win64; x64) AppleWebKit/537.36 (KHTML, like Gecko) Chrome/67.0.3396.99 Safari/537.36',
  'accept' => 'text/html,application/xhtml+xml,application/xml;q=0.9,image/webp,image/apng,*/*;q=0.8',
  'referer' => 'http://www.nyhr.com/index/roster/lists.html',
  'accept-encoding' => 'gzip, deflate',
  'accept-language' => 'zh-CN,zh;q=0.9',
  'cookie' => 'PHPSESSID=p850d4pv7r4qos6k3c9rqvfgn2',
)
[ info ] [ PARAM ] array (
)
[ info ] [ SESSION ] INIT array (
  'id' => '',
  'var_session_id' => '',
  'prefix' => 'think',
  'type' => '',
  'auto_start' => true,
)
[ info ] [ RUN ] app\index\controller\Base->add_form[ F:\site\nouya_rs\nyinside\index\controller\Base.php ]
[ info ] [ VIEW ] F:\site\nouya_rs\public/../nyinside/index\view\Page\main.html [ array (
  0 => 'pagegroup',
  1 => 'page_name',
  2 => 'base_info',
  3 => 'base_user',
  4 => 'base_reqest',
  5 => 'form_fileds',
) ]
[ info ] [ LOG ] INIT File
[ error ] [8]未定义数组索引: placeholder[F:\site\fw\thinkphp_5.0.20\thinkphp\library\think\form\FormMake.php:151]
---------------------------------------------------------------
[ 2018-09-13T17:09:04+08:00 ] 127.0.0.1 GET /index/roster/add_form.html
[ info ] www.nyhr.com/index/roster/add_form.html [运行时间：0.183093s][吞吐率：5.46req/s] [内存消耗：1,520.37kb] [文件加载：41]
[ info ] [ LANG ] F:\site\fw\thinkphp_5.0.20\thinkphp\lang\zh-cn.php
[ info ] [ ROUTE ] array (
  'type' => 'module',
  'module' => 
  array (
    0 => 'index',
    1 => 'roster',
    2 => 'add_form',
  ),
)
[ info ] [ HEADER ] array (
  'host' => 'www.nyhr.com',
  'connection' => 'keep-alive',
  'cache-control' => 'max-age=0',
  'upgrade-insecure-requests' => '1',
  'user-agent' => 'Mozilla/5.0 (Windows NT 10.0; Win64; x64) AppleWebKit/537.36 (KHTML, like Gecko) Chrome/67.0.3396.99 Safari/537.36',
  'accept' => 'text/html,application/xhtml+xml,application/xml;q=0.9,image/webp,image/apng,*/*;q=0.8',
  'referer' => 'http://www.nyhr.com/index/roster/lists.html',
  'accept-encoding' => 'gzip, deflate',
  'accept-language' => 'zh-CN,zh;q=0.9',
  'cookie' => 'PHPSESSID=p850d4pv7r4qos6k3c9rqvfgn2',
)
[ info ] [ PARAM ] array (
)
[ info ] [ SESSION ] INIT array (
  'id' => '',
  'var_session_id' => '',
  'prefix' => 'think',
  'type' => '',
  'auto_start' => true,
)
[ info ] [ RUN ] app\index\controller\Base->add_form[ F:\site\nouya_rs\nyinside\index\controller\Base.php ]
[ info ] [ VIEW ] F:\site\nouya_rs\public/../nyinside/index\view\Page\main.html [ array (
  0 => 'pagegroup',
  1 => 'page_name',
  2 => 'base_info',
  3 => 'base_user',
  4 => 'base_reqest',
  5 => 'form_fileds',
) ]
[ info ] [ LOG ] INIT File
[ error ] [8]未定义变量: fi[F:\site\fw\thinkphp_5.0.20\thinkphp\library\think\form\FormMake.php:153]
---------------------------------------------------------------
[ 2018-09-13T17:09:44+08:00 ] 127.0.0.1 GET /index/roster/add_form.html
[ info ] www.nyhr.com/index/roster/add_form.html [运行时间：0.116084s][吞吐率：8.61req/s] [内存消耗：1,491.08kb] [文件加载：37]
[ info ] [ LANG ] F:\site\fw\thinkphp_5.0.20\thinkphp\lang\zh-cn.php
[ info ] [ ROUTE ] array (
  'type' => 'module',
  'module' => 
  array (
    0 => 'index',
    1 => 'roster',
    2 => 'add_form',
  ),
)
[ info ] [ HEADER ] array (
  'host' => 'www.nyhr.com',
  'connection' => 'keep-alive',
  'cache-control' => 'max-age=0',
  'upgrade-insecure-requests' => '1',
  'user-agent' => 'Mozilla/5.0 (Windows NT 10.0; Win64; x64) AppleWebKit/537.36 (KHTML, like Gecko) Chrome/67.0.3396.99 Safari/537.36',
  'accept' => 'text/html,application/xhtml+xml,application/xml;q=0.9,image/webp,image/apng,*/*;q=0.8',
  'referer' => 'http://www.nyhr.com/index/roster/lists.html',
  'accept-encoding' => 'gzip, deflate',
  'accept-language' => 'zh-CN,zh;q=0.9',
  'cookie' => 'PHPSESSID=p850d4pv7r4qos6k3c9rqvfgn2',
)
[ info ] [ PARAM ] array (
)
[ info ] [ SESSION ] INIT array (
  'id' => '',
  'var_session_id' => '',
  'prefix' => 'think',
  'type' => '',
  'auto_start' => true,
)
[ info ] [ RUN ] app\index\controller\Base->add_form[ F:\site\nouya_rs\nyinside\index\controller\Base.php ]
[ info ] [ VIEW ] F:\site\nouya_rs\public/../nyinside/index\view\Page\main.html [ array (
  0 => 'pagegroup',
  1 => 'page_name',
  2 => 'base_info',
  3 => 'base_user',
  4 => 'base_reqest',
  5 => 'form_fileds',
) ]
[ info ] [ LOG ] INIT File
---------------------------------------------------------------
[ 2018-09-13T17:12:54+08:00 ] 127.0.0.1 GET /index/roster/add_form.html
[ info ] www.nyhr.com/index/roster/add_form.html [运行时间：0.089595s][吞吐率：11.16req/s] [内存消耗：1,491.13kb] [文件加载：37]
[ info ] [ LANG ] F:\site\fw\thinkphp_5.0.20\thinkphp\lang\zh-cn.php
[ info ] [ ROUTE ] array (
  'type' => 'module',
  'module' => 
  array (
    0 => 'index',
    1 => 'roster',
    2 => 'add_form',
  ),
)
[ info ] [ HEADER ] array (
  'host' => 'www.nyhr.com',
  'connection' => 'keep-alive',
  'cache-control' => 'max-age=0',
  'upgrade-insecure-requests' => '1',
  'user-agent' => 'Mozilla/5.0 (Windows NT 10.0; Win64; x64) AppleWebKit/537.36 (KHTML, like Gecko) Chrome/67.0.3396.99 Safari/537.36',
  'accept' => 'text/html,application/xhtml+xml,application/xml;q=0.9,image/webp,image/apng,*/*;q=0.8',
  'referer' => 'http://www.nyhr.com/index/roster/lists.html',
  'accept-encoding' => 'gzip, deflate',
  'accept-language' => 'zh-CN,zh;q=0.9',
  'cookie' => 'PHPSESSID=p850d4pv7r4qos6k3c9rqvfgn2',
)
[ info ] [ PARAM ] array (
)
[ info ] [ SESSION ] INIT array (
  'id' => '',
  'var_session_id' => '',
  'prefix' => 'think',
  'type' => '',
  'auto_start' => true,
)
[ info ] [ RUN ] app\index\controller\Base->add_form[ F:\site\nouya_rs\nyinside\index\controller\Base.php ]
[ info ] [ VIEW ] F:\site\nouya_rs\public/../nyinside/index\view\Page\main.html [ array (
  0 => 'pagegroup',
  1 => 'page_name',
  2 => 'base_info',
  3 => 'base_user',
  4 => 'base_reqest',
  5 => 'form_fileds',
) ]
[ info ] [ LOG ] INIT File
---------------------------------------------------------------
[ 2018-09-13T17:15:31+08:00 ] 127.0.0.1 GET /index/roster/add_form.html
[ info ] www.nyhr.com/index/roster/add_form.html [运行时间：0.157524s][吞吐率：6.35req/s] [内存消耗：1,519.76kb] [文件加载：41]
[ info ] [ LANG ] F:\site\fw\thinkphp_5.0.20\thinkphp\lang\zh-cn.php
[ info ] [ ROUTE ] array (
  'type' => 'module',
  'module' => 
  array (
    0 => 'index',
    1 => 'roster',
    2 => 'add_form',
  ),
)
[ info ] [ HEADER ] array (
  'host' => 'www.nyhr.com',
  'connection' => 'keep-alive',
  'cache-control' => 'max-age=0',
  'upgrade-insecure-requests' => '1',
  'user-agent' => 'Mozilla/5.0 (Windows NT 10.0; Win64; x64) AppleWebKit/537.36 (KHTML, like Gecko) Chrome/67.0.3396.99 Safari/537.36',
  'accept' => 'text/html,application/xhtml+xml,application/xml;q=0.9,image/webp,image/apng,*/*;q=0.8',
  'referer' => 'http://www.nyhr.com/index/roster/lists.html',
  'accept-encoding' => 'gzip, deflate',
  'accept-language' => 'zh-CN,zh;q=0.9',
  'cookie' => 'PHPSESSID=p850d4pv7r4qos6k3c9rqvfgn2',
)
[ info ] [ PARAM ] array (
)
[ info ] [ SESSION ] INIT array (
  'id' => '',
  'var_session_id' => '',
  'prefix' => 'think',
  'type' => '',
  'auto_start' => true,
)
[ info ] [ RUN ] app\index\controller\Base->add_form[ F:\site\nouya_rs\nyinside\index\controller\Base.php ]
[ info ] [ VIEW ] F:\site\nouya_rs\public/../nyinside/index\view\Page\main.html [ array (
  0 => 'pagegroup',
  1 => 'page_name',
  2 => 'base_info',
  3 => 'base_user',
  4 => 'base_reqest',
  5 => 'form_fileds',
) ]
[ info ] [ LOG ] INIT File
[ error ] [8]未定义数组索引: view[F:\site\fw\thinkphp_5.0.20\thinkphp\library\think\form\FormMake.php:316]
---------------------------------------------------------------
[ 2018-09-13T17:19:02+08:00 ] 127.0.0.1 GET /index/roster/add_form.html
[ info ] www.nyhr.com/index/roster/add_form.html [运行时间：0.106449s][吞吐率：9.39req/s] [内存消耗：1,519.40kb] [文件加载：41]
[ info ] [ LANG ] F:\site\fw\thinkphp_5.0.20\thinkphp\lang\zh-cn.php
[ info ] [ ROUTE ] array (
  'type' => 'module',
  'module' => 
  array (
    0 => 'index',
    1 => 'roster',
    2 => 'add_form',
  ),
)
[ info ] [ HEADER ] array (
  'host' => 'www.nyhr.com',
  'connection' => 'keep-alive',
  'cache-control' => 'max-age=0',
  'upgrade-insecure-requests' => '1',
  'user-agent' => 'Mozilla/5.0 (Windows NT 10.0; Win64; x64) AppleWebKit/537.36 (KHTML, like Gecko) Chrome/67.0.3396.99 Safari/537.36',
  'accept' => 'text/html,application/xhtml+xml,application/xml;q=0.9,image/webp,image/apng,*/*;q=0.8',
  'referer' => 'http://www.nyhr.com/index/roster/lists.html',
  'accept-encoding' => 'gzip, deflate',
  'accept-language' => 'zh-CN,zh;q=0.9',
  'cookie' => 'PHPSESSID=p850d4pv7r4qos6k3c9rqvfgn2',
)
[ info ] [ PARAM ] array (
)
[ info ] [ SESSION ] INIT array (
  'id' => '',
  'var_session_id' => '',
  'prefix' => 'think',
  'type' => '',
  'auto_start' => true,
)
[ info ] [ RUN ] app\index\controller\Base->add_form[ F:\site\nouya_rs\nyinside\index\controller\Base.php ]
[ info ] [ VIEW ] F:\site\nouya_rs\public/../nyinside/index\view\Page\main.html [ array (
  0 => 'pagegroup',
  1 => 'page_name',
  2 => 'base_info',
  3 => 'base_user',
  4 => 'base_reqest',
  5 => 'form_fileds',
) ]
[ info ] [ LOG ] INIT File
[ error ] [8]未定义数组索引: view[F:\site\fw\thinkphp_5.0.20\thinkphp\library\think\form\FormMake.php:315]
---------------------------------------------------------------
[ 2018-09-13T17:29:35+08:00 ] 127.0.0.1 GET /index/roster/add_form.html
[ info ] www.nyhr.com/index/roster/add_form.html [运行时间：0.113111s][吞吐率：8.84req/s] [内存消耗：1,519.46kb] [文件加载：41]
[ info ] [ LANG ] F:\site\fw\thinkphp_5.0.20\thinkphp\lang\zh-cn.php
[ info ] [ ROUTE ] array (
  'type' => 'module',
  'module' => 
  array (
    0 => 'index',
    1 => 'roster',
    2 => 'add_form',
  ),
)
[ info ] [ HEADER ] array (
  'host' => 'www.nyhr.com',
  'connection' => 'keep-alive',
  'cache-control' => 'max-age=0',
  'upgrade-insecure-requests' => '1',
  'user-agent' => 'Mozilla/5.0 (Windows NT 10.0; Win64; x64) AppleWebKit/537.36 (KHTML, like Gecko) Chrome/67.0.3396.99 Safari/537.36',
  'accept' => 'text/html,application/xhtml+xml,application/xml;q=0.9,image/webp,image/apng,*/*;q=0.8',
  'referer' => 'http://www.nyhr.com/index/roster/lists.html',
  'accept-encoding' => 'gzip, deflate',
  'accept-language' => 'zh-CN,zh;q=0.9',
  'cookie' => 'PHPSESSID=p850d4pv7r4qos6k3c9rqvfgn2',
)
[ info ] [ PARAM ] array (
)
[ info ] [ SESSION ] INIT array (
  'id' => '',
  'var_session_id' => '',
  'prefix' => 'think',
  'type' => '',
  'auto_start' => true,
)
[ info ] [ RUN ] app\index\controller\Base->add_form[ F:\site\nouya_rs\nyinside\index\controller\Base.php ]
[ info ] [ VIEW ] F:\site\nouya_rs\public/../nyinside/index\view\Page\main.html [ array (
  0 => 'pagegroup',
  1 => 'page_name',
  2 => 'base_info',
  3 => 'base_user',
  4 => 'base_reqest',
  5 => 'form_fileds',
) ]
[ info ] [ LOG ] INIT File
[ error ] [8]未定义变量: fi[F:\site\fw\thinkphp_5.0.20\thinkphp\library\think\form\FormMake.php:315]
---------------------------------------------------------------
[ 2018-09-13T17:29:50+08:00 ] 127.0.0.1 GET /index/roster/add_form.html
[ info ] www.nyhr.com/index/roster/add_form.html [运行时间：0.088684s][吞吐率：11.28req/s] [内存消耗：1,519.41kb] [文件加载：41]
[ info ] [ LANG ] F:\site\fw\thinkphp_5.0.20\thinkphp\lang\zh-cn.php
[ info ] [ ROUTE ] array (
  'type' => 'module',
  'module' => 
  array (
    0 => 'index',
    1 => 'roster',
    2 => 'add_form',
  ),
)
[ info ] [ HEADER ] array (
  'host' => 'www.nyhr.com',
  'connection' => 'keep-alive',
  'cache-control' => 'max-age=0',
  'upgrade-insecure-requests' => '1',
  'user-agent' => 'Mozilla/5.0 (Windows NT 10.0; Win64; x64) AppleWebKit/537.36 (KHTML, like Gecko) Chrome/67.0.3396.99 Safari/537.36',
  'accept' => 'text/html,application/xhtml+xml,application/xml;q=0.9,image/webp,image/apng,*/*;q=0.8',
  'referer' => 'http://www.nyhr.com/index/roster/lists.html',
  'accept-encoding' => 'gzip, deflate',
  'accept-language' => 'zh-CN,zh;q=0.9',
  'cookie' => 'PHPSESSID=p850d4pv7r4qos6k3c9rqvfgn2',
)
[ info ] [ PARAM ] array (
)
[ info ] [ SESSION ] INIT array (
  'id' => '',
  'var_session_id' => '',
  'prefix' => 'think',
  'type' => '',
  'auto_start' => true,
)
[ info ] [ RUN ] app\index\controller\Base->add_form[ F:\site\nouya_rs\nyinside\index\controller\Base.php ]
[ info ] [ VIEW ] F:\site\nouya_rs\public/../nyinside/index\view\Page\main.html [ array (
  0 => 'pagegroup',
  1 => 'page_name',
  2 => 'base_info',
  3 => 'base_user',
  4 => 'base_reqest',
  5 => 'form_fileds',
) ]
[ info ] [ LOG ] INIT File
[ error ] [8]未定义变量: selected[F:\site\fw\thinkphp_5.0.20\thinkphp\library\think\form\FormMake.php:326]
---------------------------------------------------------------
[ 2018-09-13T17:30:11+08:00 ] 127.0.0.1 GET /index/roster/add_form.html
[ info ] www.nyhr.com/index/roster/add_form.html [运行时间：0.078406s][吞吐率：12.75req/s] [内存消耗：1,490.67kb] [文件加载：37]
[ info ] [ LANG ] F:\site\fw\thinkphp_5.0.20\thinkphp\lang\zh-cn.php
[ info ] [ ROUTE ] array (
  'type' => 'module',
  'module' => 
  array (
    0 => 'index',
    1 => 'roster',
    2 => 'add_form',
  ),
)
[ info ] [ HEADER ] array (
  'host' => 'www.nyhr.com',
  'connection' => 'keep-alive',
  'cache-control' => 'max-age=0',
  'upgrade-insecure-requests' => '1',
  'user-agent' => 'Mozilla/5.0 (Windows NT 10.0; Win64; x64) AppleWebKit/537.36 (KHTML, like Gecko) Chrome/67.0.3396.99 Safari/537.36',
  'accept' => 'text/html,application/xhtml+xml,application/xml;q=0.9,image/webp,image/apng,*/*;q=0.8',
  'referer' => 'http://www.nyhr.com/index/roster/lists.html',
  'accept-encoding' => 'gzip, deflate',
  'accept-language' => 'zh-CN,zh;q=0.9',
  'cookie' => 'PHPSESSID=p850d4pv7r4qos6k3c9rqvfgn2',
)
[ info ] [ PARAM ] array (
)
[ info ] [ SESSION ] INIT array (
  'id' => '',
  'var_session_id' => '',
  'prefix' => 'think',
  'type' => '',
  'auto_start' => true,
)
[ info ] [ RUN ] app\index\controller\Base->add_form[ F:\site\nouya_rs\nyinside\index\controller\Base.php ]
[ info ] [ VIEW ] F:\site\nouya_rs\public/../nyinside/index\view\Page\main.html [ array (
  0 => 'pagegroup',
  1 => 'page_name',
  2 => 'base_info',
  3 => 'base_user',
  4 => 'base_reqest',
  5 => 'form_fileds',
) ]
[ info ] [ LOG ] INIT File
---------------------------------------------------------------
[ 2018-09-13T17:30:30+08:00 ] 127.0.0.1 GET /index/roster/add_form.html
[ info ] www.nyhr.com/index/roster/add_form.html [运行时间：0.073528s][吞吐率：13.60req/s] [内存消耗：1,490.57kb] [文件加载：37]
[ info ] [ LANG ] F:\site\fw\thinkphp_5.0.20\thinkphp\lang\zh-cn.php
[ info ] [ ROUTE ] array (
  'type' => 'module',
  'module' => 
  array (
    0 => 'index',
    1 => 'roster',
    2 => 'add_form',
  ),
)
[ info ] [ HEADER ] array (
  'host' => 'www.nyhr.com',
  'connection' => 'keep-alive',
  'cache-control' => 'max-age=0',
  'upgrade-insecure-requests' => '1',
  'user-agent' => 'Mozilla/5.0 (Windows NT 10.0; Win64; x64) AppleWebKit/537.36 (KHTML, like Gecko) Chrome/67.0.3396.99 Safari/537.36',
  'accept' => 'text/html,application/xhtml+xml,application/xml;q=0.9,image/webp,image/apng,*/*;q=0.8',
  'referer' => 'http://www.nyhr.com/index/roster/lists.html',
  'accept-encoding' => 'gzip, deflate',
  'accept-language' => 'zh-CN,zh;q=0.9',
  'cookie' => 'PHPSESSID=p850d4pv7r4qos6k3c9rqvfgn2',
)
[ info ] [ PARAM ] array (
)
[ info ] [ SESSION ] INIT array (
  'id' => '',
  'var_session_id' => '',
  'prefix' => 'think',
  'type' => '',
  'auto_start' => true,
)
[ info ] [ RUN ] app\index\controller\Base->add_form[ F:\site\nouya_rs\nyinside\index\controller\Base.php ]
[ info ] [ VIEW ] F:\site\nouya_rs\public/../nyinside/index\view\Page\main.html [ array (
  0 => 'pagegroup',
  1 => 'page_name',
  2 => 'base_info',
  3 => 'base_user',
  4 => 'base_reqest',
  5 => 'form_fileds',
) ]
[ info ] [ LOG ] INIT File
