---------------------------------------------------------------
[ 2018-09-17T15:52:10+08:00 ] 127.0.0.1 GET /index/tables/index.html
[ info ] www.nyhr.com/index/tables/index.html [运行时间：0.104220s][吞吐率：9.60req/s] [内存消耗：1,301.69kb] [文件加载：32]
[ info ] [ LANG ] F:\site\fw\thinkphp_5.0.20\thinkphp\lang\zh-cn.php
[ info ] [ ROUTE ] array (
  'type' => 'module',
  'module' => 
  array (
    0 => 'index',
    1 => 'tables',
    2 => 'index',
  ),
)
[ info ] [ HEADER ] array (
  'host' => 'www.nyhr.com',
  'connection' => 'keep-alive',
  'cache-control' => 'max-age=0',
  'upgrade-insecure-requests' => '1',
  'user-agent' => 'Mozilla/5.0 (Windows NT 10.0; Win64; x64) AppleWebKit/537.36 (KHTML, like Gecko) Chrome/67.0.3396.99 Safari/537.36',
  'accept' => 'text/html,application/xhtml+xml,application/xml;q=0.9,image/webp,image/apng,*/*;q=0.8',
  'accept-encoding' => 'gzip, deflate',
  'accept-language' => 'zh-CN,zh;q=0.9',
  'cookie' => 'PHPSESSID=2s41pee578kfbm23kd3rhenp14',
)
[ info ] [ PARAM ] array (
)
[ info ] [ RUN ] app\index\controller\Tables->index[ F:\site\nouya_rs\nyinside\index\controller\Tables.php ]
[ info ] [ LOG ] INIT File
---------------------------------------------------------------
[ 2018-09-17T15:52:53+08:00 ] 127.0.0.1 GET /index/tables/index.html
[ info ] www.nyhr.com/index/tables/index.html [运行时间：0.130621s][吞吐率：7.66req/s] [内存消耗：1,302.35kb] [文件加载：33]
[ info ] [ LANG ] F:\site\fw\thinkphp_5.0.20\thinkphp\lang\zh-cn.php
[ info ] [ ROUTE ] array (
  'type' => 'module',
  'module' => 
  array (
    0 => 'index',
    1 => 'tables',
    2 => 'index',
  ),
)
[ info ] [ HEADER ] array (
  'host' => 'www.nyhr.com',
  'connection' => 'keep-alive',
  'cache-control' => 'max-age=0',
  'upgrade-insecure-requests' => '1',
  'user-agent' => 'Mozilla/5.0 (Windows NT 10.0; Win64; x64) AppleWebKit/537.36 (KHTML, like Gecko) Chrome/67.0.3396.99 Safari/537.36',
  'accept' => 'text/html,application/xhtml+xml,application/xml;q=0.9,image/webp,image/apng,*/*;q=0.8',
  'accept-encoding' => 'gzip, deflate',
  'accept-language' => 'zh-CN,zh;q=0.9',
  'cookie' => 'PHPSESSID=2s41pee578kfbm23kd3rhenp14',
)
[ info ] [ PARAM ] array (
)
[ info ] [ RUN ] app\index\controller\Tables->index[ F:\site\nouya_rs\nyinside\index\controller\Tables.php ]
[ info ] [ LOG ] INIT File
---------------------------------------------------------------
[ 2018-09-17T15:54:18+08:00 ] 127.0.0.1 GET /index/tables/index.html
[ info ] www.nyhr.com/index/tables/index.html [运行时间：0.136084s][吞吐率：7.35req/s] [内存消耗：1,333.45kb] [文件加载：34]
[ info ] [ LANG ] F:\site\fw\thinkphp_5.0.20\thinkphp\lang\zh-cn.php
[ info ] [ ROUTE ] array (
  'type' => 'module',
  'module' => 
  array (
    0 => 'index',
    1 => 'tables',
    2 => 'index',
  ),
)
[ info ] [ HEADER ] array (
  'host' => 'www.nyhr.com',
  'connection' => 'keep-alive',
  'cache-control' => 'max-age=0',
  'upgrade-insecure-requests' => '1',
  'user-agent' => 'Mozilla/5.0 (Windows NT 10.0; Win64; x64) AppleWebKit/537.36 (KHTML, like Gecko) Chrome/67.0.3396.99 Safari/537.36',
  'accept' => 'text/html,application/xhtml+xml,application/xml;q=0.9,image/webp,image/apng,*/*;q=0.8',
  'accept-encoding' => 'gzip, deflate',
  'accept-language' => 'zh-CN,zh;q=0.9',
  'cookie' => 'PHPSESSID=2s41pee578kfbm23kd3rhenp14',
)
[ info ] [ PARAM ] array (
)
[ info ] [ RUN ] app\index\controller\Tables->index[ F:\site\nouya_rs\nyinside\index\controller\Tables.php ]
[ info ] [ LOG ] INIT File
---------------------------------------------------------------
[ 2018-09-17T15:55:56+08:00 ] 127.0.0.1 GET /index/tables/index.html
[ info ] www.nyhr.com/index/tables/index.html [运行时间：0.153302s][吞吐率：6.52req/s] [内存消耗：1,333.98kb] [文件加载：34]
[ info ] [ LANG ] F:\site\fw\thinkphp_5.0.20\thinkphp\lang\zh-cn.php
[ info ] [ ROUTE ] array (
  'type' => 'module',
  'module' => 
  array (
    0 => 'index',
    1 => 'tables',
    2 => 'index',
  ),
)
[ info ] [ HEADER ] array (
  'host' => 'www.nyhr.com',
  'connection' => 'keep-alive',
  'cache-control' => 'max-age=0',
  'upgrade-insecure-requests' => '1',
  'user-agent' => 'Mozilla/5.0 (Windows NT 10.0; Win64; x64) AppleWebKit/537.36 (KHTML, like Gecko) Chrome/67.0.3396.99 Safari/537.36',
  'accept' => 'text/html,application/xhtml+xml,application/xml;q=0.9,image/webp,image/apng,*/*;q=0.8',
  'accept-encoding' => 'gzip, deflate',
  'accept-language' => 'zh-CN,zh;q=0.9',
  'cookie' => 'PHPSESSID=2s41pee578kfbm23kd3rhenp14',
)
[ info ] [ PARAM ] array (
)
[ info ] [ RUN ] app\index\controller\Tables->index[ F:\site\nouya_rs\nyinside\index\controller\Tables.php ]
[ info ] [ LOG ] INIT File
---------------------------------------------------------------
[ 2018-09-17T15:56:07+08:00 ] 127.0.0.1 GET /index/tables/index.html
[ info ] www.nyhr.com/index/tables/index.html [运行时间：0.094563s][吞吐率：10.57req/s] [内存消耗：1,333.98kb] [文件加载：34]
[ info ] [ LANG ] F:\site\fw\thinkphp_5.0.20\thinkphp\lang\zh-cn.php
[ info ] [ ROUTE ] array (
  'type' => 'module',
  'module' => 
  array (
    0 => 'index',
    1 => 'tables',
    2 => 'index',
  ),
)
[ info ] [ HEADER ] array (
  'host' => 'www.nyhr.com',
  'connection' => 'keep-alive',
  'cache-control' => 'max-age=0',
  'upgrade-insecure-requests' => '1',
  'user-agent' => 'Mozilla/5.0 (Windows NT 10.0; Win64; x64) AppleWebKit/537.36 (KHTML, like Gecko) Chrome/67.0.3396.99 Safari/537.36',
  'accept' => 'text/html,application/xhtml+xml,application/xml;q=0.9,image/webp,image/apng,*/*;q=0.8',
  'accept-encoding' => 'gzip, deflate',
  'accept-language' => 'zh-CN,zh;q=0.9',
  'cookie' => 'PHPSESSID=2s41pee578kfbm23kd3rhenp14',
)
[ info ] [ PARAM ] array (
)
[ info ] [ RUN ] app\index\controller\Tables->index[ F:\site\nouya_rs\nyinside\index\controller\Tables.php ]
[ info ] [ LOG ] INIT File
---------------------------------------------------------------
[ 2018-09-17T15:56:07+08:00 ] 127.0.0.1 GET /index/tables/index.html
[ info ] www.nyhr.com/index/tables/index.html [运行时间：0.084314s][吞吐率：11.86req/s] [内存消耗：1,333.98kb] [文件加载：34]
[ info ] [ LANG ] F:\site\fw\thinkphp_5.0.20\thinkphp\lang\zh-cn.php
[ info ] [ ROUTE ] array (
  'type' => 'module',
  'module' => 
  array (
    0 => 'index',
    1 => 'tables',
    2 => 'index',
  ),
)
[ info ] [ HEADER ] array (
  'host' => 'www.nyhr.com',
  'connection' => 'keep-alive',
  'cache-control' => 'max-age=0',
  'upgrade-insecure-requests' => '1',
  'user-agent' => 'Mozilla/5.0 (Windows NT 10.0; Win64; x64) AppleWebKit/537.36 (KHTML, like Gecko) Chrome/67.0.3396.99 Safari/537.36',
  'accept' => 'text/html,application/xhtml+xml,application/xml;q=0.9,image/webp,image/apng,*/*;q=0.8',
  'accept-encoding' => 'gzip, deflate',
  'accept-language' => 'zh-CN,zh;q=0.9',
  'cookie' => 'PHPSESSID=2s41pee578kfbm23kd3rhenp14',
)
[ info ] [ PARAM ] array (
)
[ info ] [ RUN ] app\index\controller\Tables->index[ F:\site\nouya_rs\nyinside\index\controller\Tables.php ]
[ info ] [ LOG ] INIT File
---------------------------------------------------------------
[ 2018-09-17T15:56:08+08:00 ] 127.0.0.1 GET /index/tables/index.html
[ info ] www.nyhr.com/index/tables/index.html [运行时间：0.091228s][吞吐率：10.96req/s] [内存消耗：1,333.98kb] [文件加载：34]
[ info ] [ LANG ] F:\site\fw\thinkphp_5.0.20\thinkphp\lang\zh-cn.php
[ info ] [ ROUTE ] array (
  'type' => 'module',
  'module' => 
  array (
    0 => 'index',
    1 => 'tables',
    2 => 'index',
  ),
)
[ info ] [ HEADER ] array (
  'host' => 'www.nyhr.com',
  'connection' => 'keep-alive',
  'cache-control' => 'max-age=0',
  'upgrade-insecure-requests' => '1',
  'user-agent' => 'Mozilla/5.0 (Windows NT 10.0; Win64; x64) AppleWebKit/537.36 (KHTML, like Gecko) Chrome/67.0.3396.99 Safari/537.36',
  'accept' => 'text/html,application/xhtml+xml,application/xml;q=0.9,image/webp,image/apng,*/*;q=0.8',
  'accept-encoding' => 'gzip, deflate',
  'accept-language' => 'zh-CN,zh;q=0.9',
  'cookie' => 'PHPSESSID=2s41pee578kfbm23kd3rhenp14',
)
[ info ] [ PARAM ] array (
)
[ info ] [ RUN ] app\index\controller\Tables->index[ F:\site\nouya_rs\nyinside\index\controller\Tables.php ]
[ info ] [ LOG ] INIT File
---------------------------------------------------------------
[ 2018-09-17T15:56:45+08:00 ] 127.0.0.1 GET /index/tables/index.html
[ info ] www.nyhr.com/index/tables/index.html [运行时间：0.104673s][吞吐率：9.55req/s] [内存消耗：1,333.98kb] [文件加载：34]
[ info ] [ LANG ] F:\site\fw\thinkphp_5.0.20\thinkphp\lang\zh-cn.php
[ info ] [ ROUTE ] array (
  'type' => 'module',
  'module' => 
  array (
    0 => 'index',
    1 => 'tables',
    2 => 'index',
  ),
)
[ info ] [ HEADER ] array (
  'host' => 'www.nyhr.com',
  'connection' => 'keep-alive',
  'cache-control' => 'max-age=0',
  'upgrade-insecure-requests' => '1',
  'user-agent' => 'Mozilla/5.0 (Windows NT 10.0; Win64; x64) AppleWebKit/537.36 (KHTML, like Gecko) Chrome/67.0.3396.99 Safari/537.36',
  'accept' => 'text/html,application/xhtml+xml,application/xml;q=0.9,image/webp,image/apng,*/*;q=0.8',
  'accept-encoding' => 'gzip, deflate',
  'accept-language' => 'zh-CN,zh;q=0.9',
  'cookie' => 'PHPSESSID=2s41pee578kfbm23kd3rhenp14',
)
[ info ] [ PARAM ] array (
)
[ info ] [ RUN ] app\index\controller\Tables->index[ F:\site\nouya_rs\nyinside\index\controller\Tables.php ]
[ info ] [ LOG ] INIT File
---------------------------------------------------------------
[ 2018-09-17T15:56:46+08:00 ] 127.0.0.1 GET /index/tables/index.html
[ info ] www.nyhr.com/index/tables/index.html [运行时间：0.085385s][吞吐率：11.71req/s] [内存消耗：1,333.98kb] [文件加载：34]
[ info ] [ LANG ] F:\site\fw\thinkphp_5.0.20\thinkphp\lang\zh-cn.php
[ info ] [ ROUTE ] array (
  'type' => 'module',
  'module' => 
  array (
    0 => 'index',
    1 => 'tables',
    2 => 'index',
  ),
)
[ info ] [ HEADER ] array (
  'host' => 'www.nyhr.com',
  'connection' => 'keep-alive',
  'cache-control' => 'max-age=0',
  'upgrade-insecure-requests' => '1',
  'user-agent' => 'Mozilla/5.0 (Windows NT 10.0; Win64; x64) AppleWebKit/537.36 (KHTML, like Gecko) Chrome/67.0.3396.99 Safari/537.36',
  'accept' => 'text/html,application/xhtml+xml,application/xml;q=0.9,image/webp,image/apng,*/*;q=0.8',
  'accept-encoding' => 'gzip, deflate',
  'accept-language' => 'zh-CN,zh;q=0.9',
  'cookie' => 'PHPSESSID=2s41pee578kfbm23kd3rhenp14',
)
[ info ] [ PARAM ] array (
)
[ info ] [ RUN ] app\index\controller\Tables->index[ F:\site\nouya_rs\nyinside\index\controller\Tables.php ]
[ info ] [ LOG ] INIT File
---------------------------------------------------------------
[ 2018-09-17T15:56:58+08:00 ] 127.0.0.1 GET /index/tables/index.html
[ info ] www.nyhr.com/index/tables/index.html [运行时间：0.146212s][吞吐率：6.84req/s] [内存消耗：1,333.80kb] [文件加载：34]
[ info ] [ LANG ] F:\site\fw\thinkphp_5.0.20\thinkphp\lang\zh-cn.php
[ info ] [ ROUTE ] array (
  'type' => 'module',
  'module' => 
  array (
    0 => 'index',
    1 => 'tables',
    2 => 'index',
  ),
)
[ info ] [ HEADER ] array (
  'host' => 'www.nyhr.com',
  'connection' => 'keep-alive',
  'cache-control' => 'max-age=0',
  'upgrade-insecure-requests' => '1',
  'user-agent' => 'Mozilla/5.0 (Windows NT 10.0; Win64; x64) AppleWebKit/537.36 (KHTML, like Gecko) Chrome/67.0.3396.99 Safari/537.36',
  'accept' => 'text/html,application/xhtml+xml,application/xml;q=0.9,image/webp,image/apng,*/*;q=0.8',
  'accept-encoding' => 'gzip, deflate',
  'accept-language' => 'zh-CN,zh;q=0.9',
  'cookie' => 'PHPSESSID=2s41pee578kfbm23kd3rhenp14',
)
[ info ] [ PARAM ] array (
)
[ info ] [ RUN ] app\index\controller\Tables->index[ F:\site\nouya_rs\nyinside\index\controller\Tables.php ]
[ info ] [ LOG ] INIT File
---------------------------------------------------------------
[ 2018-09-17T16:39:27+08:00 ] 127.0.0.1 GET /index/tables/index.html
[ info ] www.nyhr.com/index/tables/index.html [运行时间：0.103671s][吞吐率：9.65req/s] [内存消耗：1,266.34kb] [文件加载：32]
[ info ] [ LANG ] F:\site\fw\thinkphp_5.0.20\thinkphp\lang\zh-cn.php
[ info ] [ ROUTE ] array (
  'type' => 'module',
  'module' => 
  array (
    0 => 'index',
    1 => 'tables',
    2 => 'index',
  ),
)
[ info ] [ HEADER ] array (
  'host' => 'www.nyhr.com',
  'connection' => 'keep-alive',
  'cache-control' => 'max-age=0',
  'upgrade-insecure-requests' => '1',
  'user-agent' => 'Mozilla/5.0 (Windows NT 10.0; Win64; x64) AppleWebKit/537.36 (KHTML, like Gecko) Chrome/67.0.3396.99 Safari/537.36',
  'accept' => 'text/html,application/xhtml+xml,application/xml;q=0.9,image/webp,image/apng,*/*;q=0.8',
  'accept-encoding' => 'gzip, deflate',
  'accept-language' => 'zh-CN,zh;q=0.9',
  'cookie' => 'PHPSESSID=2s41pee578kfbm23kd3rhenp14',
)
[ info ] [ PARAM ] array (
)
[ info ] [ RUN ] app\index\controller\Tables->index[ F:\site\nouya_rs\nyinside\index\controller\Tables.php ]
[ info ] [ LOG ] INIT File
---------------------------------------------------------------
[ 2018-09-17T16:45:42+08:00 ] 127.0.0.1 GET /index/tables/index.html
[ info ] www.nyhr.com/index/tables/index.html [运行时间：0.157387s][吞吐率：6.35req/s] [内存消耗：1,357.07kb] [文件加载：37]
[ info ] [ LANG ] F:\site\fw\thinkphp_5.0.20\thinkphp\lang\zh-cn.php
[ info ] [ ROUTE ] array (
  'type' => 'module',
  'module' => 
  array (
    0 => 'index',
    1 => 'tables',
    2 => 'index',
  ),
)
[ info ] [ HEADER ] array (
  'host' => 'www.nyhr.com',
  'connection' => 'keep-alive',
  'cache-control' => 'max-age=0',
  'upgrade-insecure-requests' => '1',
  'user-agent' => 'Mozilla/5.0 (Windows NT 10.0; Win64; x64) AppleWebKit/537.36 (KHTML, like Gecko) Chrome/67.0.3396.99 Safari/537.36',
  'accept' => 'text/html,application/xhtml+xml,application/xml;q=0.9,image/webp,image/apng,*/*;q=0.8',
  'accept-encoding' => 'gzip, deflate',
  'accept-language' => 'zh-CN,zh;q=0.9',
  'cookie' => 'PHPSESSID=2s41pee578kfbm23kd3rhenp14',
)
[ info ] [ PARAM ] array (
)
[ info ] [ RUN ] app\index\controller\Tables->index[ F:\site\nouya_rs\nyinside\index\controller\Tables.php ]
[ info ] [ LOG ] INIT File
[ error ] [8]未定义变量: PREFIX[F:\site\nouya_rs\nyinside\index\controller\Tables.php:34]
---------------------------------------------------------------
[ 2018-09-17T16:46:25+08:00 ] 127.0.0.1 GET /index/tables/index.html
[ info ] www.nyhr.com/index/tables/index.html [运行时间：0.127073s][吞吐率：7.87req/s] [内存消耗：1,356.98kb] [文件加载：37]
[ info ] [ LANG ] F:\site\fw\thinkphp_5.0.20\thinkphp\lang\zh-cn.php
[ info ] [ ROUTE ] array (
  'type' => 'module',
  'module' => 
  array (
    0 => 'index',
    1 => 'tables',
    2 => 'index',
  ),
)
[ info ] [ HEADER ] array (
  'host' => 'www.nyhr.com',
  'connection' => 'keep-alive',
  'cache-control' => 'max-age=0',
  'upgrade-insecure-requests' => '1',
  'user-agent' => 'Mozilla/5.0 (Windows NT 10.0; Win64; x64) AppleWebKit/537.36 (KHTML, like Gecko) Chrome/67.0.3396.99 Safari/537.36',
  'accept' => 'text/html,application/xhtml+xml,application/xml;q=0.9,image/webp,image/apng,*/*;q=0.8',
  'accept-encoding' => 'gzip, deflate',
  'accept-language' => 'zh-CN,zh;q=0.9',
  'cookie' => 'PHPSESSID=2s41pee578kfbm23kd3rhenp14',
)
[ info ] [ PARAM ] array (
)
[ info ] [ RUN ] app\index\controller\Tables->index[ F:\site\nouya_rs\nyinside\index\controller\Tables.php ]
[ info ] [ LOG ] INIT File
[ error ] [8]未定义变量: Model[F:\site\nouya_rs\nyinside\index\controller\Tables.php:90]
---------------------------------------------------------------
[ 2018-09-17T16:46:48+08:00 ] 127.0.0.1 GET /index/tables/index.html
[ info ] www.nyhr.com/index/tables/index.html [运行时间：0.159981s][吞吐率：6.25req/s] [内存消耗：1,376.02kb] [文件加载：37]
[ info ] [ LANG ] F:\site\fw\thinkphp_5.0.20\thinkphp\lang\zh-cn.php
[ info ] [ ROUTE ] array (
  'type' => 'module',
  'module' => 
  array (
    0 => 'index',
    1 => 'tables',
    2 => 'index',
  ),
)
[ info ] [ HEADER ] array (
  'host' => 'www.nyhr.com',
  'connection' => 'keep-alive',
  'cache-control' => 'max-age=0',
  'upgrade-insecure-requests' => '1',
  'user-agent' => 'Mozilla/5.0 (Windows NT 10.0; Win64; x64) AppleWebKit/537.36 (KHTML, like Gecko) Chrome/67.0.3396.99 Safari/537.36',
  'accept' => 'text/html,application/xhtml+xml,application/xml;q=0.9,image/webp,image/apng,*/*;q=0.8',
  'accept-encoding' => 'gzip, deflate',
  'accept-language' => 'zh-CN,zh;q=0.9',
  'cookie' => 'PHPSESSID=2s41pee578kfbm23kd3rhenp14',
)
[ info ] [ PARAM ] array (
)
[ info ] [ RUN ] app\index\controller\Tables->index[ F:\site\nouya_rs\nyinside\index\controller\Tables.php ]
[ info ] [ LOG ] INIT File
[ error ] [1]Class 'app\index\controller\Db' not found[F:\site\nouya_rs\nyinside\index\controller\Tables.php:90]
---------------------------------------------------------------
[ 2018-09-17T16:47:19+08:00 ] 127.0.0.1 GET /index/tables/index.html
[ info ] www.nyhr.com/index/tables/index.html [运行时间：0.140204s][吞吐率：7.13req/s] [内存消耗：1,356.85kb] [文件加载：37]
[ info ] [ LANG ] F:\site\fw\thinkphp_5.0.20\thinkphp\lang\zh-cn.php
[ info ] [ ROUTE ] array (
  'type' => 'module',
  'module' => 
  array (
    0 => 'index',
    1 => 'tables',
    2 => 'index',
  ),
)
[ info ] [ HEADER ] array (
  'host' => 'www.nyhr.com',
  'connection' => 'keep-alive',
  'cache-control' => 'max-age=0',
  'upgrade-insecure-requests' => '1',
  'user-agent' => 'Mozilla/5.0 (Windows NT 10.0; Win64; x64) AppleWebKit/537.36 (KHTML, like Gecko) Chrome/67.0.3396.99 Safari/537.36',
  'accept' => 'text/html,application/xhtml+xml,application/xml;q=0.9,image/webp,image/apng,*/*;q=0.8',
  'accept-encoding' => 'gzip, deflate',
  'accept-language' => 'zh-CN,zh;q=0.9',
  'cookie' => 'PHPSESSID=2s41pee578kfbm23kd3rhenp14',
)
[ info ] [ PARAM ] array (
)
[ info ] [ RUN ] app\index\controller\Tables->index[ F:\site\nouya_rs\nyinside\index\controller\Tables.php ]
[ info ] [ LOG ] INIT File
[ error ] [8]未定义数组索引: ALTER[F:\site\nouya_rs\nyinside\index\controller\Tables.php:33]
---------------------------------------------------------------
[ 2018-09-17T16:47:55+08:00 ] 127.0.0.1 GET /index/tables/index.html
[ info ] www.nyhr.com/index/tables/index.html [运行时间：0.111467s][吞吐率：8.97req/s] [内存消耗：1,275.43kb] [文件加载：32]
[ info ] [ LANG ] F:\site\fw\thinkphp_5.0.20\thinkphp\lang\zh-cn.php
[ info ] [ ROUTE ] array (
  'type' => 'module',
  'module' => 
  array (
    0 => 'index',
    1 => 'tables',
    2 => 'index',
  ),
)
[ info ] [ HEADER ] array (
  'host' => 'www.nyhr.com',
  'connection' => 'keep-alive',
  'cache-control' => 'max-age=0',
  'upgrade-insecure-requests' => '1',
  'user-agent' => 'Mozilla/5.0 (Windows NT 10.0; Win64; x64) AppleWebKit/537.36 (KHTML, like Gecko) Chrome/67.0.3396.99 Safari/537.36',
  'accept' => 'text/html,application/xhtml+xml,application/xml;q=0.9,image/webp,image/apng,*/*;q=0.8',
  'accept-encoding' => 'gzip, deflate',
  'accept-language' => 'zh-CN,zh;q=0.9',
  'cookie' => 'PHPSESSID=2s41pee578kfbm23kd3rhenp14',
)
[ info ] [ PARAM ] array (
)
[ info ] [ RUN ] app\index\controller\Tables->index[ F:\site\nouya_rs\nyinside\index\controller\Tables.php ]
[ info ] [ LOG ] INIT File
---------------------------------------------------------------
[ 2018-09-17T17:09:57+08:00 ] 127.0.0.1 GET /index/tables/index.html
[ info ] www.nyhr.com/index/tables/index.html [运行时间：0.138644s][吞吐率：7.21req/s] [内存消耗：1,357.40kb] [文件加载：37]
[ info ] [ LANG ] F:\site\fw\thinkphp_5.0.20\thinkphp\lang\zh-cn.php
[ info ] [ ROUTE ] array (
  'type' => 'module',
  'module' => 
  array (
    0 => 'index',
    1 => 'tables',
    2 => 'index',
  ),
)
[ info ] [ HEADER ] array (
  'host' => 'www.nyhr.com',
  'connection' => 'keep-alive',
  'cache-control' => 'max-age=0',
  'upgrade-insecure-requests' => '1',
  'user-agent' => 'Mozilla/5.0 (Windows NT 10.0; Win64; x64) AppleWebKit/537.36 (KHTML, like Gecko) Chrome/67.0.3396.99 Safari/537.36',
  'accept' => 'text/html,application/xhtml+xml,application/xml;q=0.9,image/webp,image/apng,*/*;q=0.8',
  'accept-encoding' => 'gzip, deflate',
  'accept-language' => 'zh-CN,zh;q=0.9',
  'cookie' => 'PHPSESSID=2s41pee578kfbm23kd3rhenp14',
)
[ info ] [ PARAM ] array (
)
[ info ] [ RUN ] app\index\controller\Tables->index[ F:\site\nouya_rs\nyinside\index\controller\Tables.php ]
[ info ] [ LOG ] INIT File
[ error ] [8]Use of undefined constant Db - assumed 'Db'[F:\site\nouya_rs\nyinside\index\controller\Tables.php:90]
---------------------------------------------------------------
[ 2018-09-17T17:16:10+08:00 ] 127.0.0.1 GET /index/tables/index.html
[ info ] www.nyhr.com/index/tables/index.html [运行时间：0.101526s][吞吐率：9.85req/s] [内存消耗：1,376.05kb] [文件加载：37]
[ info ] [ LANG ] F:\site\fw\thinkphp_5.0.20\thinkphp\lang\zh-cn.php
[ info ] [ ROUTE ] array (
  'type' => 'module',
  'module' => 
  array (
    0 => 'index',
    1 => 'tables',
    2 => 'index',
  ),
)
[ info ] [ HEADER ] array (
  'host' => 'www.nyhr.com',
  'connection' => 'keep-alive',
  'cache-control' => 'max-age=0',
  'upgrade-insecure-requests' => '1',
  'user-agent' => 'Mozilla/5.0 (Windows NT 10.0; Win64; x64) AppleWebKit/537.36 (KHTML, like Gecko) Chrome/67.0.3396.99 Safari/537.36',
  'accept' => 'text/html,application/xhtml+xml,application/xml;q=0.9,image/webp,image/apng,*/*;q=0.8',
  'accept-encoding' => 'gzip, deflate',
  'accept-language' => 'zh-CN,zh;q=0.9',
  'cookie' => 'PHPSESSID=2s41pee578kfbm23kd3rhenp14',
)
[ info ] [ PARAM ] array (
)
[ info ] [ RUN ] app\index\controller\Tables->index[ F:\site\nouya_rs\nyinside\index\controller\Tables.php ]
[ info ] [ LOG ] INIT File
[ error ] [1]Class 'app\index\controller\Db' not found[F:\site\nouya_rs\nyinside\index\controller\Tables.php:92]
---------------------------------------------------------------
[ 2018-09-17T17:18:51+08:00 ] 127.0.0.1 GET /index/tables/index.html
[ info ] www.nyhr.com/index/tables/index.html [运行时间：0.131677s][吞吐率：7.59req/s] [内存消耗：1,578.69kb] [文件加载：42]
[ info ] [ LANG ] F:\site\fw\thinkphp_5.0.20\thinkphp\lang\zh-cn.php
[ info ] [ ROUTE ] array (
  'type' => 'module',
  'module' => 
  array (
    0 => 'index',
    1 => 'tables',
    2 => 'index',
  ),
)
[ info ] [ HEADER ] array (
  'host' => 'www.nyhr.com',
  'connection' => 'keep-alive',
  'cache-control' => 'max-age=0',
  'upgrade-insecure-requests' => '1',
  'user-agent' => 'Mozilla/5.0 (Windows NT 10.0; Win64; x64) AppleWebKit/537.36 (KHTML, like Gecko) Chrome/67.0.3396.99 Safari/537.36',
  'accept' => 'text/html,application/xhtml+xml,application/xml;q=0.9,image/webp,image/apng,*/*;q=0.8',
  'accept-encoding' => 'gzip, deflate',
  'accept-language' => 'zh-CN,zh;q=0.9',
  'cookie' => 'PHPSESSID=2s41pee578kfbm23kd3rhenp14',
)
[ info ] [ PARAM ] array (
)
[ info ] [ RUN ] app\index\controller\Tables->index[ F:\site\nouya_rs\nyinside\index\controller\Tables.php ]
[ info ] [ DB ] INIT mysql
[ info ] [ LOG ] INIT File
[ sql ] [ DB ] CONNECT:[ UseTime:0.006199s ] mysql:host=127.0.0.1;dbname=nyrs;charset=utf8
[ error ] [10501]SQLSTATE[42000]: Syntax error or access violation: 1064 You have an error in your SQL syntax; check the manual that corresponds to your MariaDB server version for the right syntax to use near 'CREATE TABLE IF NOT EXISTS `suggests` (`id` int(10) NOT NULL AUTO_INCREMENT,`no`' at line 1[F:\site\fw\thinkphp_5.0.20\thinkphp\library\think\db\Connection.php:463]
---------------------------------------------------------------
[ 2018-09-17T17:20:02+08:00 ] 127.0.0.1 GET /index/tables/index.html
[ info ] www.nyhr.com/index/tables/index.html [运行时间：0.102678s][吞吐率：9.74req/s] [内存消耗：1,275.43kb] [文件加载：32]
[ info ] [ LANG ] F:\site\fw\thinkphp_5.0.20\thinkphp\lang\zh-cn.php
[ info ] [ ROUTE ] array (
  'type' => 'module',
  'module' => 
  array (
    0 => 'index',
    1 => 'tables',
    2 => 'index',
  ),
)
[ info ] [ HEADER ] array (
  'host' => 'www.nyhr.com',
  'connection' => 'keep-alive',
  'cache-control' => 'max-age=0',
  'upgrade-insecure-requests' => '1',
  'user-agent' => 'Mozilla/5.0 (Windows NT 10.0; Win64; x64) AppleWebKit/537.36 (KHTML, like Gecko) Chrome/67.0.3396.99 Safari/537.36',
  'accept' => 'text/html,application/xhtml+xml,application/xml;q=0.9,image/webp,image/apng,*/*;q=0.8',
  'accept-encoding' => 'gzip, deflate',
  'accept-language' => 'zh-CN,zh;q=0.9',
  'cookie' => 'PHPSESSID=2s41pee578kfbm23kd3rhenp14',
)
[ info ] [ PARAM ] array (
)
[ info ] [ RUN ] app\index\controller\Tables->index[ F:\site\nouya_rs\nyinside\index\controller\Tables.php ]
[ info ] [ LOG ] INIT File
---------------------------------------------------------------
[ 2018-09-17T17:22:18+08:00 ] 127.0.0.1 GET /index/tables/index.html
[ info ] www.nyhr.com/index/tables/index.html [运行时间：0.300644s][吞吐率：3.33req/s] [内存消耗：1,578.69kb] [文件加载：42]
[ info ] [ LANG ] F:\site\fw\thinkphp_5.0.20\thinkphp\lang\zh-cn.php
[ info ] [ ROUTE ] array (
  'type' => 'module',
  'module' => 
  array (
    0 => 'index',
    1 => 'tables',
    2 => 'index',
  ),
)
[ info ] [ HEADER ] array (
  'host' => 'www.nyhr.com',
  'connection' => 'keep-alive',
  'cache-control' => 'max-age=0',
  'upgrade-insecure-requests' => '1',
  'user-agent' => 'Mozilla/5.0 (Windows NT 10.0; Win64; x64) AppleWebKit/537.36 (KHTML, like Gecko) Chrome/67.0.3396.99 Safari/537.36',
  'accept' => 'text/html,application/xhtml+xml,application/xml;q=0.9,image/webp,image/apng,*/*;q=0.8',
  'accept-encoding' => 'gzip, deflate',
  'accept-language' => 'zh-CN,zh;q=0.9',
  'cookie' => 'PHPSESSID=2s41pee578kfbm23kd3rhenp14',
)
[ info ] [ PARAM ] array (
)
[ info ] [ RUN ] app\index\controller\Tables->index[ F:\site\nouya_rs\nyinside\index\controller\Tables.php ]
[ info ] [ DB ] INIT mysql
[ info ] [ LOG ] INIT File
[ sql ] [ DB ] CONNECT:[ UseTime:0.032339s ] mysql:host=127.0.0.1;dbname=nyrs;charset=utf8
[ error ] [10501]SQLSTATE[42000]: Syntax error or access violation: 1064 You have an error in your SQL syntax; check the manual that corresponds to your MariaDB server version for the right syntax to use near 'CREATE TABLE IF NOT EXISTS `suggests` (`id` int(10) NOT NULL AUTO_INCREMENT,`no`' at line 1[F:\site\fw\thinkphp_5.0.20\thinkphp\library\think\db\Connection.php:463]
